TN:
SF:api\ads\config\route.ts
FN:21,GET
FN:75,POST
FNF:2
FNH:0
FNDA:0,GET
FNDA:0,POST
DA:1,0
DA:2,0
DA:3,0
DA:21,0
DA:22,0
DA:23,0
DA:25,0
DA:28,0
DA:29,0
DA:30,0
DA:33,0
DA:35,0
DA:42,0
DA:49,0
DA:50,0
DA:51,0
DA:54,0
DA:58,0
DA:66,0
DA:67,0
DA:75,0
DA:76,0
LF:22
LH:0
BRDA:29,0,0,0
BRDA:29,0,1,0
BRDA:30,1,0,0
BRDA:30,1,1,0
BRDA:37,2,0,0
BRDA:37,2,1,0
BRF:6
BRH:0
end_of_record
TN:
SF:api\ads\metrics\route.ts
FN:23,(anonymous_4)
FN:31,(anonymous_5)
FN:52,anonymizeUserId
FN:79,POST
FN:141,GET
FNF:5
FNH:0
FNDA:0,(anonymous_4)
FNDA:0,(anonymous_5)
FNDA:0,anonymizeUserId
FNDA:0,POST
FNDA:0,GET
DA:1,0
DA:2,0
DA:3,0
DA:4,0
DA:5,0
DA:6,0
DA:7,0
DA:14,0
DA:24,0
DA:25,0
DA:28,0
DA:31,0
DA:34,0
DA:36,0
DA:37,0
DA:38,0
DA:41,0
DA:45,0
DA:53,0
DA:54,0
DA:55,0
DA:57,0
DA:79,0
DA:80,0
DA:81,0
DA:83,0
DA:85,0
DA:86,0
DA:89,0
DA:90,0
DA:91,0
DA:92,0
DA:96,0
DA:97,0
DA:100,0
DA:101,0
DA:102,0
DA:106,0
DA:109,0
DA:116,0
DA:118,0
DA:125,0
DA:126,0
DA:127,0
DA:130,0
DA:133,0
DA:141,0
DA:142,0
LF:48
LH:0
BRDA:28,0,0,0
BRDA:28,0,1,0
BRDA:34,1,0,0
BRDA:34,1,1,0
BRDA:54,2,0,0
BRDA:54,2,1,0
BRDA:90,3,0,0
BRDA:90,3,1,0
BRDA:100,4,0,0
BRDA:100,4,1,0
BRDA:113,5,0,0
BRDA:113,5,1,0
BRF:12
BRH:0
end_of_record
TN:
SF:api\auth\[...nextauth]\route.ts
FNF:0
FNH:0
DA:8,0
DA:14,0
LF:2
LH:0
BRF:0
BRH:0
end_of_record
TN:
SF:api\cover-letter\route.ts
FN:73,POST
FN:125,GET
FN:128,(anonymous_5)
FNF:3
FNH:0
FNDA:0,POST
FNDA:0,GET
FNDA:0,(anonymous_5)
DA:67,0
DA:68,0
DA:69,0
DA:70,0
DA:73,0
DA:74,0
DA:75,0
DA:78,0
DA:79,0
DA:80,0
DA:84,0
DA:85,0
DA:103,0
DA:104,0
DA:105,0
DA:109,0
DA:111,0
DA:118,0
DA:119,0
DA:121,0
DA:125,0
DA:126,0
DA:128,0
DA:133,0
DA:134,0
DA:135,0
DA:137,0
LF:27
LH:0
BRDA:79,0,0,0
BRDA:79,0,1,0
BRDA:87,1,0,0
BRDA:87,1,1,0
BRDA:88,2,0,0
BRDA:88,2,1,0
BRDA:90,3,0,0
BRDA:90,3,1,0
BRDA:92,4,0,0
BRDA:92,4,1,0
BRDA:94,5,0,0
BRDA:94,5,1,0
BRDA:95,6,0,0
BRDA:95,6,1,0
BRDA:97,7,0,0
BRDA:97,7,1,0
BRDA:98,8,0,0
BRDA:98,8,1,0
BRDA:104,9,0,0
BRDA:104,9,1,0
BRF:20
BRH:0
end_of_record
TN:
SF:api\generate-cover-letter-docx\route.ts
FN:4,setSecurityHeaders
FN:13,POST
FNF:2
FNH:0
FNDA:0,setSecurityHeaders
FNDA:0,POST
DA:2,0
DA:5,0
DA:6,0
DA:7,0
DA:8,0
DA:9,0
DA:10,0
DA:13,0
DA:14,0
DA:15,0
DA:19,0
DA:21,0
DA:22,0
DA:23,0
DA:25,0
DA:26,0
DA:27,0
LF:17
LH:0
BRF:0
BRH:0
end_of_record
TN:
SF:api\generate-cover-letter-pdf\route.ts
FN:4,setSecurityHeaders
FN:13,POST
FNF:2
FNH:0
FNDA:0,setSecurityHeaders
FNDA:0,POST
DA:2,0
DA:5,0
DA:6,0
DA:7,0
DA:8,0
DA:9,0
DA:10,0
DA:13,0
DA:14,0
DA:15,0
DA:20,0
DA:22,0
DA:23,0
DA:24,0
DA:26,0
DA:27,0
DA:28,0
LF:17
LH:0
BRF:0
BRH:0
end_of_record
TN:
SF:api\generate-pdf\route.ts
FN:3,setSecurityHeaders
FN:16,POST
FN:50,(anonymous_4)
FN:61,(anonymous_5)
FNF:4
FNH:0
FNDA:0,setSecurityHeaders
FNDA:0,POST
FNDA:0,(anonymous_4)
FNDA:0,(anonymous_5)
DA:1,0
DA:4,0
DA:5,0
DA:6,0
DA:7,0
DA:8,0
DA:9,0
DA:11,0
DA:16,0
DA:17,0
DA:18,0
DA:20,0
DA:50,0
DA:61,0
DA:88,0
DA:89,0
DA:90,0
DA:91,0
DA:92,0
DA:93,0
DA:95,0
DA:101,0
DA:102,0
DA:104,0
DA:105,0
DA:106,0
LF:26
LH:0
BRF:0
BRH:0
end_of_record
TN:
SF:api\health\route.ts
FN:50,GET
FNF:1
FNH:0
FNDA:0,GET
DA:1,0
DA:50,0
DA:53,0
DA:54,0
DA:55,0
DA:56,0
DA:57,0
LF:7
LH:0
BRF:0
BRH:0
end_of_record
TN:
SF:api\import-pdf\route.ts
FN:8,setSecurityHeaders
FN:17,POST
FN:43,(anonymous_6)
FN:51,(anonymous_7)
FNF:4
FNH:0
FNDA:0,setSecurityHeaders
FNDA:0,POST
FNDA:0,(anonymous_6)
FNDA:0,(anonymous_7)
DA:2,0
DA:5,0
DA:6,0
DA:9,0
DA:10,0
DA:11,0
DA:12,0
DA:13,0
DA:14,0
DA:17,0
DA:18,0
DA:19,0
DA:21,0
DA:22,0
DA:23,0
DA:24,0
DA:27,0
DA:28,0
DA:29,0
DA:30,0
DA:33,0
DA:34,0
DA:35,0
DA:36,0
DA:39,0
DA:40,0
DA:42,0
DA:43,0
DA:44,0
DA:45,0
DA:46,0
DA:48,0
DA:49,0
DA:50,0
DA:51,0
DA:54,0
DA:55,0
DA:56,0
DA:57,0
DA:58,0
DA:60,0
DA:61,0
DA:62,0
DA:63,0
DA:65,0
DA:66,0
DA:67,0
DA:68,0
LF:48
LH:0
BRDA:21,0,0,0
BRDA:21,0,1,0
BRDA:27,1,0,0
BRDA:27,1,1,0
BRDA:33,2,0,0
BRDA:33,2,1,0
BRDA:55,3,0,0
BRDA:55,3,1,0
BRF:8
BRH:0
end_of_record
TN:
SF:api\jd-parser\route.ts
FN:4,setSecurityHeaders
FN:13,POST
FN:34,(anonymous_3)
FNF:3
FNH:0
FNDA:0,setSecurityHeaders
FNDA:0,POST
FNDA:0,(anonymous_3)
DA:1,0
DA:2,0
DA:5,0
DA:6,0
DA:7,0
DA:8,0
DA:9,0
DA:10,0
DA:13,0
DA:14,0
DA:15,0
DA:16,0
DA:17,0
DA:18,0
DA:19,0
DA:22,0
DA:23,0
DA:26,0
DA:28,0
DA:30,0
DA:31,0
DA:34,0
DA:36,0
DA:39,0
DA:40,0
DA:43,0
DA:44,0
DA:45,0
DA:47,0
DA:48,0
DA:49,0
LF:31
LH:0
BRDA:16,0,0,0
BRDA:16,0,1,0
BRDA:28,1,0,0
BRDA:28,1,1,0
BRDA:34,2,0,0
BRDA:34,2,1,0
BRDA:39,3,0,0
BRDA:39,3,1,0
BRF:8
BRH:0
end_of_record
TN:
SF:api\locales\route.ts
FN:30,setSecurityHeaders
FN:49,GET
FNF:2
FNH:0
FNDA:0,setSecurityHeaders
FNDA:0,GET
DA:21,0
DA:22,0
DA:31,0
DA:32,0
DA:33,0
DA:34,0
DA:35,0
DA:36,0
DA:49,0
DA:50,0
DA:51,0
DA:52,0
DA:53,0
DA:54,0
DA:57,0
DA:62,0
DA:63,0
LF:17
LH:0
BRF:0
BRH:0
end_of_record
TN:
SF:api\locales\[locale]\route.ts
FN:5,setSecurityHeaders
FN:14,GET
FNF:2
FNH:0
FNDA:0,setSecurityHeaders
FNDA:0,GET
DA:1,0
DA:2,0
DA:3,0
DA:6,0
DA:7,0
DA:8,0
DA:9,0
DA:10,0
DA:11,0
DA:14,0
DA:15,0
DA:16,0
DA:17,0
DA:18,0
DA:19,0
DA:20,0
DA:21,0
DA:22,0
DA:25,0
DA:26,0
DA:27,0
LF:21
LH:0
BRF:0
BRH:0
end_of_record
TN:
SF:api\metrics\route.ts
FN:11,GET
FNF:1
FNH:0
FNDA:0,GET
DA:1,0
DA:2,0
DA:11,0
DA:12,0
DA:14,0
DA:17,0
DA:19,0
DA:26,0
DA:27,0
LF:9
LH:0
BRF:0
BRH:0
end_of_record
TN:
SF:api\resumes\route.ts
FN:15,GET
FN:109,POST
FNF:2
FNH:0
FNDA:0,GET
FNDA:0,POST
DA:1,0
DA:2,0
DA:3,0
DA:4,0
DA:6,0
DA:7,0
DA:10,0
DA:11,0
DA:12,0
DA:15,0
DA:17,0
DA:18,0
DA:20,0
DA:22,0
DA:23,0
DA:25,0
DA:26,0
DA:27,0
DA:28,0
DA:29,0
DA:33,0
DA:34,0
DA:35,0
DA:36,0
DA:37,0
DA:38,0
DA:39,0
DA:40,0
DA:43,0
DA:44,0
DA:47,0
DA:48,0
DA:51,0
DA:53,0
DA:54,0
DA:55,0
DA:56,0
DA:60,0
DA:63,0
DA:64,0
DA:65,0
DA:70,0
DA:73,0
DA:76,0
DA:83,0
DA:85,0
DA:99,0
DA:101,0
DA:102,0
DA:103,0
DA:105,0
DA:109,0
DA:111,0
DA:112,0
DA:114,0
DA:116,0
DA:117,0
DA:119,0
DA:120,0
DA:121,0
DA:122,0
DA:123,0
DA:126,0
DA:129,0
DA:130,0
DA:132,0
DA:133,0
DA:134,0
DA:137,0
DA:139,0
DA:140,0
DA:144,0
DA:148,0
DA:149,0
DA:150,0
DA:152,0
DA:153,0
DA:154,0
DA:156,0
LF:79
LH:0
BRDA:18,0,0,0
BRDA:18,0,1,0
BRDA:22,1,0,0
BRDA:22,1,1,0
BRDA:28,2,0,0
BRDA:28,2,1,0
BRDA:34,3,0,0
BRDA:34,3,1,0
BRDA:35,4,0,0
BRDA:35,4,1,0
BRDA:37,5,0,0
BRDA:37,5,1,0
BRDA:38,6,0,0
BRDA:38,6,1,0
BRDA:39,7,0,0
BRDA:39,7,1,0
BRDA:53,8,0,0
BRDA:53,8,1,0
BRDA:64,9,0,0
BRDA:64,9,1,0
BRDA:70,10,0,0
BRDA:70,10,1,0
BRDA:112,11,0,0
BRDA:112,11,1,0
BRDA:116,12,0,0
BRDA:116,12,1,0
BRDA:122,13,0,0
BRDA:122,13,1,0
BRDA:130,14,0,0
BRDA:133,15,0,0
BRDA:133,15,1,0
BRDA:139,16,0,0
BRDA:139,16,1,0
BRF:33
BRH:0
end_of_record
TN:
SF:api\resumes\[id]\route.ts
FN:16,GET
FN:71,PUT
FN:148,DELETE
FNF:3
FNH:0
FNDA:0,GET
FNDA:0,PUT
FNDA:0,DELETE
DA:1,0
DA:2,0
DA:3,0
DA:4,0
DA:5,0
DA:6,0
DA:7,0
DA:8,0
DA:9,0
DA:16,0
DA:18,0
DA:19,0
DA:21,0
DA:23,0
DA:24,0
DA:26,0
DA:27,0
DA:28,0
DA:29,0
DA:30,0
DA:33,0
DA:34,0
DA:37,0
DA:38,0
DA:39,0
DA:43,0
DA:44,0
DA:48,0
DA:49,0
DA:53,0
DA:56,0
DA:58,0
DA:59,0
DA:60,0
DA:62,0
DA:71,0
DA:73,0
DA:74,0
DA:76,0
DA:78,0
DA:79,0
DA:81,0
DA:82,0
DA:83,0
DA:84,0
DA:85,0
DA:88,0
DA:89,0
DA:92,0
DA:93,0
DA:94,0
DA:98,0
DA:99,0
DA:102,0
DA:103,0
DA:106,0
DA:107,0
DA:110,0
DA:111,0
DA:112,0
DA:115,0
DA:117,0
DA:118,0
DA:121,0
DA:131,0
DA:132,0
DA:133,0
DA:135,0
DA:136,0
DA:137,0
DA:139,0
DA:148,0
DA:150,0
DA:151,0
DA:153,0
DA:155,0
DA:156,0
DA:158,0
DA:159,0
DA:160,0
DA:161,0
DA:162,0
DA:165,0
DA:166,0
DA:169,0
DA:170,0
DA:171,0
DA:175,0
DA:176,0
DA:179,0
DA:180,0
DA:181,0
DA:185,0
DA:186,0
DA:187,0
DA:189,0
DA:190,0
DA:191,0
DA:193,0
LF:99
LH:0
BRDA:19,0,0,0
BRDA:19,0,1,0
BRDA:23,1,0,0
BRDA:23,1,1,0
BRDA:29,2,0,0
BRDA:29,2,1,0
BRDA:38,3,0,0
BRDA:38,3,1,0
BRDA:43,4,0,0
BRDA:43,4,1,0
BRDA:53,5,0,0
BRDA:53,5,1,0
BRDA:56,6,0,0
BRDA:56,6,1,0
BRDA:74,7,0,0
BRDA:74,7,1,0
BRDA:78,8,0,0
BRDA:78,8,1,0
BRDA:84,9,0,0
BRDA:84,9,1,0
BRDA:93,10,0,0
BRDA:93,10,1,0
BRDA:98,11,0,0
BRDA:98,11,1,0
BRDA:106,12,0,0
BRDA:106,12,1,0
BRDA:107,13,0,0
BRDA:107,13,1,0
BRDA:111,14,0,0
BRDA:111,14,1,0
BRDA:117,15,0,0
BRDA:117,15,1,0
BRDA:151,16,0,0
BRDA:151,16,1,0
BRDA:155,17,0,0
BRDA:155,17,1,0
BRDA:161,18,0,0
BRDA:161,18,1,0
BRDA:170,19,0,0
BRDA:170,19,1,0
BRDA:175,20,0,0
BRDA:175,20,1,0
BRDA:180,21,0,0
BRDA:180,21,1,0
BRF:44
BRH:0
end_of_record
TN:
SF:api\resumes\[id]\comments\route.ts
FN:13,setSecurityHeaders
FN:27,POST
FNF:2
FNH:0
FNDA:0,setSecurityHeaders
FNDA:0,POST
DA:2,0
DA:3,0
DA:4,0
DA:5,0
DA:6,0
DA:7,0
DA:14,0
DA:15,0
DA:16,0
DA:17,0
DA:18,0
DA:19,0
DA:27,0
DA:29,0
DA:30,0
DA:32,0
DA:34,0
DA:35,0
DA:37,0
DA:38,0
DA:39,0
DA:40,0
DA:41,0
DA:44,0
DA:45,0
DA:48,0
DA:49,0
DA:50,0
DA:52,0
DA:53,0
DA:57,0
DA:58,0
DA:59,0
DA:63,0
DA:64,0
DA:66,0
DA:67,0
DA:68,0
DA:70,0
LF:39
LH:0
BRDA:30,0,0,0
BRDA:30,0,1,0
BRDA:34,1,0,0
BRDA:34,1,1,0
BRDA:40,2,0,0
BRDA:40,2,1,0
BRDA:49,3,0,0
BRDA:49,3,1,0
BRDA:52,4,0,0
BRDA:52,4,1,0
BRDA:58,5,0,0
BRDA:58,5,1,0
BRDA:58,6,0,0
BRDA:58,6,1,0
BRDA:58,6,2,0
BRF:15
BRH:0
end_of_record
TN:
SF:api\upload\route.ts
FN:24,validateFile
FN:42,(anonymous_4)
FN:69,sanitizeFilename
FN:84,POST
FN:118,setSecurityHeaders
FNF:5
FNH:0
FNDA:0,validateFile
FNDA:0,(anonymous_4)
FNDA:0,sanitizeFilename
FNDA:0,POST
FNDA:0,setSecurityHeaders
DA:1,0
DA:2,0
DA:3,0
DA:4,0
DA:6,0
DA:9,0
DA:10,0
DA:17,0
DA:26,0
DA:27,0
DA:31,0
DA:32,0
DA:36,0
DA:37,0
DA:41,0
DA:42,0
DA:43,0
DA:44,0
DA:48,0
DA:55,0
DA:56,0
DA:57,0
DA:61,0
DA:71,0
DA:73,0
DA:75,0
DA:77,0
DA:78,0
DA:79,0
DA:81,0
DA:84,0
DA:85,0
DA:86,0
DA:87,0
DA:90,0
DA:91,0
DA:92,0
DA:95,0
DA:96,0
DA:99,0
DA:100,0
DA:101,0
DA:106,0
DA:107,0
DA:109,0
DA:110,0
DA:111,0
DA:113,0
DA:114,0
DA:119,0
DA:120,0
DA:121,0
DA:122,0
DA:123,0
DA:124,0
LF:55
LH:0
BRDA:26,0,0,0
BRDA:26,0,1,0
BRDA:31,1,0,0
BRDA:31,1,1,0
BRDA:36,2,0,0
BRDA:36,2,1,0
BRDA:43,3,0,0
BRDA:43,3,1,0
BRDA:56,4,0,0
BRDA:56,4,1,0
BRDA:77,5,0,0
BRDA:77,5,1,0
BRDA:81,6,0,0
BRDA:81,6,1,0
BRDA:91,7,0,0
BRDA:91,7,1,0
BRF:16
BRH:0
end_of_record
TN:
SF:api\user\data\route.ts
FN:14,GET
FNF:1
FNH:0
FNDA:0,GET
DA:1,0
DA:2,0
DA:3,0
DA:4,0
DA:5,0
DA:6,0
DA:7,0
DA:14,0
DA:15,0
DA:17,0
DA:18,0
DA:20,0
DA:21,0
DA:24,0
DA:26,0
DA:28,0
DA:29,0
DA:32,0
DA:38,0
DA:49,0
DA:52,0
DA:58,0
DA:59,0
DA:61,0
DA:62,0
DA:63,0
DA:64,0
LF:27
LH:0
BRDA:18,0,0,0
BRDA:18,0,1,0
BRDA:26,1,0,0
BRDA:26,1,1,0
BRF:4
BRH:0
end_of_record
TN:
SF:api\user\delete\route.ts
FN:14,DELETE
FNF:1
FNH:0
FNDA:0,DELETE
DA:1,0
DA:2,0
DA:3,0
DA:4,0
DA:5,0
DA:6,0
DA:14,0
DA:15,0
DA:17,0
DA:18,0
DA:20,0
DA:22,0
DA:23,0
DA:25,0
DA:26,0
DA:27,0
DA:29,0
DA:30,0
DA:31,0
DA:32,0
LF:20
LH:0
BRDA:18,0,0,0
BRDA:18,0,1,0
BRF:2
BRH:0
end_of_record
TN:
SF:api\user\settings\route.ts
FN:13,GET
FN:54,PUT
FNF:2
FNH:0
FNDA:0,GET
FNDA:0,PUT
DA:1,0
DA:2,0
DA:3,0
DA:4,0
DA:5,0
DA:6,0
DA:13,0
DA:14,0
DA:16,0
DA:17,0
DA:19,0
DA:20,0
DA:23,0
DA:25,0
DA:27,0
DA:28,0
DA:29,0
DA:30,0
DA:31,0
DA:32,0
DA:35,0
DA:38,0
DA:41,0
DA:42,0
DA:43,0
DA:45,0
DA:54,0
DA:55,0
DA:57,0
DA:58,0
DA:60,0
DA:61,0
DA:62,0
DA:69,0
DA:70,0
DA:72,0
DA:73,0
DA:74,0
DA:76,0
DA:77,0
DA:78,0
DA:79,0
LF:42
LH:0
BRDA:17,0,0,0
BRDA:17,0,1,0
BRDA:25,1,0,0
BRDA:25,1,1,0
BRDA:29,2,0,0
BRDA:29,2,1,0
BRDA:58,3,0,0
BRDA:58,3,1,0
BRF:8
BRH:0
end_of_record
TN:
SF:api\v1\ai\lint\route.ts
FN:35,POST
FNF:1
FNH:0
FNDA:0,POST
DA:2,0
DA:3,0
DA:4,0
DA:35,0
DA:36,0
DA:38,0
DA:40,0
DA:41,0
DA:43,0
DA:44,0
DA:47,0
DA:50,0
DA:51,0
DA:54,0
DA:64,0
LF:15
LH:0
BRDA:43,0,0,0
BRDA:43,0,1,0
BRDA:57,1,0,0
BRDA:57,1,1,0
BRF:4
BRH:0
end_of_record
TN:
SF:api\v1\ai\rewrite\route.ts
FN:24,POST
FNF:1
FNH:0
FNDA:0,POST
DA:2,0
DA:3,0
DA:4,0
DA:24,0
DA:25,0
DA:27,0
DA:29,0
DA:30,0
DA:32,0
DA:33,0
DA:36,0
DA:39,0
DA:40,0
DA:43,0
DA:51,0
LF:15
LH:0
BRDA:32,0,0,0
BRDA:32,0,1,0
BRDA:45,1,0,0
BRDA:45,1,1,0
BRDA:46,2,0,0
BRDA:46,2,1,0
BRF:6
BRH:0
end_of_record
TN:
SF:api\v1\ai\suggestions\route.ts
FN:27,POST
FNF:1
FNH:0
FNDA:0,POST
DA:2,0
DA:3,0
DA:4,0
DA:27,0
DA:28,0
DA:30,0
DA:32,0
DA:33,0
DA:35,0
DA:36,0
DA:39,0
DA:42,0
DA:43,0
DA:46,0
DA:56,0
LF:15
LH:0
BRDA:35,0,0,0
BRDA:35,0,1,0
BRDA:48,1,0,0
BRDA:48,1,1,0
BRF:4
BRH:0
end_of_record
TN:
SF:api\v1\health\route.ts
FN:50,GET
FNF:1
FNH:0
FNDA:0,GET
DA:1,0
DA:2,0
DA:3,0
DA:4,0
DA:50,0
DA:51,0
DA:52,0
DA:54,0
DA:56,0
DA:57,0
DA:58,0
DA:60,0
DA:77,0
DA:78,0
DA:80,0
DA:81,0
DA:82,0
DA:84,0
DA:85,0
DA:86,0
LF:20
LH:0
BRDA:65,0,0,0
BRDA:65,0,1,0
BRF:2
BRH:0
end_of_record
TN:
SF:api\v1\locales\route.ts
FN:29,setSecurityHeaders
FN:48,GET
FNF:2
FNH:0
FNDA:0,setSecurityHeaders
FNDA:0,GET
DA:20,0
DA:21,0
DA:30,0
DA:31,0
DA:32,0
DA:33,0
DA:34,0
DA:35,0
DA:48,0
DA:49,0
DA:50,0
DA:51,0
DA:52,0
DA:53,0
DA:56,0
DA:61,0
DA:62,0
LF:17
LH:0
BRF:0
BRH:0
end_of_record
TN:
SF:api\v1\resumes\route.ts
FN:15,GET
FN:109,POST
FNF:2
FNH:0
FNDA:0,GET
FNDA:0,POST
DA:1,0
DA:2,0
DA:3,0
DA:4,0
DA:6,0
DA:7,0
DA:10,0
DA:11,0
DA:12,0
DA:15,0
DA:17,0
DA:18,0
DA:20,0
DA:22,0
DA:23,0
DA:25,0
DA:26,0
DA:27,0
DA:28,0
DA:29,0
DA:33,0
DA:34,0
DA:35,0
DA:36,0
DA:37,0
DA:38,0
DA:39,0
DA:40,0
DA:43,0
DA:44,0
DA:47,0
DA:48,0
DA:51,0
DA:53,0
DA:54,0
DA:55,0
DA:56,0
DA:60,0
DA:63,0
DA:64,0
DA:65,0
DA:70,0
DA:73,0
DA:76,0
DA:83,0
DA:85,0
DA:99,0
DA:101,0
DA:102,0
DA:103,0
DA:105,0
DA:109,0
DA:111,0
DA:112,0
DA:114,0
DA:116,0
DA:117,0
DA:119,0
DA:120,0
DA:121,0
DA:122,0
DA:123,0
DA:126,0
DA:129,0
DA:130,0
DA:132,0
DA:133,0
DA:134,0
DA:138,0
DA:140,0
DA:141,0
DA:145,0
DA:149,0
DA:150,0
DA:151,0
DA:153,0
DA:154,0
DA:155,0
DA:157,0
LF:79
LH:0
BRDA:18,0,0,0
BRDA:18,0,1,0
BRDA:22,1,0,0
BRDA:22,1,1,0
BRDA:28,2,0,0
BRDA:28,2,1,0
BRDA:34,3,0,0
BRDA:34,3,1,0
BRDA:35,4,0,0
BRDA:35,4,1,0
BRDA:37,5,0,0
BRDA:37,5,1,0
BRDA:38,6,0,0
BRDA:38,6,1,0
BRDA:39,7,0,0
BRDA:39,7,1,0
BRDA:53,8,0,0
BRDA:53,8,1,0
BRDA:64,9,0,0
BRDA:64,9,1,0
BRDA:70,10,0,0
BRDA:70,10,1,0
BRDA:112,11,0,0
BRDA:112,11,1,0
BRDA:116,12,0,0
BRDA:116,12,1,0
BRDA:122,13,0,0
BRDA:122,13,1,0
BRDA:130,14,0,0
BRDA:133,15,0,0
BRDA:133,15,1,0
BRDA:140,16,0,0
BRDA:140,16,1,0
BRF:33
BRH:0
end_of_record
TN:
SF:api\v1\upload\route.ts
FN:24,validateFile
FN:42,(anonymous_4)
FN:69,sanitizeFilename
FN:84,POST
FN:118,setSecurityHeaders
FNF:5
FNH:0
FNDA:0,validateFile
FNDA:0,(anonymous_4)
FNDA:0,sanitizeFilename
FNDA:0,POST
FNDA:0,setSecurityHeaders
DA:1,0
DA:2,0
DA:3,0
DA:4,0
DA:6,0
DA:9,0
DA:10,0
DA:17,0
DA:26,0
DA:27,0
DA:31,0
DA:32,0
DA:36,0
DA:37,0
DA:41,0
DA:42,0
DA:43,0
DA:44,0
DA:48,0
DA:55,0
DA:56,0
DA:57,0
DA:61,0
DA:71,0
DA:73,0
DA:75,0
DA:77,0
DA:78,0
DA:79,0
DA:81,0
DA:84,0
DA:85,0
DA:86,0
DA:87,0
DA:90,0
DA:91,0
DA:92,0
DA:95,0
DA:96,0
DA:99,0
DA:100,0
DA:101,0
DA:106,0
DA:107,0
DA:109,0
DA:110,0
DA:111,0
DA:113,0
DA:114,0
DA:119,0
DA:120,0
DA:121,0
DA:122,0
DA:123,0
DA:124,0
LF:55
LH:0
BRDA:26,0,0,0
BRDA:26,0,1,0
BRDA:31,1,0,0
BRDA:31,1,1,0
BRDA:36,2,0,0
BRDA:36,2,1,0
BRDA:43,3,0,0
BRDA:43,3,1,0
BRDA:56,4,0,0
BRDA:56,4,1,0
BRDA:77,5,0,0
BRDA:77,5,1,0
BRDA:81,6,0,0
BRDA:81,6,1,0
BRDA:91,7,0,0
BRDA:91,7,1,0
BRF:16
BRH:0
end_of_record
TN:
SF:backend\dbConnect.ts
FN:22,dbConnect
FN:29,(anonymous_2)
FNF:2
FNH:0
FNDA:0,dbConnect
FNDA:0,(anonymous_2)
DA:2,0
DA:4,0
DA:6,0
DA:7,0
DA:16,0
DA:18,0
DA:19,0
DA:23,0
DA:24,0
DA:27,0
DA:29,0
DA:30,0
DA:33,0
DA:34,0
DA:37,0
LF:15
LH:0
BRDA:6,0,0,0
BRDA:6,0,1,0
BRDA:18,1,0,0
BRDA:18,1,1,0
BRDA:23,2,0,0
BRDA:23,2,1,0
BRDA:27,3,0,0
BRDA:27,3,1,0
BRF:8
BRH:0
end_of_record
TN:
SF:backend\actors\Actor.ts
FN:18,(anonymous_1)
FN:25,(anonymous_2)
FN:39,(anonymous_3)
FN:42,(anonymous_4)
FN:51,(anonymous_5)
FN:64,(anonymous_6)
FN:77,(anonymous_7)
FN:92,(anonymous_8)
FN:100,(anonymous_9)
FN:118,(anonymous_10)
FNF:10
FNH:0
FNDA:0,(anonymous_1)
FNDA:0,(anonymous_2)
FNDA:0,(anonymous_3)
FNDA:0,(anonymous_4)
FNDA:0,(anonymous_5)
FNDA:0,(anonymous_6)
FNDA:0,(anonymous_7)
FNDA:0,(anonymous_8)
FNDA:0,(anonymous_9)
FNDA:0,(anonymous_10)
DA:5,0
DA:12,0
DA:14,0
DA:15,0
DA:16,0
DA:19,0
DA:26,0
DA:27,0
DA:28,0
DA:31,0
DA:32,0
DA:33,0
DA:40,0
DA:41,0
DA:42,0
DA:43,0
DA:52,0
DA:53,0
DA:54,0
DA:57,0
DA:58,0
DA:65,0
DA:78,0
DA:79,0
DA:80,0
DA:81,0
DA:82,0
DA:84,0
DA:86,0
DA:87,0
DA:92,0
DA:101,0
DA:112,0
DA:119,0
DA:128,0
LF:35
LH:0
BRDA:26,0,0,0
BRDA:26,0,1,0
BRDA:41,1,0,0
BRDA:41,1,1,0
BRDA:52,2,0,0
BRDA:52,2,1,0
BRDA:79,3,0,0
BRDA:79,3,1,0
BRDA:86,4,0,0
BRDA:86,4,1,0
BRF:10
BRH:0
end_of_record
TN:
SF:backend\actors\ActorSystem.ts
FN:19,(anonymous_5)
FN:27,(anonymous_6)
FN:63,(anonymous_7)
FN:82,(anonymous_8)
FN:89,(anonymous_9)
FN:96,(anonymous_10)
FN:115,getActorSystem
FN:125,initializeActorSystem
FN:133,shutdownActorSystem
FNF:9
FNH:0
FNDA:0,(anonymous_5)
FNDA:0,(anonymous_6)
FNDA:0,(anonymous_7)
FNDA:0,(anonymous_8)
FNDA:0,(anonymous_9)
FNDA:0,(anonymous_10)
FNDA:0,getActorSystem
FNDA:0,initializeActorSystem
FNDA:0,shutdownActorSystem
DA:4,0
DA:5,0
DA:6,0
DA:7,0
DA:8,0
DA:14,0
DA:17,0
DA:20,0
DA:21,0
DA:28,0
DA:29,0
DA:30,0
DA:33,0
DA:34,0
DA:37,0
DA:38,0
DA:41,0
DA:42,0
DA:45,0
DA:46,0
DA:47,0
DA:50,0
DA:52,0
DA:53,0
DA:55,0
DA:56,0
DA:64,0
DA:65,0
DA:68,0
DA:69,0
DA:70,0
DA:71,0
DA:72,0
DA:74,0
DA:75,0
DA:83,0
DA:90,0
DA:101,0
DA:110,0
DA:115,0
DA:116,0
DA:117,0
DA:119,0
DA:125,0
DA:126,0
DA:127,0
DA:133,0
DA:134,0
DA:135,0
DA:136,0
LF:50
LH:0
BRDA:28,0,0,0
BRDA:28,0,1,0
BRDA:64,1,0,0
BRDA:64,1,1,0
BRDA:116,2,0,0
BRDA:116,2,1,0
BRDA:134,3,0,0
BRDA:134,3,1,0
BRF:8
BRH:0
end_of_record
TN:
SF:backend\actors\AiRewriteWorker.ts
FN:15,(anonymous_1)
FN:22,(anonymous_2)
FNF:2
FNH:0
FNDA:0,(anonymous_1)
FNDA:0,(anonymous_2)
DA:4,0
DA:5,0
DA:6,0
DA:12,0
DA:13,0
DA:16,0
DA:23,0
DA:24,0
DA:27,0
DA:29,0
DA:30,0
DA:33,0
DA:35,0
DA:37,0
DA:39,0
DA:46,0
DA:47,0
LF:17
LH:0
BRDA:23,0,0,0
BRDA:23,0,1,0
BRDA:29,1,0,0
BRDA:29,1,1,0
BRF:4
BRH:0
end_of_record
TN:
SF:backend\actors\PdfGenerationWorker.ts
FN:12,(anonymous_1)
FN:19,(anonymous_2)
FN:55,(anonymous_3)
FN:86,(anonymous_4)
FN:97,(anonymous_5)
FN:130,(anonymous_6)
FNF:6
FNH:0
FNDA:0,(anonymous_1)
FNDA:0,(anonymous_2)
FNDA:0,(anonymous_3)
FNDA:0,(anonymous_4)
FNDA:0,(anonymous_5)
FNDA:0,(anonymous_6)
DA:4,0
DA:5,0
DA:11,0
DA:13,0
DA:20,0
DA:21,0
DA:24,0
DA:26,0
DA:27,0
DA:30,0
DA:32,0
DA:34,0
DA:38,0
DA:40,0
DA:47,0
DA:48,0
DA:56,0
DA:86,0
DA:97,0
DA:133,0
DA:134,0
LF:21
LH:0
BRDA:20,0,0,0
BRDA:20,0,1,0
BRDA:26,1,0,0
BRDA:26,1,1,0
BRDA:42,2,0,0
BRDA:42,2,1,0
BRDA:75,3,0,0
BRDA:75,3,1,0
BRDA:76,4,0,0
BRDA:76,4,1,0
BRDA:76,5,0,0
BRDA:76,5,1,0
BRDA:76,6,0,0
BRDA:76,6,1,0
BRDA:77,7,0,0
BRDA:77,7,1,0
BRDA:81,8,0,0
BRDA:81,8,1,0
BRDA:86,9,0,0
BRDA:86,9,1,0
BRDA:88,10,0,0
BRDA:88,10,1,0
BRDA:88,11,0,0
BRDA:88,11,1,0
BRDA:89,12,0,0
BRDA:89,12,1,0
BRDA:89,13,0,0
BRDA:89,13,1,0
BRDA:89,14,0,0
BRDA:89,14,1,0
BRDA:90,15,0,0
BRDA:90,15,1,0
BRDA:97,16,0,0
BRDA:97,16,1,0
BRDA:99,17,0,0
BRDA:99,17,1,0
BRDA:99,18,0,0
BRDA:99,18,1,0
BRDA:100,19,0,0
BRDA:100,19,1,0
BRDA:100,20,0,0
BRDA:100,20,1,0
BRDA:100,21,0,0
BRDA:100,21,1,0
BRDA:100,22,0,0
BRDA:100,22,1,0
BRDA:107,23,0,0
BRDA:107,23,1,0
BRDA:112,24,0,0
BRDA:112,24,1,0
BRDA:117,25,0,0
BRDA:117,25,1,0
BRF:52
BRH:0
end_of_record
TN:
SF:backend\actors\Supervisor.ts
FN:20,(anonymous_1)
FN:33,(anonymous_2)
FN:42,(anonymous_3)
FN:54,(anonymous_4)
FN:76,(anonymous_5)
FN:111,(anonymous_6)
FN:122,(anonymous_7)
FN:151,(anonymous_8)
FN:164,(anonymous_9)
FN:174,(anonymous_10)
FN:188,(anonymous_11)
FN:196,(anonymous_12)
FNF:12
FNH:0
FNDA:0,(anonymous_1)
FNDA:0,(anonymous_2)
FNDA:0,(anonymous_3)
FNDA:0,(anonymous_4)
FNDA:0,(anonymous_5)
FNDA:0,(anonymous_6)
FNDA:0,(anonymous_7)
FNDA:0,(anonymous_8)
FNDA:0,(anonymous_9)
FNDA:0,(anonymous_10)
FNDA:0,(anonymous_11)
FNDA:0,(anonymous_12)
DA:4,0
DA:6,0
DA:12,0
DA:13,0
DA:15,0
DA:16,0
DA:18,0
DA:25,0
DA:26,0
DA:27,0
DA:34,0
DA:35,0
DA:36,0
DA:43,0
DA:44,0
DA:45,0
DA:46,0
DA:47,0
DA:55,0
DA:57,0
DA:59,0
DA:60,0
DA:62,0
DA:63,0
DA:66,0
DA:67,0
DA:69,0
DA:77,0
DA:80,0
DA:81,0
DA:82,0
DA:83,0
DA:87,0
DA:88,0
DA:89,0
DA:90,0
DA:91,0
DA:94,0
DA:96,0
DA:100,0
DA:101,0
DA:103,0
DA:104,0
DA:112,0
DA:113,0
DA:115,0
DA:116,0
DA:123,0
DA:124,0
DA:127,0
DA:128,0
DA:129,0
DA:130,0
DA:133,0
DA:135,0
DA:136,0
DA:138,0
DA:139,0
DA:141,0
DA:142,0
DA:144,0
DA:152,0
DA:153,0
DA:154,0
DA:155,0
DA:157,0
DA:165,0
DA:168,0
DA:176,0
DA:177,0
DA:178,0
DA:182,0
DA:190,0
DA:197,0
LF:74
LH:0
BRDA:22,0,0,0
BRDA:23,1,0,0
BRDA:44,2,0,0
BRDA:44,2,1,0
BRDA:57,3,0,0
BRDA:57,3,1,0
BRDA:57,3,2,0
BRDA:57,3,3,0
BRDA:80,4,0,0
BRDA:80,4,1,0
BRDA:88,5,0,0
BRDA:88,5,1,0
BRDA:123,6,0,0
BRDA:123,6,1,0
BRDA:128,7,0,0
BRDA:128,7,1,0
BRDA:133,8,0,0
BRDA:133,8,1,0
BRDA:133,8,2,0
BRDA:133,8,3,0
BRDA:153,9,0,0
BRDA:153,9,1,0
BRDA:177,10,0,0
BRDA:177,10,1,0
BRDA:182,11,0,0
BRDA:182,11,1,0
BRF:26
BRH:0
end_of_record
TN:
SF:backend\actors\Worker.ts
FN:15,(anonymous_1)
FN:23,(anonymous_2)
FN:38,(anonymous_3)
FNF:3
FNH:0
FNDA:0,(anonymous_1)
FNDA:0,(anonymous_2)
FNDA:0,(anonymous_3)
DA:4,0
DA:6,0
DA:12,0
DA:16,0
DA:17,0
DA:24,0
DA:26,0
DA:28,0
DA:29,0
DA:31,0
DA:39,0
DA:41,0
DA:42,0
DA:45,0
DA:48,0
DA:50,0
DA:52,0
DA:55,0
LF:18
LH:0
BRDA:26,0,0,0
BRDA:26,0,1,0
BRF:2
BRH:0
end_of_record
TN:
SF:backend\actors\mcp.ts
FN:18,(anonymous_6)
FN:43,(anonymous_7)
FN:80,(anonymous_8)
FN:113,(anonymous_9)
FN:138,(anonymous_10)
FN:161,(anonymous_11)
FN:183,(anonymous_12)
FN:206,(anonymous_13)
FN:224,(anonymous_14)
FN:232,(anonymous_15)
FN:259,(anonymous_16)
FNF:11
FNH:0
FNDA:0,(anonymous_6)
FNDA:0,(anonymous_7)
FNDA:0,(anonymous_8)
FNDA:0,(anonymous_9)
FNDA:0,(anonymous_10)
FNDA:0,(anonymous_11)
FNDA:0,(anonymous_12)
FNDA:0,(anonymous_13)
FNDA:0,(anonymous_14)
FNDA:0,(anonymous_15)
FNDA:0,(anonymous_16)
DA:5,0
DA:6,0
DA:12,0
DA:13,0
DA:19,0
DA:29,0
DA:34,0
DA:44,0
DA:45,0
DA:46,0
DA:49,0
DA:50,0
DA:60,0
DA:65,0
DA:70,0
DA:71,0
DA:74,0
DA:82,0
DA:83,0
DA:87,0
DA:88,0
DA:89,0
DA:90,0
DA:92,0
DA:93,0
DA:97,0
DA:98,0
DA:102,0
DA:103,0
DA:104,0
DA:107,0
DA:114,0
DA:116,0
DA:117,0
DA:119,0
DA:122,0
DA:124,0
DA:125,0
DA:127,0
DA:129,0
DA:132,0
DA:145,0
DA:155,0
DA:167,0
DA:177,0
DA:190,0
DA:200,0
DA:207,0
DA:210,0
DA:211,0
DA:218,0
DA:225,0
DA:226,0
DA:234,0
DA:235,0
DA:236,0
DA:237,0
DA:240,0
DA:241,0
DA:242,0
DA:243,0
DA:246,0
DA:248,0
DA:249,0
DA:251,0
DA:252,0
DA:260,0
LF:67
LH:0
BRDA:13,0,0,0
BRDA:13,0,1,0
BRDA:44,1,0,0
BRDA:44,1,1,0
BRDA:70,2,0,0
BRDA:70,2,1,0
BRDA:82,3,0,0
BRDA:82,3,1,0
BRDA:82,4,0,0
BRDA:82,4,1,0
BRDA:82,4,2,0
BRDA:82,4,3,0
BRDA:92,5,0,0
BRDA:92,5,1,0
BRDA:97,6,0,0
BRDA:97,6,1,0
BRDA:103,7,0,0
BRDA:103,7,1,0
BRDA:114,8,0,0
BRDA:114,8,1,0
BRDA:114,8,2,0
BRDA:114,8,3,0
BRDA:116,9,0,0
BRDA:116,9,1,0
BRDA:124,10,0,0
BRDA:124,10,1,0
BRDA:235,11,0,0
BRDA:235,11,1,0
BRDA:241,12,0,0
BRDA:241,12,1,0
BRF:30
BRH:0
end_of_record
TN:
SF:backend\lib\actorService.ts
FN:18,(anonymous_5)
FN:25,(anonymous_6)
FN:32,(anonymous_7)
FN:66,(anonymous_8)
FN:97,(anonymous_9)
FN:104,(anonymous_10)
FN:118,getActorService
FN:128,initializeActorService
FN:136,shutdownActorService
FNF:9
FNH:0
FNDA:0,(anonymous_5)
FNDA:0,(anonymous_6)
FNDA:0,(anonymous_7)
FNDA:0,(anonymous_8)
FNDA:0,(anonymous_9)
FNDA:0,(anonymous_10)
FNDA:0,getActorService
FNDA:0,initializeActorService
FNDA:0,shutdownActorService
DA:4,0
DA:5,0
DA:6,0
DA:12,0
DA:13,0
DA:19,0
DA:26,0
DA:33,0
DA:35,0
DA:36,0
DA:38,0
DA:39,0
DA:48,0
DA:52,0
DA:58,0
DA:59,0
DA:67,0
DA:69,0
DA:70,0
DA:72,0
DA:73,0
DA:81,0
DA:83,0
DA:89,0
DA:90,0
DA:98,0
DA:105,0
DA:106,0
DA:113,0
DA:118,0
DA:119,0
DA:120,0
DA:122,0
DA:128,0
DA:129,0
DA:130,0
DA:136,0
DA:137,0
DA:138,0
DA:139,0
LF:40
LH:0
BRDA:32,0,0,0
BRDA:66,1,0,0
BRDA:119,2,0,0
BRDA:119,2,1,0
BRDA:137,3,0,0
BRDA:137,3,1,0
BRF:6
BRH:0
end_of_record
TN:
SF:backend\lib\aiErrorHandler.ts
FN:28,(anonymous_4)
FN:79,(anonymous_5)
FN:103,(anonymous_6)
FNF:3
FNH:3
FNDA:13,(anonymous_4)
FNDA:6,(anonymous_5)
FNDA:6,(anonymous_6)
DA:8,1
DA:9,1
DA:10,1
DA:28,13
DA:34,13
DA:37,13
DA:42,13
DA:43,13
DA:46,13
DA:47,1
DA:48,1
DA:49,11
DA:50,1
DA:51,1
DA:52,10
DA:53,1
DA:54,1
DA:55,9
DA:56,1
DA:57,1
DA:60,12
DA:65,12
DA:67,12
DA:79,6
DA:83,6
DA:89,6
DA:90,1
DA:93,6
DA:94,6
DA:103,6
DA:104,6
DA:109,6
DA:110,6
LF:33
LH:33
BRDA:46,0,0,1
BRDA:46,0,1,11
BRDA:49,1,0,1
BRDA:49,1,1,10
BRDA:52,2,0,1
BRDA:52,2,1,9
BRDA:55,3,0,1
BRDA:55,3,1,8
BRDA:89,4,0,1
BRDA:89,4,1,5
BRDA:103,5,0,4
BRF:11
BRH:11
end_of_record
TN:
SF:backend\lib\aiSecurity.ts
FN:54,(anonymous_9)
FN:62,(anonymous_10)
FN:77,(anonymous_11)
FN:103,(anonymous_12)
FN:137,(anonymous_13)
FN:157,(anonymous_14)
FN:176,(anonymous_15)
FN:209,(anonymous_16)
FN:243,(anonymous_17)
FN:270,(anonymous_18)
FNF:10
FNH:10
FNDA:19,(anonymous_9)
FNDA:145,(anonymous_10)
FNDA:76,(anonymous_11)
FNDA:11,(anonymous_12)
FNDA:8,(anonymous_13)
FNDA:24,(anonymous_14)
FNDA:3,(anonymous_15)
FNDA:5,(anonymous_16)
FNDA:6,(anonymous_17)
FNDA:2,(anonymous_18)
DA:11,2
DA:12,2
DA:13,2
DA:29,9
DA:54,9
DA:58,19
DA:59,19
DA:62,19
DA:63,145
DA:64,6
DA:65,6
DA:70,19
DA:77,19
DA:78,76
DA:79,4
DA:80,4
DA:85,19
DA:86,2
DA:87,2
DA:90,19
DA:103,9
DA:108,11
DA:109,11
DA:110,3
DA:111,3
DA:115,8
DA:116,3
DA:117,3
DA:121,4
DA:124,4
DA:127,4
DA:129,4
DA:137,9
DA:138,8
DA:141,8
DA:142,4
DA:146,8
DA:147,3
DA:151,8
DA:157,8
DA:158,24
DA:159,1
DA:163,8
DA:176,4
DA:182,3
DA:183,3
DA:184,2
DA:188,1
DA:201,1
DA:209,6
DA:215,5
DA:216,5
DA:219,5
DA:220,1
DA:221,1
DA:225,5
DA:226,1
DA:227,1
DA:231,5
DA:232,1
DA:233,1
DA:236,5
DA:243,7
DA:250,6
DA:257,6
DA:260,6
DA:270,3
DA:277,2
DA:280,2
DA:289,2
DA:290,1
LF:71
LH:71
BRDA:56,0,0,7
BRDA:63,1,0,6
BRDA:63,1,1,139
BRDA:78,2,0,4
BRDA:78,2,1,72
BRDA:80,3,0,2
BRDA:80,3,1,2
BRDA:85,4,0,2
BRDA:85,4,1,17
BRDA:85,5,0,19
BRDA:85,5,1,17
BRDA:105,6,0,7
BRDA:109,7,0,3
BRDA:109,7,1,8
BRDA:109,8,0,11
BRDA:109,8,1,3
BRDA:115,9,0,3
BRDA:115,9,1,4
BRDA:141,10,0,4
BRDA:141,10,1,4
BRDA:146,11,0,3
BRDA:146,11,1,5
BRDA:158,12,0,1
BRDA:158,12,1,23
BRDA:179,13,0,2
BRDA:183,14,0,2
BRDA:183,14,1,1
BRDA:219,15,0,1
BRDA:219,15,1,4
BRDA:219,16,0,5
BRDA:219,16,1,1
BRDA:225,17,0,1
BRDA:225,17,1,4
BRDA:231,18,0,1
BRDA:231,18,1,4
BRDA:289,19,0,1
BRDA:289,19,1,1
BRF:37
BRH:37
end_of_record
TN:
SF:backend\lib\aiService.ts
FN:63,(anonymous_4)
FN:76,(anonymous_5)
FN:113,(anonymous_6)
FN:151,(anonymous_7)
FN:196,(anonymous_8)
FN:225,(anonymous_9)
FN:280,(anonymous_10)
FN:304,(anonymous_11)
FN:335,(anonymous_12)
FN:347,(anonymous_13)
FN:363,(anonymous_14)
FN:386,(anonymous_15)
FN:407,(anonymous_16)
FN:420,(anonymous_17)
FN:438,(anonymous_18)
FN:455,(anonymous_19)
FN:493,(anonymous_20)
FN:512,getAIService
FNF:18
FNH:15
FNDA:31,(anonymous_4)
FNDA:12,(anonymous_5)
FNDA:0,(anonymous_6)
FNDA:3,(anonymous_7)
FNDA:0,(anonymous_8)
FNDA:2,(anonymous_9)
FNDA:0,(anonymous_10)
FNDA:2,(anonymous_11)
FNDA:8,(anonymous_12)
FNDA:2,(anonymous_13)
FNDA:2,(anonymous_14)
FNDA:2,(anonymous_15)
FNDA:2,(anonymous_16)
FNDA:1,(anonymous_17)
FNDA:21,(anonymous_18)
FNDA:3,(anonymous_19)
FNDA:1,(anonymous_20)
FNDA:2,getAIService
DA:12,1
DA:13,1
DA:14,1
DA:15,1
DA:16,1
DA:17,1
DA:18,1
DA:42,1
DA:58,30
DA:61,31
DA:64,31
DA:65,31
DA:77,12
DA:79,12
DA:81,12
DA:82,2
DA:83,2
DA:84,0
DA:91,0
DA:96,12
DA:97,12
DA:98,12
DA:99,1
DA:100,1
DA:104,11
DA:105,11
DA:106,3
DA:110,8
DA:113,8
DA:114,0
DA:118,6
DA:119,6
DA:120,1
DA:127,1
DA:131,5
DA:134,5
DA:135,5
DA:137,5
DA:139,6
DA:140,6
DA:156,3
DA:158,3
DA:160,3
DA:161,0
DA:162,0
DA:163,0
DA:170,0
DA:175,3
DA:176,3
DA:181,3
DA:182,1
DA:183,1
DA:187,2
DA:188,2
DA:189,0
DA:193,2
DA:196,2
DA:197,0
DA:201,2
DA:204,2
DA:207,2
DA:208,2
DA:210,2
DA:212,0
DA:213,0
DA:235,2
DA:237,2
DA:239,2
DA:240,0
DA:241,0
DA:242,0
DA:249,0
DA:254,2
DA:255,2
DA:265,2
DA:266,0
DA:267,0
DA:271,2
DA:272,2
DA:273,0
DA:277,2
DA:280,2
DA:281,0
DA:285,2
DA:288,2
DA:291,2
DA:292,2
DA:294,2
DA:296,0
DA:297,0
DA:305,2
DA:306,2
DA:309,0
DA:324,0
DA:325,0
DA:328,0
DA:329,0
DA:336,8
DA:337,8
DA:348,2
DA:364,2
DA:391,2
DA:392,2
DA:393,1
DA:399,1
DA:400,1
DA:417,2
DA:418,2
DA:419,1
DA:420,1
DA:430,1
DA:431,1
DA:439,21
DA:440,21
DA:441,547
DA:442,547
DA:443,547
DA:445,21
DA:456,3
DA:457,3
DA:472,3
DA:475,3
DA:476,3
DA:484,3
DA:494,1
DA:507,1
DA:512,2
DA:513,2
DA:514,1
DA:516,2
LF:130
LH:104
BRDA:43,0,0,1
BRDA:43,0,1,1
BRDA:44,1,0,1
BRDA:44,1,1,1
BRDA:63,2,0,2
BRDA:81,3,0,2
BRDA:81,3,1,10
BRDA:83,4,0,0
BRDA:83,4,1,2
BRDA:96,5,0,12
BRDA:96,5,1,12
BRDA:98,6,0,1
BRDA:98,6,1,11
BRDA:105,7,0,3
BRDA:105,7,1,8
BRDA:119,8,0,1
BRDA:119,8,1,5
BRDA:160,9,0,0
BRDA:160,9,1,3
BRDA:162,10,0,0
BRDA:162,10,1,0
BRDA:181,11,0,1
BRDA:181,11,1,2
BRDA:188,12,0,0
BRDA:188,12,1,2
BRDA:225,13,0,0
BRDA:239,14,0,0
BRDA:239,14,1,2
BRDA:241,15,0,0
BRDA:241,15,1,0
BRDA:265,16,0,0
BRDA:265,16,1,2
BRDA:272,17,0,0
BRDA:272,17,1,2
BRDA:305,18,0,2
BRDA:305,18,1,0
BRDA:324,19,0,0
BRDA:324,19,1,0
BRDA:329,20,0,0
BRDA:329,20,1,0
BRDA:336,21,0,0
BRDA:336,21,1,8
BRDA:394,22,0,1
BRDA:394,22,1,0
BRDA:395,23,0,1
BRDA:395,23,1,0
BRDA:396,24,0,1
BRDA:396,24,1,0
BRDA:420,25,0,1
BRDA:420,25,1,0
BRDA:421,26,0,1
BRDA:421,26,1,0
BRDA:422,27,0,1
BRDA:422,27,1,0
BRDA:425,28,0,1
BRDA:425,28,1,0
BRDA:427,29,0,1
BRDA:427,29,1,0
BRDA:513,30,0,1
BRDA:513,30,1,1
BRF:60
BRH:35
end_of_record
TN:
SF:backend\lib\aiValidation.ts
FN:44,(anonymous_8)
FN:87,(anonymous_9)
FN:106,(anonymous_10)
FN:137,(anonymous_11)
FN:165,(anonymous_12)
FN:193,(anonymous_13)
FNF:6
FNH:6
FNDA:27,(anonymous_8)
FNDA:22,(anonymous_9)
FNDA:15,(anonymous_10)
FNDA:4,(anonymous_11)
FNDA:5,(anonymous_12)
FNDA:2,(anonymous_13)
DA:8,1
DA:11,6
DA:44,13
DA:45,27
DA:46,7
DA:55,20
DA:56,0
DA:65,20
DA:66,2
DA:75,18
DA:87,5
DA:88,22
DA:89,5
DA:95,17
DA:106,6
DA:108,15
DA:109,14
DA:110,4
DA:114,10
DA:115,10
DA:116,1
DA:125,9
DA:137,4
DA:138,4
DA:139,4
DA:140,1
DA:143,3
DA:144,3
DA:145,1
DA:154,2
DA:165,5
DA:166,5
DA:167,5
DA:168,1
DA:171,4
DA:172,4
DA:173,1
DA:182,3
DA:193,2
DA:194,2
LF:40
LH:39
BRDA:45,0,0,7
BRDA:45,0,1,20
BRDA:45,1,0,27
BRDA:45,1,1,21
BRDA:55,2,0,0
BRDA:55,2,1,20
BRDA:65,3,0,2
BRDA:65,3,1,18
BRDA:88,4,0,5
BRDA:88,4,1,17
BRDA:88,5,0,22
BRDA:88,5,1,14
BRDA:97,6,0,17
BRDA:97,6,1,9
BRDA:109,7,0,4
BRDA:109,7,1,10
BRDA:115,8,0,1
BRDA:115,8,1,9
BRDA:139,9,0,1
BRDA:139,9,1,3
BRDA:144,10,0,1
BRDA:144,10,1,2
BRDA:167,11,0,1
BRDA:167,11,1,4
BRDA:172,12,0,1
BRDA:172,12,1,3
BRDA:184,13,0,3
BRDA:184,13,1,1
BRF:28
BRH:27
end_of_record
TN:
SF:backend\lib\apiEndpoints.ts
FN:21,(anonymous_13)
FN:22,(anonymous_14)
FN:23,(anonymous_15)
FN:24,(anonymous_16)
FN:59,(anonymous_17)
FNF:5
FNH:0
FNDA:0,(anonymous_13)
FNDA:0,(anonymous_14)
FNDA:0,(anonymous_15)
FNDA:0,(anonymous_16)
FNDA:0,(anonymous_17)
DA:9,0
DA:12,0
DA:18,0
DA:21,0
DA:22,0
DA:23,0
DA:24,0
DA:28,0
DA:35,0
DA:40,0
DA:47,0
DA:52,0
DA:57,0
DA:59,0
DA:63,0
DA:67,0
DA:76,0
LF:17
LH:0
BRF:0
BRH:0
end_of_record
TN:
SF:backend\lib\auth.ts
FN:63,(anonymous_8)
FN:70,(anonymous_9)
FN:88,requireAuth
FNF:3
FNH:0
FNDA:0,(anonymous_8)
FNDA:0,(anonymous_9)
FNDA:0,requireAuth
DA:8,0
DA:9,0
DA:11,0
DA:12,0
DA:14,0
DA:15,0
DA:17,0
DA:18,0
DA:23,0
DA:24,0
DA:33,0
DA:65,0
DA:66,0
DA:68,0
DA:72,0
DA:73,0
DA:75,0
DA:88,0
DA:89,0
DA:91,0
DA:94,0
DA:96,0
DA:112,0
DA:114,0
DA:117,0
DA:132,0
LF:26
LH:0
BRDA:17,0,0,0
BRDA:17,0,1,0
BRDA:23,1,0,0
BRDA:23,1,1,0
BRDA:65,2,0,0
BRDA:65,2,1,0
BRDA:72,3,0,0
BRDA:72,3,1,0
BRDA:94,4,0,0
BRDA:94,4,1,0
BRDA:94,5,0,0
BRDA:94,5,1,0
BRF:12
BRH:0
end_of_record
TN:
SF:backend\lib\cacheManager.ts
FN:40,(anonymous_4)
FN:66,(anonymous_5)
FN:80,(anonymous_6)
FN:95,(anonymous_7)
FN:107,(anonymous_8)
FN:114,(anonymous_9)
FN:130,(anonymous_11)
FN:133,(anonymous_12)
FN:138,(anonymous_13)
FN:142,(anonymous_14)
FN:150,(anonymous_15)
FN:164,(anonymous_16)
FN:173,(anonymous_17)
FN:198,(anonymous_18)
FN:216,(anonymous_19)
FN:235,(anonymous_20)
FN:251,(anonymous_21)
FN:258,(anonymous_22)
FN:270,(anonymous_23)
FN:287,(anonymous_24)
FN:295,(anonymous_25)
FN:310,(anonymous_26)
FN:333,(anonymous_27)
FN:352,(anonymous_28)
FN:370,(anonymous_29)
FN:385,(anonymous_30)
FN:406,(anonymous_31)
FN:419,(anonymous_32)
FN:439,(anonymous_33)
FN:457,getCacheManager
FN:476,(anonymous_35)
FN:477,(anonymous_36)
FN:478,(anonymous_37)
FN:479,(anonymous_38)
FN:480,(anonymous_39)
FN:481,(anonymous_40)
FN:487,(anonymous_41)
FN:495,(anonymous_42)
FN:503,(anonymous_43)
FN:510,(anonymous_44)
FNF:40
FNH:0
FNDA:0,(anonymous_4)
FNDA:0,(anonymous_5)
FNDA:0,(anonymous_6)
FNDA:0,(anonymous_7)
FNDA:0,(anonymous_8)
FNDA:0,(anonymous_9)
FNDA:0,(anonymous_11)
FNDA:0,(anonymous_12)
FNDA:0,(anonymous_13)
FNDA:0,(anonymous_14)
FNDA:0,(anonymous_15)
FNDA:0,(anonymous_16)
FNDA:0,(anonymous_17)
FNDA:0,(anonymous_18)
FNDA:0,(anonymous_19)
FNDA:0,(anonymous_20)
FNDA:0,(anonymous_21)
FNDA:0,(anonymous_22)
FNDA:0,(anonymous_23)
FNDA:0,(anonymous_24)
FNDA:0,(anonymous_25)
FNDA:0,(anonymous_26)
FNDA:0,(anonymous_27)
FNDA:0,(anonymous_28)
FNDA:0,(anonymous_29)
FNDA:0,(anonymous_30)
FNDA:0,(anonymous_31)
FNDA:0,(anonymous_32)
FNDA:0,(anonymous_33)
FNDA:0,getCacheManager
FNDA:0,(anonymous_35)
FNDA:0,(anonymous_36)
FNDA:0,(anonymous_37)
FNDA:0,(anonymous_38)
FNDA:0,(anonymous_39)
FNDA:0,(anonymous_40)
FNDA:0,(anonymous_41)
FNDA:0,(anonymous_42)
FNDA:0,(anonymous_43)
FNDA:0,(anonymous_44)
DA:6,1
DA:7,1
DA:10,1
DA:34,0
DA:35,0
DA:41,0
DA:42,0
DA:43,0
DA:44,0
DA:45,0
DA:48,0
DA:49,0
DA:50,0
DA:51,0
DA:54,0
DA:55,0
DA:57,0
DA:58,0
DA:59,0
DA:67,0
DA:68,0
DA:69,0
DA:70,0
DA:72,0
DA:73,0
DA:81,0
DA:82,0
DA:83,0
DA:84,0
DA:86,0
DA:87,0
DA:88,0
DA:96,0
DA:97,0
DA:99,0
DA:100,0
DA:108,0
DA:115,0
DA:116,0
DA:117,0
DA:118,0
DA:127,0
DA:128,0
DA:131,0
DA:133,0
DA:134,0
DA:135,0
DA:138,0
DA:139,0
DA:142,0
DA:143,0
DA:151,0
DA:152,0
DA:153,0
DA:155,0
DA:156,0
DA:165,0
DA:166,0
DA:174,0
DA:175,0
DA:176,0
DA:179,0
DA:180,0
DA:181,0
DA:182,0
DA:183,0
DA:186,0
DA:187,0
DA:189,0
DA:190,0
DA:191,0
DA:199,0
DA:200,0
DA:203,0
DA:204,0
DA:205,0
DA:207,0
DA:208,0
DA:209,0
DA:217,0
DA:218,0
DA:221,0
DA:222,0
DA:223,0
DA:224,0
DA:226,0
DA:227,0
DA:228,0
DA:236,0
DA:237,0
DA:240,0
DA:241,0
DA:243,0
DA:244,0
DA:252,0
DA:259,0
DA:264,1
DA:266,0
DA:268,0
DA:276,0
DA:277,0
DA:279,0
DA:280,0
DA:281,0
DA:282,0
DA:286,0
DA:287,0
DA:288,0
DA:296,0
DA:297,0
DA:298,0
DA:299,0
DA:301,0
DA:302,0
DA:312,0
DA:313,0
DA:314,0
DA:318,0
DA:319,0
DA:320,0
DA:322,0
DA:323,0
DA:327,0
DA:334,0
DA:337,0
DA:340,0
DA:341,0
DA:342,0
DA:344,0
DA:353,0
DA:355,0
DA:356,0
DA:357,0
DA:358,0
DA:360,0
DA:364,0
DA:371,0
DA:373,0
DA:374,0
DA:375,0
DA:377,0
DA:388,0
DA:391,0
DA:392,0
DA:393,0
DA:394,0
DA:395,0
DA:398,0
DA:410,0
DA:423,0
DA:425,0
DA:426,0
DA:427,0
DA:430,0
DA:440,0
DA:441,0
DA:442,0
DA:445,0
DA:446,0
DA:452,1
DA:457,1
DA:458,0
DA:459,0
DA:460,0
DA:462,0
DA:469,0
DA:475,1
DA:476,0
DA:477,0
DA:478,0
DA:479,0
DA:480,0
DA:482,0
DA:488,0
DA:489,0
DA:496,0
DA:497,0
DA:498,0
DA:503,1
DA:504,0
DA:505,0
DA:507,0
DA:510,1
DA:511,0
DA:512,0
DA:514,0
LF:186
LH:9
BRDA:11,0,0,1
BRDA:11,0,1,1
BRDA:12,1,0,1
BRDA:12,1,1,1
BRDA:43,2,0,0
BRDA:43,2,1,0
BRDA:48,3,0,0
BRDA:48,3,1,0
BRDA:66,4,0,0
BRDA:83,5,0,0
BRDA:83,5,1,0
BRDA:117,6,0,0
BRDA:117,6,1,0
BRDA:130,7,0,0
BRDA:151,8,0,0
BRDA:151,8,1,0
BRDA:165,9,0,0
BRDA:165,9,1,0
BRDA:174,10,0,0
BRDA:174,10,1,0
BRDA:181,11,0,0
BRDA:181,11,1,0
BRDA:198,12,0,0
BRDA:199,13,0,0
BRDA:199,13,1,0
BRDA:217,14,0,0
BRDA:217,14,1,0
BRDA:223,15,0,0
BRDA:223,15,1,0
BRDA:236,16,0,0
BRDA:236,16,1,0
BRDA:270,17,0,0
BRDA:277,18,0,0
BRDA:277,18,1,0
BRDA:279,19,0,0
BRDA:279,19,1,0
BRDA:280,20,0,0
BRDA:280,20,1,0
BRDA:280,20,2,0
BRDA:286,21,0,0
BRDA:286,21,1,0
BRDA:296,22,0,0
BRDA:296,22,1,0
BRDA:313,23,0,0
BRDA:313,23,1,0
BRDA:318,24,0,0
BRDA:318,24,1,0
BRDA:320,25,0,0
BRDA:320,25,1,0
BRDA:334,26,0,0
BRDA:334,26,1,0
BRDA:340,27,0,0
BRDA:340,27,1,0
BRDA:355,28,0,0
BRDA:355,28,1,0
BRDA:358,29,0,0
BRDA:358,29,1,0
BRDA:373,30,0,0
BRDA:373,30,1,0
BRDA:391,31,0,0
BRDA:391,31,1,0
BRDA:391,32,0,0
BRDA:391,32,1,0
BRDA:394,33,0,0
BRDA:394,33,1,0
BRDA:412,34,0,0
BRDA:412,34,1,0
BRDA:426,35,0,0
BRDA:426,35,1,0
BRDA:440,36,0,0
BRDA:440,36,1,0
BRDA:445,37,0,0
BRDA:445,37,1,0
BRDA:458,38,0,0
BRDA:458,38,1,0
BRDA:465,39,0,0
BRDA:465,39,1,0
BRDA:482,40,0,0
BRDA:482,40,1,0
BRDA:482,41,0,0
BRDA:482,41,1,0
BRDA:482,42,0,0
BRDA:482,42,1,0
BRDA:482,43,0,0
BRDA:482,43,1,0
BRDA:504,44,0,0
BRDA:504,44,1,0
BRDA:511,45,0,0
BRDA:511,45,1,0
BRF:89
BRH:4
end_of_record
TN:
SF:backend\lib\circuitBreaker.ts
FN:56,(anonymous_3)
FN:65,(anonymous_4)
FN:98,(anonymous_5)
FN:111,(anonymous_6)
FN:122,(anonymous_7)
FN:136,(anonymous_8)
FN:144,(anonymous_9)
FN:151,(anonymous_10)
FN:163,createCircuitBreaker
FNF:9
FNH:8
FNDA:29,(anonymous_3)
FNDA:27,(anonymous_4)
FNDA:24,(anonymous_5)
FNDA:1,(anonymous_6)
FNDA:1,(anonymous_7)
FNDA:7,(anonymous_8)
FNDA:4,(anonymous_9)
FNDA:0,(anonymous_10)
FNDA:2,createCircuitBreaker
DA:14,2
DA:35,2
DA:46,30
DA:47,29
DA:48,29
DA:49,29
DA:57,29
DA:67,27
DA:68,0
DA:70,0
DA:71,0
DA:73,0
DA:78,27
DA:80,27
DA:81,27
DA:82,27
DA:85,1
DA:86,1
DA:88,25
DA:89,25
DA:92,25
DA:93,24
DA:97,24
DA:98,24
DA:104,1
DA:105,1
DA:112,1
DA:113,1
DA:114,0
DA:115,0
DA:123,1
DA:124,1
DA:126,1
DA:127,0
DA:128,0
DA:137,7
DA:145,4
DA:152,0
DA:153,0
DA:154,0
DA:163,3
DA:164,2
LF:42
LH:31
BRDA:56,0,0,23
BRDA:67,1,0,0
BRDA:67,1,1,27
BRDA:68,2,0,0
BRDA:68,2,1,0
BRDA:92,3,0,24
BRDA:92,3,1,1
BRDA:105,4,0,1
BRDA:105,4,1,0
BRDA:113,5,0,0
BRDA:113,5,1,1
BRDA:126,6,0,0
BRDA:126,6,1,1
BRDA:163,7,0,1
BRF:14
BRH:8
end_of_record
TN:
SF:backend\lib\constants.ts
FN:98,(anonymous_20)
FN:132,(anonymous_21)
FNF:2
FNH:0
FNDA:0,(anonymous_20)
FNDA:0,(anonymous_21)
DA:11,3
DA:12,3
DA:15,3
DA:18,34
DA:27,3
DA:41,3
DA:49,3
DA:57,3
DA:58,3
DA:59,3
DA:62,3
DA:72,3
DA:97,3
DA:112,0
DA:146,0
DA:171,3
DA:172,3
DA:175,4
DA:176,4
DA:179,3
DA:180,3
LF:21
LH:19
BRDA:175,0,0,3
BRDA:175,0,1,3
BRDA:176,1,0,3
BRDA:176,1,1,3
BRF:4
BRH:4
end_of_record
TN:
SF:backend\lib\databaseManager.ts
FN:22,(anonymous_6)
FN:42,(anonymous_7)
FN:55,(anonymous_8)
FN:72,(anonymous_9)
FN:73,(anonymous_10)
FN:77,(anonymous_11)
FN:81,(anonymous_12)
FN:85,(anonymous_13)
FN:89,(anonymous_14)
FN:98,(anonymous_15)
FN:119,(anonymous_16)
FN:136,(anonymous_17)
FNF:12
FNH:0
FNDA:0,(anonymous_6)
FNDA:0,(anonymous_7)
FNDA:0,(anonymous_8)
FNDA:0,(anonymous_9)
FNDA:0,(anonymous_10)
FNDA:0,(anonymous_11)
FNDA:0,(anonymous_12)
FNDA:0,(anonymous_13)
FNDA:0,(anonymous_14)
FNDA:0,(anonymous_15)
FNDA:0,(anonymous_16)
FNDA:0,(anonymous_17)
DA:1,0
DA:2,0
DA:3,0
DA:12,0
DA:22,0
DA:23,0
DA:24,0
DA:25,0
DA:26,0
DA:28,0
DA:42,0
DA:43,0
DA:44,0
DA:47,0
DA:49,0
DA:50,0
DA:55,0
DA:58,0
DA:60,0
DA:61,0
DA:63,0
DA:64,0
DA:72,0
DA:73,0
DA:74,0
DA:77,0
DA:78,0
DA:81,0
DA:82,0
DA:85,0
DA:86,0
DA:89,0
DA:90,0
DA:98,0
DA:102,0
DA:103,0
DA:105,0
DA:110,0
DA:111,0
DA:119,0
DA:120,0
DA:121,0
DA:123,0
DA:125,0
DA:127,0
DA:128,0
DA:136,0
DA:139,0
DA:143,0
LF:49
LH:0
BRDA:23,0,0,0
BRDA:23,0,1,0
BRDA:24,1,0,0
BRDA:24,1,1,0
BRDA:25,2,0,0
BRDA:25,2,1,0
BRDA:26,3,0,0
BRDA:26,3,1,0
BRDA:43,4,0,0
BRDA:43,4,1,0
BRF:10
BRH:0
end_of_record
TN:
SF:backend\lib\docxGenerator.ts
FN:41,generateDocx
FN:81,applyAtsSafeFormatting
FN:94,addTables
FN:95,(anonymous_8)
FN:98,(anonymous_9)
FN:100,(anonymous_10)
FN:132,addBullets
FN:135,(anonymous_12)
FN:155,addResumeSections
FN:173,(anonymous_14)
FN:174,(anonymous_15)
FN:194,(anonymous_16)
FN:207,(anonymous_17)
FNF:13
FNH:0
FNDA:0,generateDocx
FNDA:0,applyAtsSafeFormatting
FNDA:0,addTables
FNDA:0,(anonymous_8)
FNDA:0,(anonymous_9)
FNDA:0,(anonymous_10)
FNDA:0,addBullets
FNDA:0,(anonymous_12)
FNDA:0,addResumeSections
FNDA:0,(anonymous_14)
FNDA:0,(anonymous_15)
FNDA:0,(anonymous_16)
FNDA:0,(anonymous_17)
DA:14,0
DA:15,0
DA:16,0
DA:41,0
DA:42,0
DA:44,0
DA:45,0
DA:46,0
DA:49,0
DA:52,0
DA:60,0
DA:63,0
DA:66,0
DA:68,0
DA:69,0
DA:71,0
DA:72,0
DA:81,0
DA:86,0
DA:94,0
DA:95,0
DA:96,0
DA:98,0
DA:99,0
DA:101,0
DA:115,0
DA:120,0
DA:121,0
DA:124,0
DA:132,0
DA:133,0
DA:135,0
DA:136,0
DA:146,0
DA:147,0
DA:157,0
DA:158,0
DA:170,0
DA:171,0
DA:172,0
DA:173,0
DA:174,0
DA:177,0
DA:178,0
DA:191,0
DA:192,0
DA:193,0
DA:194,0
DA:200,0
DA:204,0
DA:205,0
DA:206,0
DA:207,0
DA:212,0
DA:216,0
DA:217,0
DA:218,0
LF:57
LH:0
BRDA:45,0,0,0
BRDA:45,0,1,0
BRDA:96,1,0,0
BRDA:96,1,1,0
BRDA:133,2,0,0
BRDA:133,2,1,0
BRDA:157,3,0,0
BRDA:157,3,1,0
BRDA:157,4,0,0
BRDA:157,4,1,0
BRDA:170,5,0,0
BRDA:170,5,1,0
BRDA:170,6,0,0
BRDA:170,6,1,0
BRDA:177,7,0,0
BRDA:177,7,1,0
BRDA:191,8,0,0
BRDA:191,8,1,0
BRDA:191,9,0,0
BRDA:191,9,1,0
BRDA:195,10,0,0
BRDA:195,10,1,0
BRDA:196,11,0,0
BRDA:196,11,1,0
BRDA:197,12,0,0
BRDA:197,12,1,0
BRDA:204,13,0,0
BRDA:204,13,1,0
BRDA:204,14,0,0
BRDA:204,14,1,0
BRDA:208,15,0,0
BRDA:208,15,1,0
BRDA:209,16,0,0
BRDA:209,16,1,0
BRDA:216,17,0,0
BRDA:216,17,1,0
BRDA:216,18,0,0
BRDA:216,18,1,0
BRF:38
BRH:0
end_of_record
TN:
SF:backend\lib\docxParser.ts
FN:47,parseDocxContent
FN:72,extractTables
FN:119,extractBullets
FN:170,mapToResumeSchema
FN:176,(anonymous_10)
FN:178,(anonymous_11)
FN:199,(anonymous_12)
FN:206,(anonymous_13)
FN:223,(anonymous_14)
FNF:9
FNH:0
FNDA:0,parseDocxContent
FNDA:0,extractTables
FNDA:0,extractBullets
FNDA:0,mapToResumeSchema
FNDA:0,(anonymous_10)
FNDA:0,(anonymous_11)
FNDA:0,(anonymous_12)
FNDA:0,(anonymous_13)
FNDA:0,(anonymous_14)
DA:13,0
DA:14,0
DA:15,0
DA:47,0
DA:48,0
DA:50,0
DA:53,0
DA:55,0
DA:57,0
DA:62,0
DA:63,0
DA:72,0
DA:73,0
DA:74,0
DA:78,0
DA:81,0
DA:82,0
DA:83,0
DA:86,0
DA:88,0
DA:89,0
DA:90,0
DA:93,0
DA:95,0
DA:96,0
DA:97,0
DA:100,0
DA:101,0
DA:105,0
DA:106,0
DA:110,0
DA:111,0
DA:119,0
DA:120,0
DA:121,0
DA:124,0
DA:127,0
DA:128,0
DA:131,0
DA:133,0
DA:134,0
DA:135,0
DA:136,0
DA:142,0
DA:145,0
DA:146,0
DA:148,0
DA:150,0
DA:151,0
DA:152,0
DA:153,0
DA:158,0
DA:159,0
DA:170,0
DA:172,0
DA:175,0
DA:176,0
DA:177,0
DA:178,0
DA:179,0
DA:184,0
DA:185,0
DA:189,0
DA:192,0
DA:193,0
DA:194,0
DA:198,0
DA:199,0
DA:203,0
DA:205,0
DA:206,0
DA:207,0
DA:208,0
DA:215,0
DA:216,0
DA:220,0
DA:222,0
DA:223,0
DA:224,0
DA:225,0
DA:231,0
DA:232,0
DA:237,0
DA:238,0
DA:239,0
DA:242,0
DA:243,0
LF:87
LH:0
BRDA:100,0,0,0
BRDA:100,0,1,0
BRDA:105,1,0,0
BRDA:105,1,1,0
BRDA:135,2,0,0
BRDA:135,2,1,0
BRDA:152,3,0,0
BRDA:152,3,1,0
BRDA:184,4,0,0
BRDA:184,4,1,0
BRDA:193,5,0,0
BRDA:193,5,1,0
BRDA:198,6,0,0
BRDA:198,6,1,0
BRDA:203,7,0,0
BRDA:203,7,1,0
BRDA:207,8,0,0
BRDA:207,8,1,0
BRDA:209,9,0,0
BRDA:209,9,1,0
BRDA:210,10,0,0
BRDA:210,10,1,0
BRDA:211,11,0,0
BRDA:211,11,1,0
BRDA:215,12,0,0
BRDA:215,12,1,0
BRDA:220,13,0,0
BRDA:220,13,1,0
BRDA:224,14,0,0
BRDA:224,14,1,0
BRDA:226,15,0,0
BRDA:226,15,1,0
BRDA:227,16,0,0
BRDA:227,16,1,0
BRDA:231,17,0,0
BRDA:231,17,1,0
BRDA:238,18,0,0
BRDA:238,18,1,0
BRF:38
BRH:0
end_of_record
TN:
SF:backend\lib\errorHandler.ts
FN:42,(anonymous_8)
FN:58,(anonymous_9)
FN:70,(anonymous_10)
FN:85,(anonymous_11)
FN:99,(anonymous_12)
FN:111,(anonymous_13)
FN:134,(anonymous_14)
FN:135,(anonymous_15)
FNF:8
FNH:8
FNDA:21,(anonymous_8)
FNDA:126,(anonymous_9)
FNDA:3,(anonymous_10)
FNDA:3,(anonymous_11)
FNDA:3,(anonymous_12)
FNDA:2,(anonymous_13)
FNDA:3,(anonymous_14)
FNDA:8,(anonymous_15)
DA:7,2
DA:8,2
DA:9,2
DA:10,2
DA:22,15
DA:42,12
DA:48,21
DA:55,21
DA:58,21
DA:59,126
DA:62,21
DA:70,4
DA:71,3
DA:72,2
DA:85,4
DA:86,3
DA:99,4
DA:100,3
DA:111,3
DA:112,2
DA:134,4
DA:135,3
DA:136,8
DA:138,1
LF:24
LH:24
BRDA:44,0,0,5
BRDA:51,1,0,21
BRDA:51,1,1,12
BRDA:52,2,0,21
BRDA:52,2,1,5
BRF:5
BRH:5
end_of_record
TN:
SF:backend\lib\localeService.ts
FN:57,(anonymous_4)
FN:61,(anonymous_5)
FNF:2
FNH:0
FNDA:0,(anonymous_4)
FNDA:0,(anonymous_5)
DA:1,0
DA:2,0
DA:3,0
DA:4,0
DA:5,0
DA:6,0
DA:7,0
DA:47,0
DA:57,0
DA:58,0
DA:61,0
DA:62,0
LF:12
LH:0
BRF:0
BRH:0
end_of_record
TN:
SF:backend\lib\logger.ts
FN:41,(anonymous_6)
FN:58,(anonymous_7)
FN:89,getRequestLogger
FN:103,(anonymous_9)
FN:110,(anonymous_10)
FN:117,(anonymous_11)
FN:124,(anonymous_12)
FN:131,(anonymous_13)
FN:143,(anonymous_14)
FN:150,(anonymous_15)
FN:157,(anonymous_16)
FN:164,(anonymous_17)
FN:176,(anonymous_18)
FN:191,(anonymous_19)
FN:204,(anonymous_20)
FNF:15
FNH:14
FNDA:7,(anonymous_6)
FNDA:1,(anonymous_7)
FNDA:0,getRequestLogger
FNDA:34,(anonymous_9)
FNDA:1,(anonymous_10)
FNDA:6,(anonymous_11)
FNDA:5,(anonymous_12)
FNDA:7,(anonymous_13)
FNDA:3,(anonymous_14)
FNDA:4,(anonymous_15)
FNDA:3,(anonymous_16)
FNDA:1,(anonymous_17)
FNDA:3,(anonymous_18)
FNDA:2,(anonymous_19)
FNDA:1,(anonymous_20)
DA:9,5
DA:10,5
DA:13,5
DA:16,5
DA:25,5
DA:34,5
DA:37,5
DA:42,7
DA:43,7
DA:54,5
DA:58,1
DA:63,5
DA:79,5
DA:89,3
DA:90,0
DA:91,0
DA:92,0
DA:94,0
DA:100,33
DA:104,34
DA:111,1
DA:118,6
DA:125,5
DA:132,7
DA:144,3
DA:151,4
DA:158,3
DA:165,1
DA:177,3
DA:178,3
DA:192,2
DA:205,1
DA:215,10
DA:218,3
LF:34
LH:30
BRDA:13,0,0,5
BRDA:13,0,1,5
BRDA:47,1,0,7
BRDA:47,1,1,0
BRDA:58,2,0,1
BRDA:58,2,1,0
BRDA:65,3,0,0
BRDA:65,3,1,5
BRDA:80,4,0,5
BRDA:80,4,1,5
BRDA:91,5,0,0
BRDA:91,5,1,0
BRDA:91,6,0,0
BRDA:91,6,1,0
BRDA:104,7,0,34
BRDA:104,7,1,7
BRDA:177,8,0,1
BRDA:177,8,1,2
BRDA:177,9,0,1
BRDA:177,9,1,1
BRF:20
BRH:13
end_of_record
TN:
SF:backend\lib\messages.ts
FN:16,(anonymous_6)
FN:17,(anonymous_7)
FN:43,(anonymous_8)
FN:44,(anonymous_9)
FN:45,(anonymous_10)
FNF:5
FNH:0
FNDA:0,(anonymous_6)
FNDA:0,(anonymous_7)
FNDA:0,(anonymous_8)
FNDA:0,(anonymous_9)
FNDA:0,(anonymous_10)
DA:9,7
DA:16,0
DA:17,0
DA:34,2
DA:42,2
DA:43,0
DA:44,0
DA:45,0
DA:49,2
DA:61,2
LF:10
LH:5
BRF:0
BRH:0
end_of_record
TN:
SF:backend\lib\metrics.ts
FN:79,(anonymous_15)
FN:85,(anonymous_16)
FN:91,(anonymous_17)
FN:97,(anonymous_18)
FNF:4
FNH:0
FNDA:0,(anonymous_15)
FNDA:0,(anonymous_16)
FNDA:0,(anonymous_17)
FNDA:0,(anonymous_18)
DA:8,2
DA:11,2
DA:14,2
DA:21,2
DA:29,2
DA:36,2
DA:44,2
DA:51,2
DA:57,2
DA:64,2
DA:71,2
DA:79,2
DA:80,0
DA:81,0
DA:85,2
DA:86,0
DA:87,0
DA:91,2
DA:92,0
DA:93,0
DA:97,2
DA:98,0
DA:99,0
DA:100,0
DA:101,0
DA:102,0
DA:106,2
LF:27
LH:16
BRF:0
BRH:0
end_of_record
TN:
SF:backend\lib\modelUtils.ts
FN:13,(anonymous_5)
FN:14,(anonymous_6)
FN:26,(anonymous_7)
FN:29,(anonymous_8)
FN:53,(anonymous_9)
FNF:5
FNH:0
FNDA:0,(anonymous_5)
FNDA:0,(anonymous_6)
FNDA:0,(anonymous_7)
FNDA:0,(anonymous_8)
FNDA:0,(anonymous_9)
DA:13,0
DA:14,0
DA:15,0
DA:16,0
DA:26,0
DA:27,0
DA:29,0
DA:30,0
DA:33,0
DA:39,0
DA:53,0
DA:54,0
LF:12
LH:0
BRDA:15,0,0,0
BRDA:15,0,1,0
BRF:2
BRH:0
end_of_record
TN:
SF:backend\lib\privacyCompliance.ts
FN:21,(anonymous_9)
FN:32,(anonymous_10)
FN:92,(anonymous_11)
FN:140,(anonymous_12)
FN:170,(anonymous_13)
FN:182,(anonymous_14)
FN:195,(anonymous_15)
FN:235,(anonymous_16)
FN:282,(anonymous_17)
FN:320,(anonymous_18)
FN:360,(anonymous_19)
FN:374,(anonymous_20)
FN:388,(anonymous_21)
FN:396,(anonymous_22)
FN:481,(anonymous_23)
FN:494,(anonymous_24)
FNF:16
FNH:0
FNDA:0,(anonymous_9)
FNDA:0,(anonymous_10)
FNDA:0,(anonymous_11)
FNDA:0,(anonymous_12)
FNDA:0,(anonymous_13)
FNDA:0,(anonymous_14)
FNDA:0,(anonymous_15)
FNDA:0,(anonymous_16)
FNDA:0,(anonymous_17)
FNDA:0,(anonymous_18)
FNDA:0,(anonymous_19)
FNDA:0,(anonymous_20)
FNDA:0,(anonymous_21)
FNDA:0,(anonymous_22)
FNDA:0,(anonymous_23)
FNDA:0,(anonymous_24)
DA:12,0
DA:13,0
DA:14,0
DA:15,0
DA:16,0
DA:21,0
DA:32,0
DA:88,0
DA:99,0
DA:110,0
DA:119,0
DA:122,0
DA:134,0
DA:147,0
DA:154,0
DA:175,0
DA:176,0
DA:184,0
DA:191,0
DA:201,0
DA:204,0
DA:214,0
DA:217,0
DA:229,0
DA:236,0
DA:238,0
DA:241,0
DA:244,0
DA:247,0
DA:250,0
DA:256,0
DA:270,0
DA:274,0
DA:275,0
DA:284,0
DA:290,0
DA:291,0
DA:292,0
DA:299,0
DA:316,0
DA:322,0
DA:323,0
DA:324,0
DA:325,0
DA:327,0
DA:342,0
DA:354,0
DA:363,0
DA:370,0
DA:376,0
DA:377,0
DA:379,0
DA:390,0
DA:407,0
DA:412,0
DA:417,0
DA:423,0
DA:429,0
DA:431,0
DA:444,0
DA:447,0
DA:456,0
DA:464,0
DA:472,0
DA:488,0
DA:500,0
DA:502,0
DA:503,0
DA:504,0
DA:505,0
DA:507,0
LF:71
LH:0
BRDA:21,0,0,0
BRDA:21,0,1,0
BRDA:32,1,0,0
BRDA:32,1,1,0
BRDA:176,2,0,0
BRDA:176,2,1,0
BRDA:176,2,2,0
BRDA:363,3,0,0
BRDA:363,3,1,0
BRDA:363,3,2,0
BRDA:363,3,3,0
BRDA:363,3,4,0
BRDA:502,4,0,0
BRDA:502,4,1,0
BRDA:503,5,0,0
BRDA:503,5,1,0
BRDA:504,6,0,0
BRDA:504,6,1,0
BRDA:505,7,0,0
BRDA:505,7,1,0
BRF:20
BRH:0
end_of_record
TN:
SF:backend\lib\rateLimitingService.ts
FN:95,(anonymous_4)
FN:108,(anonymous_5)
FN:111,(anonymous_6)
FN:123,(anonymous_7)
FN:125,(anonymous_8)
FN:190,(anonymous_9)
FN:198,(anonymous_10)
FN:283,(anonymous_11)
FN:289,(anonymous_12)
FN:335,(anonymous_13)
FN:349,(anonymous_14)
FN:390,(anonymous_15)
FN:400,(anonymous_16)
FN:412,(anonymous_17)
FN:426,getRateLimitingService
FNF:15
FNH:0
FNDA:0,(anonymous_4)
FNDA:0,(anonymous_5)
FNDA:0,(anonymous_6)
FNDA:0,(anonymous_7)
FNDA:0,(anonymous_8)
FNDA:0,(anonymous_9)
FNDA:0,(anonymous_10)
FNDA:0,(anonymous_11)
FNDA:0,(anonymous_12)
FNDA:0,(anonymous_13)
FNDA:0,(anonymous_14)
FNDA:0,(anonymous_15)
FNDA:0,(anonymous_16)
FNDA:0,(anonymous_17)
FNDA:0,getRateLimitingService
DA:17,0
DA:18,0
DA:20,0
DA:45,0
DA:83,0
DA:88,0
DA:89,0
DA:96,0
DA:97,0
DA:98,0
DA:101,0
DA:102,0
DA:103,0
DA:105,0
DA:108,0
DA:109,0
DA:110,0
DA:112,0
DA:113,0
DA:117,0
DA:124,0
DA:125,0
DA:127,0
DA:128,0
DA:129,0
DA:130,0
DA:134,0
DA:162,0
DA:163,0
DA:164,0
DA:173,0
DA:176,0
DA:178,0
DA:179,0
DA:195,0
DA:197,0
DA:198,0
DA:200,0
DA:201,0
DA:203,0
DA:204,0
DA:207,0
DA:208,0
DA:209,0
DA:212,0
DA:215,0
DA:218,0
DA:221,0
DA:223,0
DA:225,0
DA:226,0
DA:229,0
DA:230,0
DA:232,0
DA:240,0
DA:242,0
DA:251,0
DA:260,0
DA:267,0
DA:288,0
DA:289,0
DA:291,0
DA:292,0
DA:294,0
DA:295,0
DA:298,0
DA:301,0
DA:302,0
DA:305,0
DA:308,0
DA:309,0
DA:311,0
DA:320,0
DA:324,0
DA:348,0
DA:349,0
DA:350,0
DA:353,0
DA:354,0
DA:355,0
DA:356,0
DA:357,0
DA:358,0
DA:359,0
DA:360,0
DA:362,0
DA:364,0
DA:365,0
DA:370,0
DA:373,0
DA:376,0
DA:381,0
DA:392,0
DA:393,0
DA:401,0
DA:413,0
DA:414,0
DA:419,0
DA:426,0
DA:427,0
DA:428,0
DA:430,0
DA:433,0
LF:103
LH:0
BRDA:55,0,0,0
BRDA:55,0,1,0
BRDA:95,1,0,0
BRDA:102,2,0,0
BRDA:102,2,1,0
BRDA:128,3,0,0
BRDA:128,3,1,0
BRDA:193,4,0,0
BRDA:203,5,0,0
BRDA:203,5,1,0
BRDA:204,6,0,0
BRDA:204,6,1,0
BRDA:223,7,0,0
BRDA:223,7,1,0
BRDA:253,8,0,0
BRDA:253,8,1,0
BRDA:256,9,0,0
BRDA:256,9,1,0
BRDA:286,10,0,0
BRDA:294,11,0,0
BRDA:294,11,1,0
BRDA:295,12,0,0
BRDA:295,12,1,0
BRDA:309,13,0,0
BRDA:309,13,1,0
BRDA:354,14,0,0
BRDA:354,14,1,0
BRDA:355,15,0,0
BRDA:355,15,1,0
BRDA:356,16,0,0
BRDA:356,16,1,0
BRDA:357,17,0,0
BRDA:357,17,1,0
BRDA:358,18,0,0
BRDA:358,18,1,0
BRDA:359,19,0,0
BRDA:359,19,1,0
BRDA:360,20,0,0
BRDA:360,20,1,0
BRDA:364,21,0,0
BRDA:364,21,1,0
BRDA:427,22,0,0
BRDA:427,22,1,0
BRF:43
BRH:0
end_of_record
TN:
SF:backend\lib\resumeParser.ts
FN:3,(anonymous_1)
FN:19,(anonymous_2)
FN:54,(anonymous_3)
FN:62,(anonymous_4)
FN:66,(anonymous_5)
FN:77,(anonymous_6)
FN:86,(anonymous_7)
FN:92,(anonymous_8)
FN:125,(anonymous_9)
FN:134,(anonymous_10)
FN:140,(anonymous_11)
FN:173,(anonymous_12)
FN:181,(anonymous_13)
FN:184,(anonymous_14)
FN:186,(anonymous_15)
FN:191,(anonymous_16)
FN:195,(anonymous_17)
FNF:17
FNH:0
FNDA:0,(anonymous_1)
FNDA:0,(anonymous_2)
FNDA:0,(anonymous_3)
FNDA:0,(anonymous_4)
FNDA:0,(anonymous_5)
FNDA:0,(anonymous_6)
FNDA:0,(anonymous_7)
FNDA:0,(anonymous_8)
FNDA:0,(anonymous_9)
FNDA:0,(anonymous_10)
FNDA:0,(anonymous_11)
FNDA:0,(anonymous_12)
FNDA:0,(anonymous_13)
FNDA:0,(anonymous_14)
FNDA:0,(anonymous_15)
FNDA:0,(anonymous_16)
FNDA:0,(anonymous_17)
DA:3,0
DA:4,0
DA:5,0
DA:6,0
DA:7,0
DA:8,0
DA:10,0
DA:19,0
DA:20,0
DA:22,0
DA:23,0
DA:24,0
DA:26,0
DA:27,0
DA:28,0
DA:31,0
DA:32,0
DA:33,0
DA:36,0
DA:37,0
DA:38,0
DA:42,0
DA:43,0
DA:44,0
DA:45,0
DA:46,0
DA:47,0
DA:51,0
DA:54,0
DA:55,0
DA:56,0
DA:57,0
DA:58,0
DA:60,0
DA:61,0
DA:62,0
DA:63,0
DA:64,0
DA:65,0
DA:66,0
DA:67,0
DA:68,0
DA:70,0
DA:74,0
DA:77,0
DA:78,0
DA:79,0
DA:80,0
DA:81,0
DA:82,0
DA:84,0
DA:85,0
DA:86,0
DA:87,0
DA:88,0
DA:91,0
DA:92,0
DA:93,0
DA:94,0
DA:95,0
DA:97,0
DA:101,0
DA:102,0
DA:103,0
DA:104,0
DA:105,0
DA:106,0
DA:107,0
DA:108,0
DA:109,0
DA:110,0
DA:111,0
DA:112,0
DA:114,0
DA:115,0
DA:116,0
DA:122,0
DA:125,0
DA:126,0
DA:127,0
DA:128,0
DA:129,0
DA:130,0
DA:132,0
DA:133,0
DA:134,0
DA:135,0
DA:136,0
DA:139,0
DA:140,0
DA:141,0
DA:142,0
DA:143,0
DA:145,0
DA:149,0
DA:150,0
DA:151,0
DA:152,0
DA:153,0
DA:154,0
DA:155,0
DA:156,0
DA:157,0
DA:158,0
DA:159,0
DA:160,0
DA:162,0
DA:163,0
DA:164,0
DA:170,0
DA:173,0
DA:174,0
DA:175,0
DA:176,0
DA:177,0
DA:179,0
DA:180,0
DA:181,0
DA:182,0
DA:183,0
DA:184,0
DA:185,0
DA:186,0
DA:187,0
DA:188,0
DA:190,0
DA:191,0
DA:195,0
LF:128
LH:0
BRDA:27,0,0,0
BRDA:27,0,1,0
BRDA:32,1,0,0
BRDA:32,1,1,0
BRDA:37,2,0,0
BRDA:37,2,1,0
BRDA:45,3,0,0
BRDA:45,3,1,0
BRDA:45,4,0,0
BRDA:45,4,1,0
BRDA:45,4,2,0
BRDA:45,4,3,0
BRDA:62,5,0,0
BRDA:62,5,1,0
BRDA:65,6,0,0
BRDA:65,6,1,0
BRDA:66,7,0,0
BRDA:66,7,1,0
BRDA:66,8,0,0
BRDA:66,8,1,0
BRDA:86,9,0,0
BRDA:86,9,1,0
BRDA:91,10,0,0
BRDA:91,10,1,0
BRDA:92,11,0,0
BRDA:92,11,1,0
BRDA:94,12,0,0
BRDA:94,12,1,0
BRDA:101,13,0,0
BRDA:101,13,1,0
BRDA:101,14,0,0
BRDA:101,14,1,0
BRDA:103,15,0,0
BRDA:103,15,1,0
BRDA:103,16,0,0
BRDA:103,16,1,0
BRDA:105,17,0,0
BRDA:105,17,1,0
BRDA:105,18,0,0
BRDA:105,18,1,0
BRDA:107,19,0,0
BRDA:107,19,1,0
BRDA:107,20,0,0
BRDA:107,20,1,0
BRDA:109,21,0,0
BRDA:109,21,1,0
BRDA:109,22,0,0
BRDA:109,22,1,0
BRDA:111,23,0,0
BRDA:111,23,1,0
BRDA:112,24,0,0
BRDA:112,24,1,0
BRDA:114,25,0,0
BRDA:114,25,1,0
BRDA:134,26,0,0
BRDA:134,26,1,0
BRDA:139,27,0,0
BRDA:139,27,1,0
BRDA:140,28,0,0
BRDA:140,28,1,0
BRDA:142,29,0,0
BRDA:142,29,1,0
BRDA:149,30,0,0
BRDA:149,30,1,0
BRDA:149,31,0,0
BRDA:149,31,1,0
BRDA:151,32,0,0
BRDA:151,32,1,0
BRDA:151,33,0,0
BRDA:151,33,1,0
BRDA:153,34,0,0
BRDA:153,34,1,0
BRDA:153,35,0,0
BRDA:153,35,1,0
BRDA:155,36,0,0
BRDA:155,36,1,0
BRDA:155,37,0,0
BRDA:155,37,1,0
BRDA:157,38,0,0
BRDA:157,38,1,0
BRDA:157,39,0,0
BRDA:157,39,1,0
BRDA:159,40,0,0
BRDA:159,40,1,0
BRDA:159,41,0,0
BRDA:159,41,1,0
BRDA:162,42,0,0
BRDA:162,42,1,0
BRDA:181,43,0,0
BRDA:181,43,1,0
BRDA:185,44,0,0
BRDA:185,44,1,0
BRDA:186,45,0,0
BRDA:186,45,1,0
BRDA:186,46,0,0
BRDA:186,46,1,0
BRF:96
BRH:0
end_of_record
TN:
SF:backend\lib\securityLogger.ts
FN:35,(anonymous_4)
FN:57,(anonymous_5)
FN:79,(anonymous_6)
FN:101,(anonymous_7)
FN:109,(anonymous_8)
FN:139,(anonymous_9)
FN:147,(anonymous_10)
FN:174,(anonymous_11)
FN:202,(anonymous_12)
FN:230,(anonymous_13)
FN:259,(anonymous_14)
FN:283,(anonymous_15)
FN:311,(anonymous_16)
FN:335,(anonymous_17)
FN:385,(anonymous_18)
FN:393,(anonymous_19)
FN:405,(anonymous_20)
FN:417,(anonymous_21)
FNF:18
FNH:0
FNDA:0,(anonymous_4)
FNDA:0,(anonymous_5)
FNDA:0,(anonymous_6)
FNDA:0,(anonymous_7)
FNDA:0,(anonymous_8)
FNDA:0,(anonymous_9)
FNDA:0,(anonymous_10)
FNDA:0,(anonymous_11)
FNDA:0,(anonymous_12)
FNDA:0,(anonymous_13)
FNDA:0,(anonymous_14)
FNDA:0,(anonymous_15)
FNDA:0,(anonymous_16)
FNDA:0,(anonymous_17)
FNDA:0,(anonymous_18)
FNDA:0,(anonymous_19)
FNDA:0,(anonymous_20)
FNDA:0,(anonymous_21)
DA:9,0
DA:10,0
DA:15,0
DA:36,0
DA:38,0
DA:44,0
DA:45,0
DA:54,0
DA:58,0
DA:60,0
DA:66,0
DA:67,0
DA:76,0
DA:80,0
DA:82,0
DA:88,0
DA:89,0
DA:98,0
DA:103,0
DA:110,0
DA:112,0
DA:118,0
DA:119,0
DA:128,0
DA:136,0
DA:140,0
DA:141,0
DA:151,0
DA:152,0
DA:154,0
DA:161,0
DA:162,0
DA:179,0
DA:180,0
DA:182,0
DA:189,0
DA:190,0
DA:207,0
DA:208,0
DA:210,0
DA:217,0
DA:218,0
DA:235,0
DA:236,0
DA:238,0
DA:245,0
DA:246,0
DA:264,0
DA:266,0
DA:273,0
DA:288,0
DA:289,0
DA:291,0
DA:298,0
DA:299,0
DA:316,0
DA:318,0
DA:325,0
DA:346,0
DA:348,0
DA:362,0
DA:363,0
DA:365,0
DA:375,0
DA:387,0
DA:394,0
DA:395,0
DA:396,0
DA:397,0
DA:399,0
DA:406,0
DA:407,0
DA:408,0
DA:409,0
DA:411,0
DA:418,0
DA:421,0
DA:423,0
DA:425,0
DA:431,0
LF:80
LH:0
BRDA:44,0,0,0
BRDA:44,0,1,0
BRDA:66,1,0,0
BRDA:66,1,1,0
BRDA:88,2,0,0
BRDA:88,2,1,0
BRDA:118,3,0,0
BRDA:118,3,1,0
BRDA:161,4,0,0
BRDA:161,4,1,0
BRDA:189,5,0,0
BRDA:189,5,1,0
BRDA:217,6,0,0
BRDA:217,6,1,0
BRDA:245,7,0,0
BRDA:245,7,1,0
BRDA:298,8,0,0
BRDA:298,8,1,0
BRDA:394,9,0,0
BRDA:394,9,1,0
BRDA:394,10,0,0
BRDA:394,10,1,0
BRDA:396,11,0,0
BRDA:396,11,1,0
BRDA:406,12,0,0
BRDA:406,12,1,0
BRDA:408,13,0,0
BRDA:408,13,1,0
BRDA:418,14,0,0
BRDA:418,14,1,0
BRDA:418,14,2,0
BRDA:418,14,3,0
BRF:32
BRH:0
end_of_record
TN:
SF:backend\lib\validations.ts
FN:35,(anonymous_13)
FN:50,(anonymous_14)
FN:61,(anonymous_15)
FN:71,(anonymous_16)
FN:76,(anonymous_17)
FN:94,(anonymous_18)
FN:109,(anonymous_19)
FN:120,(anonymous_20)
FN:125,(anonymous_21)
FN:140,(anonymous_22)
FN:143,(anonymous_23)
FN:152,(anonymous_24)
FN:161,(anonymous_25)
FN:169,(anonymous_26)
FN:195,(anonymous_27)
FN:199,(anonymous_28)
FN:233,(anonymous_29)
FN:264,(anonymous_30)
FNF:18
FNH:18
FNDA:4,(anonymous_13)
FNDA:19,(anonymous_14)
FNDA:18,(anonymous_15)
FNDA:28,(anonymous_16)
FNDA:5,(anonymous_17)
FNDA:13,(anonymous_18)
FNDA:10,(anonymous_19)
FNDA:9,(anonymous_20)
FNDA:15,(anonymous_21)
FNDA:26,(anonymous_22)
FNDA:172,(anonymous_23)
FNDA:28,(anonymous_24)
FNDA:139,(anonymous_25)
FNDA:6,(anonymous_26)
FNDA:7,(anonymous_27)
FNDA:18,(anonymous_28)
FNDA:7,(anonymous_29)
FNDA:28,(anonymous_30)
DA:35,5
DA:36,4
DA:37,1
DA:39,3
DA:40,1
DA:42,2
DA:50,14
DA:51,19
DA:52,19
DA:61,6
DA:62,18
DA:71,13
DA:72,28
DA:74,26
DA:76,26
DA:77,5
DA:84,5
DA:94,14
DA:95,13
DA:96,13
DA:97,13
DA:98,13
DA:99,13
DA:100,13
DA:109,11
DA:110,10
DA:111,10
DA:120,10
DA:121,9
DA:122,9
DA:124,6
DA:125,15
DA:126,3
DA:128,3
DA:130,3
DA:140,10
DA:141,26
DA:142,26
DA:143,172
DA:152,11
DA:153,28
DA:161,139
DA:169,7
DA:171,6
DA:174,5
DA:175,5
DA:178,5
DA:181,5
DA:184,3
DA:186,3
DA:195,8
DA:196,7
DA:199,7
DA:200,18
DA:201,18
DA:203,15
DA:204,1
DA:205,1
DA:209,14
DA:210,1
DA:211,1
DA:215,13
DA:216,13
DA:219,13
DA:220,1
DA:225,7
DA:233,8
DA:234,7
DA:237,7
DA:238,1
DA:239,6
DA:240,1
DA:243,7
DA:244,0
DA:247,7
DA:248,0
DA:251,7
DA:252,7
DA:253,1
DA:258,7
DA:259,1
DA:263,7
DA:264,7
DA:265,28
DA:266,3
DA:267,0
DA:270,3
DA:271,1
DA:274,3
DA:275,0
DA:278,3
DA:283,7
LF:92
LH:88
BRDA:36,0,0,1
BRDA:36,0,1,3
BRDA:39,1,0,1
BRDA:39,1,1,2
BRDA:72,2,0,2
BRDA:72,2,1,26
BRDA:84,3,0,5
BRDA:84,3,1,0
BRDA:100,4,0,13
BRDA:100,4,1,10
BRDA:100,4,2,8
BRDA:100,4,3,7
BRDA:100,4,4,6
BRDA:125,5,0,3
BRDA:125,5,1,3
BRDA:171,6,0,1
BRDA:171,6,1,5
BRDA:178,7,0,0
BRDA:178,7,1,5
BRDA:178,8,0,5
BRDA:178,8,1,5
BRDA:181,9,0,2
BRDA:181,9,1,3
BRDA:181,10,0,5
BRDA:181,10,1,4
BRDA:184,11,0,0
BRDA:184,11,1,3
BRDA:201,12,0,15
BRDA:201,12,1,3
BRDA:203,13,0,1
BRDA:203,13,1,14
BRDA:209,14,0,1
BRDA:209,14,1,13
BRDA:219,15,0,1
BRDA:219,15,1,12
BRDA:219,16,0,13
BRDA:219,16,1,13
BRDA:237,17,0,1
BRDA:237,17,1,6
BRDA:237,18,0,7
BRDA:237,18,1,6
BRDA:237,18,2,6
BRDA:239,19,0,1
BRDA:239,19,1,5
BRDA:243,20,0,0
BRDA:243,20,1,7
BRDA:243,21,0,7
BRDA:243,21,1,7
BRDA:243,21,2,7
BRDA:247,22,0,0
BRDA:247,22,1,7
BRDA:247,23,0,7
BRDA:247,23,1,7
BRDA:247,23,2,7
BRDA:252,24,0,1
BRDA:252,24,1,6
BRDA:258,25,0,1
BRDA:258,25,1,6
BRDA:258,26,0,7
BRDA:258,26,1,2
BRDA:258,26,2,2
BRDA:265,27,0,3
BRDA:265,27,1,25
BRDA:266,28,0,0
BRDA:266,28,1,3
BRDA:270,29,0,1
BRDA:270,29,1,2
BRDA:274,30,0,0
BRDA:274,30,1,3
BRF:69
BRH:62
end_of_record
TN:
SF:backend\lib\withHelmet.ts
FN:7,withHelmet
FN:8,(anonymous_3)
FN:10,(anonymous_4)
FN:11,(anonymous_5)
FNF:4
FNH:0
FNDA:0,withHelmet
FNDA:0,(anonymous_3)
FNDA:0,(anonymous_4)
FNDA:0,(anonymous_5)
DA:1,0
DA:7,0
DA:8,0
DA:10,0
DA:11,0
DA:12,0
DA:13,0
DA:16,0
LF:8
LH:0
BRDA:12,0,0,0
BRDA:12,0,1,0
BRF:2
BRH:0
end_of_record
TN:
SF:backend\middleware\security.ts
FN:78,(anonymous_10)
FN:110,(anonymous_11)
FN:130,(anonymous_12)
FN:151,(anonymous_13)
FNF:4
FNH:0
FNDA:0,(anonymous_10)
FNDA:0,(anonymous_11)
FNDA:0,(anonymous_12)
FNDA:0,(anonymous_13)
DA:1,0
DA:2,0
DA:3,0
DA:13,0
DA:25,0
DA:38,0
DA:50,0
DA:77,0
DA:80,0
DA:82,0
DA:89,0
DA:90,0
DA:92,0
DA:110,0
DA:112,0
DA:115,0
DA:116,0
DA:117,0
DA:118,0
DA:121,0
DA:124,0
DA:126,0
DA:130,0
DA:132,0
DA:133,0
DA:137,0
DA:138,0
DA:140,0
DA:141,0
DA:147,0
DA:151,0
DA:152,0
DA:154,0
DA:155,0
DA:161,0
LF:35
LH:0
BRDA:80,0,0,0
BRDA:80,0,1,0
BRDA:89,1,0,0
BRDA:89,1,1,0
BRDA:132,2,0,0
BRDA:132,2,1,0
BRDA:137,3,0,0
BRDA:137,3,1,0
BRDA:140,4,0,0
BRDA:140,4,1,0
BRDA:140,5,0,0
BRDA:140,5,1,0
BRDA:140,5,2,0
BRDA:154,6,0,0
BRDA:154,6,1,0
BRDA:154,7,0,0
BRDA:154,7,1,0
BRF:17
BRH:0
end_of_record
TN:
SF:backend\models\AdMetric.ts
FN:69,(anonymous_2)
FNF:1
FNH:0
FNDA:0,(anonymous_2)
DA:8,0
DA:36,0
DA:69,0
DA:70,0
DA:71,0
DA:73,0
DA:80,0
DA:82,0
LF:8
LH:0
BRDA:70,0,0,0
BRDA:70,0,1,0
BRDA:80,1,0,0
BRDA:80,1,1,0
BRF:4
BRH:0
end_of_record
TN:
SF:backend\models\AdblockEvent.ts
FN:68,(anonymous_2)
FNF:1
FNH:0
FNDA:0,(anonymous_2)
DA:8,0
DA:36,0
DA:68,0
DA:69,0
DA:70,0
DA:72,0
DA:79,0
DA:81,0
LF:8
LH:0
BRDA:69,0,0,0
BRDA:69,0,1,0
BRDA:79,1,0,0
BRDA:79,1,1,0
BRF:4
BRH:0
end_of_record
TN:
SF:backend\models\AuditLog.ts
FN:110,(anonymous_2)
FN:121,(anonymous_3)
FN:122,(anonymous_4)
FN:132,(anonymous_5)
FN:150,(anonymous_6)
FN:154,(anonymous_7)
FN:158,(anonymous_8)
FN:162,(anonymous_9)
FN:166,(anonymous_10)
FN:170,(anonymous_11)
FNF:10
FNH:0
FNDA:0,(anonymous_2)
FNDA:0,(anonymous_3)
FNDA:0,(anonymous_4)
FNDA:0,(anonymous_5)
FNDA:0,(anonymous_6)
FNDA:0,(anonymous_7)
FNDA:0,(anonymous_8)
FNDA:0,(anonymous_9)
FNDA:0,(anonymous_10)
FNDA:0,(anonymous_11)
DA:21,0
DA:22,0
DA:64,0
DA:110,0
DA:111,0
DA:112,0
DA:114,0
DA:115,0
DA:117,0
DA:121,0
DA:122,0
DA:123,0
DA:124,0
DA:126,0
DA:127,0
DA:132,0
DA:133,0
DA:134,0
DA:135,0
DA:137,0
DA:138,0
DA:144,0
DA:145,0
DA:146,0
DA:150,0
DA:151,0
DA:154,0
DA:155,0
DA:158,0
DA:159,0
DA:162,0
DA:163,0
DA:166,0
DA:167,0
DA:170,0
DA:171,0
DA:176,0
DA:178,0
DA:180,0
DA:186,0
DA:188,0
LF:41
LH:0
BRDA:111,0,0,0
BRDA:111,0,1,0
BRDA:114,1,0,0
BRDA:114,1,1,0
BRDA:123,2,0,0
BRDA:123,2,1,0
BRDA:126,3,0,0
BRDA:126,3,1,0
BRDA:133,4,0,0
BRDA:133,4,1,0
BRDA:134,5,0,0
BRDA:134,5,1,0
BRDA:137,6,0,0
BRDA:137,6,1,0
BRDA:186,7,0,0
BRDA:186,7,1,0
BRF:16
BRH:0
end_of_record
TN:
SF:backend\models\ConsentRecord.ts
FN:96,(anonymous_2)
FN:108,(anonymous_3)
FN:109,(anonymous_4)
FN:119,(anonymous_5)
FNF:4
FNH:0
FNDA:0,(anonymous_2)
FNDA:0,(anonymous_3)
FNDA:0,(anonymous_4)
FNDA:0,(anonymous_5)
DA:18,0
DA:19,0
DA:54,0
DA:96,0
DA:97,0
DA:98,0
DA:100,0
DA:101,0
DA:103,0
DA:108,0
DA:109,0
DA:110,0
DA:111,0
DA:113,0
DA:114,0
DA:119,0
DA:120,0
DA:121,0
DA:122,0
DA:124,0
DA:125,0
DA:132,0
DA:134,0
DA:140,0
DA:142,0
LF:25
LH:0
BRDA:97,0,0,0
BRDA:97,0,1,0
BRDA:100,1,0,0
BRDA:100,1,1,0
BRDA:110,2,0,0
BRDA:110,2,1,0
BRDA:113,3,0,0
BRDA:113,3,1,0
BRDA:120,4,0,0
BRDA:120,4,1,0
BRDA:121,5,0,0
BRDA:121,5,1,0
BRDA:124,6,0,0
BRDA:124,6,1,0
BRDA:140,7,0,0
BRDA:140,7,1,0
BRF:16
BRH:0
end_of_record
TN:
SF:backend\models\ErasureRequest.ts
FN:103,(anonymous_2)
FN:114,(anonymous_3)
FN:115,(anonymous_4)
FN:125,(anonymous_5)
FNF:4
FNH:0
FNDA:0,(anonymous_2)
FNDA:0,(anonymous_3)
FNDA:0,(anonymous_4)
FNDA:0,(anonymous_5)
DA:20,0
DA:21,0
DA:57,0
DA:103,0
DA:104,0
DA:105,0
DA:107,0
DA:108,0
DA:110,0
DA:114,0
DA:115,0
DA:116,0
DA:117,0
DA:119,0
DA:120,0
DA:125,0
DA:126,0
DA:127,0
DA:128,0
DA:130,0
DA:131,0
DA:137,0
DA:138,0
DA:144,0
DA:146,0
LF:25
LH:0
BRDA:104,0,0,0
BRDA:104,0,1,0
BRDA:107,1,0,0
BRDA:107,1,1,0
BRDA:116,2,0,0
BRDA:116,2,1,0
BRDA:119,3,0,0
BRDA:119,3,1,0
BRDA:126,4,0,0
BRDA:126,4,1,0
BRDA:127,5,0,0
BRDA:127,5,1,0
BRDA:130,6,0,0
BRDA:130,6,1,0
BRDA:144,7,0,0
BRDA:144,7,1,0
BRF:16
BRH:0
end_of_record
TN:
SF:backend\models\RateLimitBucket.ts
FN:103,(anonymous_2)
FN:113,(anonymous_3)
FN:120,(anonymous_4)
FN:131,(anonymous_5)
FNF:4
FNH:0
FNDA:0,(anonymous_2)
FNDA:0,(anonymous_3)
FNDA:0,(anonymous_4)
FNDA:0,(anonymous_5)
DA:8,0
DA:43,0
DA:95,0
DA:96,0
DA:97,0
DA:103,0
DA:104,0
DA:105,0
DA:107,0
DA:113,0
DA:114,0
DA:120,0
DA:121,0
DA:122,0
DA:124,0
DA:131,0
DA:132,0
DA:135,0
DA:142,0
DA:145,0
LF:20
LH:0
BRDA:86,0,0,0
BRDA:86,0,1,0
BRDA:104,1,0,0
BRDA:104,1,1,0
BRDA:121,2,0,0
BRDA:121,2,1,0
BRDA:135,3,0,0
BRDA:135,3,1,0
BRDA:142,4,0,0
BRDA:142,4,1,0
BRF:10
BRH:0
end_of_record
TN:
SF:backend\models\RateLimitConfig.ts
FN:109,(anonymous_2)
FN:126,(anonymous_3)
FN:143,(anonymous_4)
FN:152,(anonymous_5)
FN:160,(anonymous_6)
FN:174,(anonymous_7)
FNF:6
FNH:0
FNDA:0,(anonymous_2)
FNDA:0,(anonymous_3)
FNDA:0,(anonymous_4)
FNDA:0,(anonymous_5)
FNDA:0,(anonymous_6)
FNDA:0,(anonymous_7)
DA:8,0
DA:43,0
DA:101,0
DA:102,0
DA:103,0
DA:109,0
DA:111,0
DA:112,0
DA:116,0
DA:117,0
DA:120,0
DA:126,0
DA:127,0
DA:128,0
DA:129,0
DA:131,0
DA:132,0
DA:133,0
DA:134,0
DA:136,0
DA:143,0
DA:144,0
DA:152,0
DA:153,0
DA:160,0
DA:164,0
DA:174,0
DA:178,0
DA:189,0
DA:192,0
LF:30
LH:0
BRDA:111,0,0,0
BRDA:111,0,1,0
BRDA:111,1,0,0
BRDA:111,1,1,0
BRDA:116,2,0,0
BRDA:116,2,1,0
BRDA:116,3,0,0
BRDA:116,3,1,0
BRDA:131,4,0,0
BRDA:131,4,1,0
BRDA:133,5,0,0
BRDA:133,5,1,0
BRDA:144,6,0,0
BRDA:144,6,1,0
BRDA:144,6,2,0
BRDA:162,7,0,0
BRDA:189,8,0,0
BRDA:189,8,1,0
BRF:18
BRH:0
end_of_record
TN:
SF:backend\models\Resume.ts
FN:37,encryptFields
FN:38,(anonymous_3)
FN:46,decryptFields
FN:48,(anonymous_5)
FN:56,decryptFieldsInArray
FN:57,(anonymous_7)
FN:122,(anonymous_8)
FN:123,(anonymous_9)
FN:132,(anonymous_10)
FN:143,(anonymous_11)
FN:154,(anonymous_12)
FN:160,(anonymous_13)
FN:172,(anonymous_14)
FN:176,(anonymous_15)
FN:180,(anonymous_16)
FN:184,(anonymous_17)
FN:188,(anonymous_18)
FNF:17
FNH:0
FNDA:0,encryptFields
FNDA:0,(anonymous_3)
FNDA:0,decryptFields
FNDA:0,(anonymous_5)
FNDA:0,decryptFieldsInArray
FNDA:0,(anonymous_7)
FNDA:0,(anonymous_8)
FNDA:0,(anonymous_9)
FNDA:0,(anonymous_10)
FNDA:0,(anonymous_11)
FNDA:0,(anonymous_12)
FNDA:0,(anonymous_13)
FNDA:0,(anonymous_14)
FNDA:0,(anonymous_15)
FNDA:0,(anonymous_16)
FNDA:0,(anonymous_17)
FNDA:0,(anonymous_18)
DA:1,0
DA:2,0
DA:34,0
DA:38,0
DA:39,0
DA:40,0
DA:47,0
DA:48,0
DA:49,0
DA:50,0
DA:57,0
DA:60,0
DA:75,0
DA:110,0
DA:113,0
DA:116,0
DA:119,0
DA:122,0
DA:123,0
DA:124,0
DA:125,0
DA:128,0
DA:132,0
DA:133,0
DA:134,0
DA:135,0
DA:136,0
DA:138,0
DA:140,0
DA:143,0
DA:144,0
DA:145,0
DA:146,0
DA:147,0
DA:149,0
DA:151,0
DA:154,0
DA:155,0
DA:156,0
DA:157,0
DA:160,0
DA:161,0
DA:162,0
DA:163,0
DA:164,0
DA:166,0
DA:168,0
DA:172,0
DA:173,0
DA:176,0
DA:177,0
DA:180,0
DA:181,0
DA:184,0
DA:185,0
DA:188,0
DA:189,0
DA:192,0
DA:194,0
LF:59
LH:0
BRDA:39,0,0,0
BRDA:39,0,1,0
BRDA:47,1,0,0
BRDA:47,1,1,0
BRDA:49,2,0,0
BRDA:49,2,1,0
BRDA:124,3,0,0
BRDA:124,3,1,0
BRDA:134,4,0,0
BRDA:134,4,1,0
BRDA:134,5,0,0
BRDA:134,5,1,0
BRDA:135,6,0,0
BRDA:135,6,1,0
BRDA:145,7,0,0
BRDA:145,7,1,0
BRDA:145,8,0,0
BRDA:145,8,1,0
BRDA:146,9,0,0
BRDA:146,9,1,0
BRDA:162,10,0,0
BRDA:162,10,1,0
BRDA:162,11,0,0
BRDA:162,11,1,0
BRDA:163,12,0,0
BRDA:163,12,1,0
BRDA:192,13,0,0
BRDA:192,13,1,0
BRF:28
BRH:0
end_of_record
TN:
SF:backend\models\SecurityEvent.ts
FN:110,(anonymous_2)
FN:124,(anonymous_3)
FN:125,(anonymous_4)
FN:138,(anonymous_5)
FN:165,(anonymous_6)
FNF:5
FNH:0
FNDA:0,(anonymous_2)
FNDA:0,(anonymous_3)
FNDA:0,(anonymous_4)
FNDA:0,(anonymous_5)
FNDA:0,(anonymous_6)
DA:9,0
DA:10,0
DA:11,0
DA:12,0
DA:55,0
DA:110,0
DA:111,0
DA:112,0
DA:114,0
DA:115,0
DA:117,0
DA:118,0
DA:120,0
DA:124,0
DA:125,0
DA:126,0
DA:127,0
DA:129,0
DA:130,0
DA:132,0
DA:133,0
DA:138,0
DA:139,0
DA:140,0
DA:141,0
DA:143,0
DA:144,0
DA:146,0
DA:147,0
DA:153,0
DA:154,0
DA:155,0
DA:156,0
DA:157,0
DA:160,0
DA:161,0
DA:164,0
DA:165,0
DA:166,0
DA:173,0
DA:175,0
LF:41
LH:0
BRDA:111,0,0,0
BRDA:111,0,1,0
BRDA:114,1,0,0
BRDA:114,1,1,0
BRDA:117,2,0,0
BRDA:117,2,1,0
BRDA:117,3,0,0
BRDA:117,3,1,0
BRDA:126,4,0,0
BRDA:126,4,1,0
BRDA:129,5,0,0
BRDA:129,5,1,0
BRDA:132,6,0,0
BRDA:132,6,1,0
BRDA:139,7,0,0
BRDA:139,7,1,0
BRDA:140,8,0,0
BRDA:140,8,1,0
BRDA:143,9,0,0
BRDA:143,9,1,0
BRDA:146,10,0,0
BRDA:146,10,1,0
BRDA:173,11,0,0
BRDA:173,11,1,0
BRF:24
BRH:0
end_of_record
TN:
SF:backend\models\User.ts
FNF:0
FNH:0
DA:7,0
DA:29,0
DA:48,0
DA:50,0
LF:4
LH:0
BRDA:48,0,0,0
BRDA:48,0,1,0
BRF:2
BRH:0
end_of_record
TN:
SF:frontend\.next\server\_ssr_i18n_de_json.js
FN:18,(anonymous_0)
FNF:1
FNH:0
FNDA:0,(anonymous_0)
DA:10,0
DA:11,0
DA:12,0
DA:20,0
LF:4
LH:0
BRF:0
BRH:0
end_of_record
TN:
SF:frontend\.next\server\_ssr_i18n_en_json.js
FN:18,(anonymous_0)
FNF:1
FNH:0
FNDA:0,(anonymous_0)
DA:10,0
DA:11,0
DA:12,0
DA:20,0
LF:4
LH:0
BRF:0
BRH:0
end_of_record
TN:
SF:frontend\.next\server\_ssr_i18n_hi_json.js
FN:18,(anonymous_0)
FNF:1
FNH:0
FNDA:0,(anonymous_0)
DA:10,0
DA:11,0
DA:12,0
DA:20,0
LF:4
LH:0
BRF:0
BRH:0
end_of_record
TN:
SF:frontend\.next\server\_ssr_i18n_ja_json.js
FN:18,(anonymous_0)
FNF:1
FNH:0
FNDA:0,(anonymous_0)
DA:10,0
DA:11,0
DA:12,0
DA:20,0
LF:4
LH:0
BRF:0
BRH:0
end_of_record
TN:
SF:frontend\.next\server\_ssr_i18n_ru_json.js
FN:18,(anonymous_0)
FNF:1
FNH:0
FNDA:0,(anonymous_0)
DA:10,0
DA:11,0
DA:12,0
DA:20,0
LF:4
LH:0
BRF:0
BRH:0
end_of_record
TN:
SF:frontend\.next\server\interception-route-rewrite-manifest.js
FNF:0
FNH:0
DA:1,0
LF:1
LH:0
BRF:0
BRH:0
end_of_record
TN:
SF:frontend\.next\server\middleware-build-manifest.js
FNF:0
FNH:0
DA:1,0
DA:28,0
LF:2
LH:0
BRF:0
BRH:0
end_of_record
TN:
SF:frontend\.next\server\middleware-react-loadable-manifest.js
FNF:0
FNH:0
DA:1,0
LF:1
LH:0
BRF:0
BRH:0
end_of_record
TN:
SF:frontend\.next\server\next-font-manifest.js
FNF:0
FNH:0
DA:1,0
LF:1
LH:0
BRF:0
BRH:0
end_of_record
TN:
SF:frontend\.next\server\server-reference-manifest.js
FNF:0
FNH:0
DA:1,0
LF:1
LH:0
BRF:0
BRH:0
end_of_record
TN:
SF:frontend\.next\server\webpack-runtime.js
FN:9,(anonymous_0)
FN:17,__webpack_require__
FN:51,(anonymous_2)
FN:53,(anonymous_3)
FN:55,(anonymous_4)
FN:56,(anonymous_5)
FN:63,(anonymous_6)
FN:64,(anonymous_7)
FN:64,(anonymous_8)
FN:72,(anonymous_9)
FN:84,(anonymous_10)
FN:84,(anonymous_11)
FN:86,(anonymous_12)
FN:93,(anonymous_13)
FN:95,(anonymous_14)
FN:105,(anonymous_15)
FN:109,(anonymous_16)
FN:110,(anonymous_17)
FN:118,(anonymous_18)
FN:120,(anonymous_19)
FN:127,(anonymous_20)
FN:128,(anonymous_21)
FN:132,(anonymous_22)
FN:133,(anonymous_23)
FN:137,(anonymous_24)
FN:139,(anonymous_25)
FN:148,(anonymous_26)
FN:149,(anonymous_27)
FN:157,(anonymous_28)
FN:158,(anonymous_29)
FN:161,(anonymous_30)
FN:169,(anonymous_31)
FN:180,(anonymous_32)
FN:194,(anonymous_33)
FNF:34
FNH:0
FNDA:0,(anonymous_0)
FNDA:0,__webpack_require__
FNDA:0,(anonymous_2)
FNDA:0,(anonymous_3)
FNDA:0,(anonymous_4)
FNDA:0,(anonymous_5)
FNDA:0,(anonymous_6)
FNDA:0,(anonymous_7)
FNDA:0,(anonymous_8)
FNDA:0,(anonymous_9)
FNDA:0,(anonymous_10)
FNDA:0,(anonymous_11)
FNDA:0,(anonymous_12)
FNDA:0,(anonymous_13)
FNDA:0,(anonymous_14)
FNDA:0,(anonymous_15)
FNDA:0,(anonymous_16)
FNDA:0,(anonymous_17)
FNDA:0,(anonymous_18)
FNDA:0,(anonymous_19)
FNDA:0,(anonymous_20)
FNDA:0,(anonymous_21)
FNDA:0,(anonymous_22)
FNDA:0,(anonymous_23)
FNDA:0,(anonymous_24)
FNDA:0,(anonymous_25)
FNDA:0,(anonymous_26)
FNDA:0,(anonymous_27)
FNDA:0,(anonymous_28)
FNDA:0,(anonymous_29)
FNDA:0,(anonymous_30)
FNDA:0,(anonymous_31)
FNDA:0,(anonymous_32)
FNDA:0,(anonymous_33)
DA:9,0
DA:11,0
DA:14,0
DA:19,0
DA:20,0
DA:21,0
DA:24,0
DA:31,0
DA:32,0
DA:33,0
DA:34,0
DA:36,0
DA:40,0
DA:43,0
DA:47,0
DA:51,0
DA:53,0
DA:54,0
DA:55,0
DA:56,0
DA:57,0
DA:58,0
DA:63,0
DA:64,0
DA:72,0
DA:73,0
DA:74,0
DA:75,0
DA:76,0
DA:77,0
DA:79,0
DA:80,0
DA:81,0
DA:82,0
DA:83,0
DA:84,0
DA:86,0
DA:87,0
DA:88,0
DA:93,0
DA:95,0
DA:96,0
DA:97,0
DA:98,0
DA:105,0
DA:106,0
DA:109,0
DA:110,0
DA:111,0
DA:112,0
DA:118,0
DA:120,0
DA:122,0
DA:127,0
DA:128,0
DA:132,0
DA:133,0
DA:137,0
DA:139,0
DA:140,0
DA:141,0
DA:143,0
DA:148,0
DA:149,0
DA:150,0
DA:151,0
DA:152,0
DA:157,0
DA:158,0
DA:160,0
DA:161,0
DA:162,0
DA:163,0
DA:164,0
DA:169,0
DA:174,0
DA:180,0
DA:181,0
DA:182,0
DA:183,0
DA:184,0
DA:187,0
DA:188,0
DA:189,0
DA:194,0
DA:196,0
DA:197,0
DA:198,0
DA:199,0
DA:203,0
DA:204,0
LF:91
LH:0
BRDA:20,0,0,0
BRDA:20,0,1,0
BRDA:36,1,0,0
BRDA:36,1,1,0
BRDA:54,2,0,0
BRDA:54,2,1,0
BRDA:54,3,0,0
BRDA:54,3,1,0
BRDA:64,4,0,0
BRDA:64,4,1,0
BRDA:73,5,0,0
BRDA:73,5,1,0
BRDA:74,6,0,0
BRDA:74,6,1,0
BRDA:75,7,0,0
BRDA:75,7,1,0
BRDA:75,8,0,0
BRDA:75,8,1,0
BRDA:76,9,0,0
BRDA:76,9,1,0
BRDA:76,10,0,0
BRDA:76,10,1,0
BRDA:77,11,0,0
BRDA:77,11,1,0
BRDA:77,12,0,0
BRDA:77,12,1,0
BRDA:82,13,0,0
BRDA:82,13,1,0
BRDA:83,14,0,0
BRDA:83,14,1,0
BRDA:83,15,0,0
BRDA:83,15,1,0
BRDA:97,16,0,0
BRDA:97,16,1,0
BRDA:97,17,0,0
BRDA:97,17,1,0
BRDA:140,18,0,0
BRDA:140,18,1,0
BRDA:140,19,0,0
BRDA:140,19,1,0
BRDA:151,20,0,0
BRDA:151,20,1,0
BRDA:161,21,0,0
BRDA:161,21,1,0
BRDA:164,22,0,0
BRDA:164,22,1,0
BRDA:183,23,0,0
BRDA:183,23,1,0
BRDA:187,24,0,0
BRDA:187,24,1,0
BRDA:196,25,0,0
BRDA:196,25,1,0
BRDA:197,26,0,0
BRDA:197,26,1,0
BRF:54
BRH:0
end_of_record
TN:
SF:frontend\.next\server\app\page.js
FN:9,(anonymous_0)
FN:19,(anonymous_1)
FN:43,webpackAsyncContext
FN:45,(anonymous_3)
FN:53,(anonymous_4)
FN:57,(anonymous_5)
FN:67,(anonymous_6)
FN:78,(anonymous_7)
FN:89,(anonymous_8)
FN:100,(anonymous_9)
FN:111,(anonymous_10)
FN:122,(anonymous_11)
FN:132,(anonymous_12)
FN:142,(anonymous_13)
FN:152,(anonymous_14)
FN:163,(anonymous_15)
FN:174,(anonymous_16)
FN:185,(anonymous_17)
FN:196,(anonymous_18)
FN:207,(anonymous_19)
FN:218,(anonymous_20)
FN:229,(anonymous_21)
FN:240,(anonymous_22)
FN:245,(anonymous_23)
FN:246,(anonymous_24)
FN:262,(anonymous_25)
FN:273,(anonymous_26)
FN:278,(anonymous_27)
FN:291,(anonymous_28)
FN:296,(anonymous_29)
FN:309,(anonymous_30)
FN:314,(anonymous_31)
FN:327,(anonymous_32)
FN:332,(anonymous_33)
FN:345,(anonymous_34)
FN:350,(anonymous_35)
FN:351,(anonymous_36)
FN:367,(anonymous_37)
FN:378,(anonymous_38)
FN:389,(anonymous_39)
FN:400,(anonymous_40)
FN:411,(anonymous_41)
FN:422,(anonymous_42)
FN:433,(anonymous_43)
FN:446,(anonymous_44)
FN:447,(anonymous_45)
FNF:46
FNH:0
FNDA:0,(anonymous_0)
FNDA:0,(anonymous_1)
FNDA:0,webpackAsyncContext
FNDA:0,(anonymous_3)
FNDA:0,(anonymous_4)
FNDA:0,(anonymous_5)
FNDA:0,(anonymous_6)
FNDA:0,(anonymous_7)
FNDA:0,(anonymous_8)
FNDA:0,(anonymous_9)
FNDA:0,(anonymous_10)
FNDA:0,(anonymous_11)
FNDA:0,(anonymous_12)
FNDA:0,(anonymous_13)
FNDA:0,(anonymous_14)
FNDA:0,(anonymous_15)
FNDA:0,(anonymous_16)
FNDA:0,(anonymous_17)
FNDA:0,(anonymous_18)
FNDA:0,(anonymous_19)
FNDA:0,(anonymous_20)
FNDA:0,(anonymous_21)
FNDA:0,(anonymous_22)
FNDA:0,(anonymous_23)
FNDA:0,(anonymous_24)
FNDA:0,(anonymous_25)
FNDA:0,(anonymous_26)
FNDA:0,(anonymous_27)
FNDA:0,(anonymous_28)
FNDA:0,(anonymous_29)
FNDA:0,(anonymous_30)
FNDA:0,(anonymous_31)
FNDA:0,(anonymous_32)
FNDA:0,(anonymous_33)
FNDA:0,(anonymous_34)
FNDA:0,(anonymous_35)
FNDA:0,(anonymous_36)
FNDA:0,(anonymous_37)
FNDA:0,(anonymous_38)
FNDA:0,(anonymous_39)
FNDA:0,(anonymous_40)
FNDA:0,(anonymous_41)
FNDA:0,(anonymous_42)
FNDA:0,(anonymous_43)
FNDA:0,(anonymous_44)
FNDA:0,(anonymous_45)
DA:9,0
DA:10,0
DA:11,0
DA:12,0
DA:13,0
DA:21,0
DA:44,0
DA:45,0
DA:46,0
DA:47,0
DA:48,0
DA:52,0
DA:53,0
DA:54,0
DA:57,0
DA:58,0
DA:59,0
DA:70,0
DA:81,0
DA:92,0
DA:103,0
DA:114,0
DA:124,0
DA:134,0
DA:144,0
DA:155,0
DA:166,0
DA:177,0
DA:188,0
DA:199,0
DA:210,0
DA:221,0
DA:232,0
DA:243,0
DA:244,0
DA:245,0
DA:246,0
DA:248,0
DA:251,0
DA:253,0
DA:265,0
DA:276,0
DA:277,0
DA:278,0
DA:280,0
DA:282,0
DA:294,0
DA:295,0
DA:296,0
DA:298,0
DA:300,0
DA:312,0
DA:313,0
DA:314,0
DA:316,0
DA:318,0
DA:330,0
DA:331,0
DA:332,0
DA:334,0
DA:336,0
DA:348,0
DA:349,0
DA:350,0
DA:351,0
DA:353,0
DA:356,0
DA:358,0
DA:370,0
DA:381,0
DA:392,0
DA:403,0
DA:414,0
DA:425,0
DA:436,0
DA:444,0
DA:445,0
DA:446,0
DA:447,0
DA:448,0
LF:80
LH:0
BRDA:44,0,0,0
BRDA:44,0,1,0
BRF:2
BRH:0
end_of_record
TN:
SF:frontend\.next\server\app\page_client-reference-manifest.js
FNF:0
FNH:0
DA:1,0
LF:1
LH:0
BRDA:1,0,0,0
BRDA:1,0,1,0
BRF:2
BRH:0
end_of_record
TN:
SF:frontend\.next\server\app\_not-found\page.js
FN:9,(anonymous_0)
FN:19,(anonymous_1)
FN:43,webpackAsyncContext
FN:45,(anonymous_3)
FN:53,(anonymous_4)
FN:57,(anonymous_5)
FN:67,(anonymous_6)
FN:78,(anonymous_7)
FN:89,(anonymous_8)
FN:100,(anonymous_9)
FN:111,(anonymous_10)
FN:122,(anonymous_11)
FN:132,(anonymous_12)
FN:142,(anonymous_13)
FN:153,(anonymous_14)
FN:164,(anonymous_15)
FN:175,(anonymous_16)
FN:186,(anonymous_17)
FN:197,(anonymous_18)
FN:208,(anonymous_19)
FN:219,(anonymous_20)
FN:224,(anonymous_21)
FN:225,(anonymous_22)
FN:241,(anonymous_23)
FN:252,(anonymous_24)
FN:257,(anonymous_25)
FN:270,(anonymous_26)
FN:275,(anonymous_27)
FN:288,(anonymous_28)
FN:293,(anonymous_29)
FN:306,(anonymous_30)
FN:311,(anonymous_31)
FN:312,(anonymous_32)
FN:328,(anonymous_33)
FN:339,(anonymous_34)
FN:350,(anonymous_35)
FN:361,(anonymous_36)
FN:372,(anonymous_37)
FN:383,(anonymous_38)
FN:394,(anonymous_39)
FN:407,(anonymous_40)
FN:408,(anonymous_41)
FNF:42
FNH:0
FNDA:0,(anonymous_0)
FNDA:0,(anonymous_1)
FNDA:0,webpackAsyncContext
FNDA:0,(anonymous_3)
FNDA:0,(anonymous_4)
FNDA:0,(anonymous_5)
FNDA:0,(anonymous_6)
FNDA:0,(anonymous_7)
FNDA:0,(anonymous_8)
FNDA:0,(anonymous_9)
FNDA:0,(anonymous_10)
FNDA:0,(anonymous_11)
FNDA:0,(anonymous_12)
FNDA:0,(anonymous_13)
FNDA:0,(anonymous_14)
FNDA:0,(anonymous_15)
FNDA:0,(anonymous_16)
FNDA:0,(anonymous_17)
FNDA:0,(anonymous_18)
FNDA:0,(anonymous_19)
FNDA:0,(anonymous_20)
FNDA:0,(anonymous_21)
FNDA:0,(anonymous_22)
FNDA:0,(anonymous_23)
FNDA:0,(anonymous_24)
FNDA:0,(anonymous_25)
FNDA:0,(anonymous_26)
FNDA:0,(anonymous_27)
FNDA:0,(anonymous_28)
FNDA:0,(anonymous_29)
FNDA:0,(anonymous_30)
FNDA:0,(anonymous_31)
FNDA:0,(anonymous_32)
FNDA:0,(anonymous_33)
FNDA:0,(anonymous_34)
FNDA:0,(anonymous_35)
FNDA:0,(anonymous_36)
FNDA:0,(anonymous_37)
FNDA:0,(anonymous_38)
FNDA:0,(anonymous_39)
FNDA:0,(anonymous_40)
FNDA:0,(anonymous_41)
DA:9,0
DA:10,0
DA:11,0
DA:12,0
DA:13,0
DA:21,0
DA:44,0
DA:45,0
DA:46,0
DA:47,0
DA:48,0
DA:52,0
DA:53,0
DA:54,0
DA:57,0
DA:58,0
DA:59,0
DA:70,0
DA:81,0
DA:92,0
DA:103,0
DA:114,0
DA:124,0
DA:134,0
DA:145,0
DA:156,0
DA:167,0
DA:178,0
DA:189,0
DA:200,0
DA:211,0
DA:222,0
DA:223,0
DA:224,0
DA:225,0
DA:227,0
DA:230,0
DA:232,0
DA:244,0
DA:255,0
DA:256,0
DA:257,0
DA:259,0
DA:261,0
DA:273,0
DA:274,0
DA:275,0
DA:277,0
DA:279,0
DA:291,0
DA:292,0
DA:293,0
DA:295,0
DA:297,0
DA:309,0
DA:310,0
DA:311,0
DA:312,0
DA:314,0
DA:317,0
DA:319,0
DA:331,0
DA:342,0
DA:353,0
DA:364,0
DA:375,0
DA:386,0
DA:397,0
DA:405,0
DA:406,0
DA:407,0
DA:408,0
DA:409,0
LF:73
LH:0
BRDA:44,0,0,0
BRDA:44,0,1,0
BRF:2
BRH:0
end_of_record
TN:
SF:frontend\.next\server\app\_not-found\page_client-reference-manifest.js
FNF:0
FNH:0
DA:1,0
LF:1
LH:0
BRDA:1,0,0,0
BRDA:1,0,1,0
BRF:2
BRH:0
end_of_record
TN:
SF:frontend\.next\server\vendor-chunks\@babel.js
FN:17,(anonymous_0)
FN:27,(anonymous_1)
FN:37,(anonymous_2)
FN:47,(anonymous_3)
FN:57,(anonymous_4)
FN:67,(anonymous_5)
FN:77,(anonymous_6)
FN:87,(anonymous_7)
FN:97,(anonymous_8)
FN:107,(anonymous_9)
FN:117,(anonymous_10)
FN:127,(anonymous_11)
FN:137,(anonymous_12)
FN:147,(anonymous_13)
FN:157,(anonymous_14)
FN:167,(anonymous_15)
FN:177,(anonymous_16)
FN:187,(anonymous_17)
FN:197,(anonymous_18)
FN:207,(anonymous_19)
FN:217,(anonymous_20)
FN:227,(anonymous_21)
FN:237,(anonymous_22)
FN:247,(anonymous_23)
FN:257,(anonymous_24)
FN:267,(anonymous_25)
FN:277,(anonymous_26)
FN:287,(anonymous_27)
FN:297,(anonymous_28)
FN:307,(anonymous_29)
FN:317,(anonymous_30)
FN:327,(anonymous_31)
FN:337,(anonymous_32)
FNF:33
FNH:0
FNDA:0,(anonymous_0)
FNDA:0,(anonymous_1)
FNDA:0,(anonymous_2)
FNDA:0,(anonymous_3)
FNDA:0,(anonymous_4)
FNDA:0,(anonymous_5)
FNDA:0,(anonymous_6)
FNDA:0,(anonymous_7)
FNDA:0,(anonymous_8)
FNDA:0,(anonymous_9)
FNDA:0,(anonymous_10)
FNDA:0,(anonymous_11)
FNDA:0,(anonymous_12)
FNDA:0,(anonymous_13)
FNDA:0,(anonymous_14)
FNDA:0,(anonymous_15)
FNDA:0,(anonymous_16)
FNDA:0,(anonymous_17)
FNDA:0,(anonymous_18)
FNDA:0,(anonymous_19)
FNDA:0,(anonymous_20)
FNDA:0,(anonymous_21)
FNDA:0,(anonymous_22)
FNDA:0,(anonymous_23)
FNDA:0,(anonymous_24)
FNDA:0,(anonymous_25)
FNDA:0,(anonymous_26)
FNDA:0,(anonymous_27)
FNDA:0,(anonymous_28)
FNDA:0,(anonymous_29)
FNDA:0,(anonymous_30)
FNDA:0,(anonymous_31)
FNDA:0,(anonymous_32)
DA:9,0
DA:10,0
DA:11,0
DA:19,0
DA:29,0
DA:39,0
DA:49,0
DA:59,0
DA:69,0
DA:79,0
DA:89,0
DA:99,0
DA:109,0
DA:119,0
DA:129,0
DA:139,0
DA:149,0
DA:159,0
DA:169,0
DA:179,0
DA:189,0
DA:199,0
DA:209,0
DA:219,0
DA:229,0
DA:239,0
DA:249,0
DA:259,0
DA:269,0
DA:279,0
DA:289,0
DA:299,0
DA:309,0
DA:319,0
DA:329,0
DA:339,0
LF:36
LH:0
BRF:0
BRH:0
end_of_record
TN:
SF:frontend\.next\server\vendor-chunks\@opentelemetry.js
FN:18,(anonymous_0)
FN:28,(anonymous_1)
FN:38,(anonymous_2)
FN:48,(anonymous_3)
FN:58,(anonymous_4)
FN:68,(anonymous_5)
FN:78,(anonymous_6)
FN:88,(anonymous_7)
FN:98,(anonymous_8)
FN:108,(anonymous_9)
FN:118,(anonymous_10)
FN:128,(anonymous_11)
FN:138,(anonymous_12)
FN:148,(anonymous_13)
FN:158,(anonymous_14)
FN:168,(anonymous_15)
FN:178,(anonymous_16)
FN:188,(anonymous_17)
FN:198,(anonymous_18)
FN:208,(anonymous_19)
FN:218,(anonymous_20)
FN:228,(anonymous_21)
FN:238,(anonymous_22)
FN:248,(anonymous_23)
FN:258,(anonymous_24)
FN:268,(anonymous_25)
FN:278,(anonymous_26)
FN:288,(anonymous_27)
FN:298,(anonymous_28)
FN:308,(anonymous_29)
FN:318,(anonymous_30)
FN:328,(anonymous_31)
FN:338,(anonymous_32)
FN:348,(anonymous_33)
FN:358,(anonymous_34)
FN:368,(anonymous_35)
FN:378,(anonymous_36)
FN:388,(anonymous_37)
FN:398,(anonymous_38)
FN:408,(anonymous_39)
FN:418,(anonymous_40)
FN:428,(anonymous_41)
FN:438,(anonymous_42)
FN:448,(anonymous_43)
FN:458,(anonymous_44)
FNF:45
FNH:0
FNDA:0,(anonymous_0)
FNDA:0,(anonymous_1)
FNDA:0,(anonymous_2)
FNDA:0,(anonymous_3)
FNDA:0,(anonymous_4)
FNDA:0,(anonymous_5)
FNDA:0,(anonymous_6)
FNDA:0,(anonymous_7)
FNDA:0,(anonymous_8)
FNDA:0,(anonymous_9)
FNDA:0,(anonymous_10)
FNDA:0,(anonymous_11)
FNDA:0,(anonymous_12)
FNDA:0,(anonymous_13)
FNDA:0,(anonymous_14)
FNDA:0,(anonymous_15)
FNDA:0,(anonymous_16)
FNDA:0,(anonymous_17)
FNDA:0,(anonymous_18)
FNDA:0,(anonymous_19)
FNDA:0,(anonymous_20)
FNDA:0,(anonymous_21)
FNDA:0,(anonymous_22)
FNDA:0,(anonymous_23)
FNDA:0,(anonymous_24)
FNDA:0,(anonymous_25)
FNDA:0,(anonymous_26)
FNDA:0,(anonymous_27)
FNDA:0,(anonymous_28)
FNDA:0,(anonymous_29)
FNDA:0,(anonymous_30)
FNDA:0,(anonymous_31)
FNDA:0,(anonymous_32)
FNDA:0,(anonymous_33)
FNDA:0,(anonymous_34)
FNDA:0,(anonymous_35)
FNDA:0,(anonymous_36)
FNDA:0,(anonymous_37)
FNDA:0,(anonymous_38)
[...]
FN:55,(anonymous_13)
FN:100,(anonymous_14)
FN:110,(anonymous_15)
FN:129,(anonymous_16)
FNF:12
FNH:0
FNDA:0,(anonymous_5)
FNDA:0,(anonymous_6)
FNDA:0,(anonymous_7)
FNDA:0,(anonymous_8)
FNDA:0,ResumesPage
FNDA:0,(anonymous_10)
FNDA:0,(anonymous_11)
FNDA:0,(anonymous_12)
FNDA:0,(anonymous_13)
FNDA:0,(anonymous_14)
FNDA:0,(anonymous_15)
FNDA:0,(anonymous_16)
DA:3,0
DA:4,0
DA:6,0
DA:7,0
DA:10,0
DA:11,0
DA:20,0
DA:24,0
DA:25,0
DA:26,0
DA:27,0
DA:28,0
DA:30,0
DA:31,0
DA:32,0
DA:36,0
DA:37,0
DA:38,0
DA:39,0
DA:40,0
DA:41,0
DA:44,0
DA:48,0
DA:49,0
DA:50,0
DA:53,0
DA:54,0
DA:55,0
DA:56,0
DA:58,0
DA:61,0
DA:62,0
DA:101,0
DA:102,0
DA:110,0
DA:129,0
LF:36
LH:0
BRDA:31,0,0,0
BRDA:31,0,1,0
BRDA:40,1,0,0
BRDA:40,1,1,0
BRDA:54,2,0,0
BRDA:54,2,1,0
BRDA:58,3,0,0
BRDA:58,3,1,0
BRDA:71,4,0,0
BRDA:79,5,0,0
BRDA:91,6,0,0
BRDA:108,7,0,0
BRDA:108,7,1,0
BRF:13
BRH:0
end_of_record
TN:
SF:frontend\app\settings\page.tsx
FN:7,SettingsPage
FN:12,(anonymous_2)
FN:15,(anonymous_3)
FN:16,(anonymous_4)
FN:20,(anonymous_5)
FN:24,(anonymous_6)
FNF:6
FNH:0
FNDA:0,SettingsPage
FNDA:0,(anonymous_2)
FNDA:0,(anonymous_3)
FNDA:0,(anonymous_4)
FNDA:0,(anonymous_5)
FNDA:0,(anonymous_6)
DA:4,0
DA:5,0
DA:7,0
DA:8,0
DA:9,0
DA:10,0
DA:12,0
DA:13,0
DA:14,0
DA:15,0
DA:17,0
DA:18,0
DA:20,0
DA:24,0
DA:25,0
DA:26,0
DA:31,0
DA:32,0
DA:36,0
LF:19
LH:0
BRDA:13,0,0,0
BRDA:13,0,1,0
BRDA:17,1,0,0
BRDA:17,1,1,0
BRDA:31,2,0,0
BRDA:31,2,1,0
BRDA:36,3,0,0
BRDA:36,3,1,0
BRDA:48,4,0,0
BRF:9
BRH:0
end_of_record
TN:
SF:frontend\components\AdComponent.tsx
FN:27,(anonymous_5)
FN:38,(anonymous_6)
FN:52,(anonymous_7)
FN:78,(anonymous_8)
FN:89,(anonymous_9)
FN:95,(anonymous_10)
FN:97,(anonymous_11)
FN:98,(anonymous_12)
FN:112,(anonymous_13)
FN:116,(anonymous_14)
FN:120,(anonymous_15)
FN:125,(anonymous_16)
FN:127,(anonymous_17)
FN:134,(anonymous_18)
FN:189,(anonymous_19)
FN:192,(anonymous_20)
FN:196,(anonymous_21)
FNF:17
FNH:0
FNDA:0,(anonymous_5)
FNDA:0,(anonymous_6)
FNDA:0,(anonymous_7)
FNDA:0,(anonymous_8)
FNDA:0,(anonymous_9)
FNDA:0,(anonymous_10)
FNDA:0,(anonymous_11)
FNDA:0,(anonymous_12)
FNDA:0,(anonymous_13)
FNDA:0,(anonymous_14)
FNDA:0,(anonymous_15)
FNDA:0,(anonymous_16)
FNDA:0,(anonymous_17)
FNDA:0,(anonymous_18)
FNDA:0,(anonymous_19)
FNDA:0,(anonymous_20)
FNDA:0,(anonymous_21)
DA:1,0
DA:2,0
DA:3,0
DA:27,0
DA:33,0
DA:34,0
DA:35,0
DA:36,0
DA:37,0
DA:38,0
DA:40,0
DA:41,0
DA:42,0
DA:43,0
DA:44,0
DA:52,0
DA:53,0
DA:54,0
DA:67,0
DA:68,0
DA:71,0
DA:78,0
DA:79,0
DA:80,0
DA:81,0
DA:82,0
DA:89,0
DA:90,0
DA:91,0
DA:95,0
DA:98,0
DA:99,0
DA:100,0
DA:101,0
DA:108,0
DA:109,0
DA:112,0
DA:116,0
DA:117,0
DA:119,0
DA:120,0
DA:125,0
DA:126,0
DA:127,0
DA:128,0
DA:129,0
DA:130,0
DA:131,0
DA:134,0
DA:138,0
DA:143,0
DA:159,0
DA:193,0
DA:205,0
LF:54
LH:0
BRDA:41,0,0,0
BRDA:41,0,1,0
BRDA:52,1,0,0
BRDA:67,2,0,0
BRDA:67,2,1,0
BRDA:79,3,0,0
BRDA:79,3,1,0
BRDA:99,4,0,0
BRDA:99,4,1,0
BRDA:108,5,0,0
BRDA:108,5,1,0
BRDA:117,6,0,0
BRDA:117,6,1,0
BRDA:129,7,0,0
BRDA:129,7,1,0
BRDA:143,8,0,0
BRDA:143,8,1,0
BRDA:148,9,0,0
BRDA:148,9,1,0
BRDA:159,10,0,0
BRDA:159,10,1,0
BRDA:180,11,0,0
BRDA:180,11,1,0
BRDA:184,12,0,0
BRDA:184,12,1,0
BRDA:185,13,0,0
BRDA:185,13,1,0
BRF:27
BRH:0
end_of_record
TN:
SF:frontend\components\CookieConsent.tsx
FN:5,CookieConsent
FN:8,(anonymous_2)
FN:15,(anonymous_3)
FN:20,(anonymous_4)
FNF:4
FNH:0
FNDA:0,CookieConsent
FNDA:0,(anonymous_2)
FNDA:0,(anonymous_3)
FNDA:0,(anonymous_4)
DA:3,0
DA:5,0
DA:6,0
DA:8,0
DA:9,0
DA:10,0
DA:11,0
DA:15,0
DA:16,0
DA:17,0
DA:20,0
DA:21,0
DA:22,0
DA:25,0
LF:14
LH:0
BRDA:10,0,0,0
BRDA:10,0,1,0
BRDA:25,1,0,0
BRDA:25,1,1,0
BRF:4
BRH:0
end_of_record
TN:
SF:frontend\components\ui\ErrorBoundary.tsx
FN:22,(anonymous_4)
FN:37,(anonymous_5)
FN:27,(anonymous_6)
FN:32,(anonymous_7)
FN:42,(anonymous_8)
FNF:5
FNH:0
FNDA:0,(anonymous_4)
FNDA:0,(anonymous_5)
FNDA:0,(anonymous_6)
FNDA:0,(anonymous_7)
FNDA:0,(anonymous_8)
DA:9,0
DA:23,0
DA:24,0
DA:29,0
DA:34,0
DA:37,0
DA:39,0
DA:43,0
DA:45,0
DA:46,0
DA:66,0
DA:70,0
LF:12
LH:0
BRDA:43,0,0,0
BRDA:43,0,1,0
BRDA:45,1,0,0
BRDA:45,1,1,0
BRDA:56,2,0,0
BRDA:56,2,1,0
BRF:6
BRH:0
end_of_record
TN:
SF:frontend\components\ui\Header.tsx
FN:10,Header
FN:29,(anonymous_3)
FNF:2
FNH:0
FNDA:0,Header
FNDA:0,(anonymous_3)
DA:3,0
DA:4,0
DA:5,0
DA:6,0
DA:8,0
DA:10,0
DA:11,0
DA:12,0
DA:13,0
DA:29,0
LF:10
LH:0
BRDA:13,0,0,0
BRDA:13,0,1,0
BRDA:27,1,0,0
BRF:3
BRH:0
end_of_record
TN:
SF:frontend\components\ui\LanguageSelector.tsx
FN:5,LanguageSelector
FN:12,(anonymous_2)
FNF:2
FNH:0
FNDA:0,LanguageSelector
FNDA:0,(anonymous_2)
DA:3,0
DA:5,0
DA:6,0
DA:12,0
LF:4
LH:0
BRF:0
BRH:0
end_of_record
TN:
SF:frontend\components\ui\LocaleSelector.tsx
FN:9,LocaleSelector
FN:13,(anonymous_3)
FN:18,(anonymous_4)
FN:20,(anonymous_5)
FN:21,(anonymous_6)
FNF:5
FNH:0
FNDA:0,LocaleSelector
FNDA:0,(anonymous_3)
FNDA:0,(anonymous_4)
FNDA:0,(anonymous_5)
FNDA:0,(anonymous_6)
DA:3,0
DA:4,0
DA:5,0
DA:9,0
DA:10,0
DA:11,0
DA:13,0
DA:16,0
DA:18,0
DA:20,0
DA:21,0
DA:22,0
LF:12
LH:0
BRDA:16,0,0,0
BRDA:16,0,1,0
BRDA:18,1,0,0
BRDA:18,1,1,0
BRDA:22,2,0,0
BRDA:22,2,1,0
BRDA:32,3,0,0
BRDA:32,3,1,0
BRF:8
BRH:0
end_of_record
TN:
SF:frontend\components\ui\SessionProvider.tsx
FN:6,Provider
FNF:1
FNH:0
FNDA:0,Provider
DA:4,0
DA:6,0
LF:2
LH:0
BRF:0
BRH:0
end_of_record
TN:
SF:frontend\components\ui\Toast.tsx
FN:9,(anonymous_4)
FN:10,(anonymous_5)
FN:12,(anonymous_6)
FNF:3
FNH:0
FNDA:0,(anonymous_4)
FNDA:0,(anonymous_5)
FNDA:0,(anonymous_6)
DA:1,0
DA:9,0
DA:10,0
DA:11,0
DA:12,0
DA:15,0
DA:29,0
LF:7
LH:0
BRDA:15,0,0,0
BRDA:15,0,1,0
BRDA:15,1,0,0
BRDA:15,1,1,0
BRF:4
BRH:0
end_of_record
TN:
SF:frontend\features\cover-letter\templates\Classic.tsx
FN:19,(anonymous_2)
FN:50,(anonymous_3)
FNF:2
FNH:0
FNDA:0,(anonymous_2)
FNDA:0,(anonymous_3)
DA:1,0
DA:19,0
DA:51,0
DA:60,0
LF:4
LH:0
BRF:0
BRH:0
end_of_record
TN:
SF:frontend\features\resume\components\Comment.tsx
FN:12,(anonymous_2)
FNF:1
FNH:0
FNDA:0,(anonymous_2)
DA:1,0
DA:12,0
DA:22,0
LF:3
LH:0
BRF:0
BRH:0
end_of_record
TN:
SF:frontend\features\resume\components\HighlightedTextarea.tsx
FN:19,(anonymous_4)
FN:29,(anonymous_5)
FN:37,(anonymous_6)
FN:68,createSafeHighlightedHTML
FN:85,(anonymous_8)
FN:87,(anonymous_9)
FNF:6
FNH:0
FNDA:0,(anonymous_4)
FNDA:0,(anonymous_5)
FNDA:0,(anonymous_6)
FNDA:0,createSafeHighlightedHTML
FNDA:0,(anonymous_8)
FNDA:0,(anonymous_9)
DA:1,0
DA:19,0
DA:27,0
DA:29,0
DA:30,0
DA:32,0
DA:33,0
DA:37,0
DA:38,0
DA:39,0
DA:40,0
DA:70,0
DA:78,0
DA:80,0
DA:84,0
DA:85,0
DA:86,0
DA:87,0
DA:89,0
DA:91,0
DA:93,0
DA:98,0
DA:101,0
LF:23
LH:0
BRDA:25,0,0,0
BRDA:30,1,0,0
BRDA:30,1,1,0
BRDA:38,2,0,0
BRDA:38,2,1,0
BRDA:39,3,0,0
BRDA:39,3,1,0
BRDA:78,4,0,0
BRDA:78,4,1,0
BRDA:78,5,0,0
BRDA:78,5,1,0
BRDA:89,6,0,0
BRDA:89,6,1,0
BRF:13
BRH:0
end_of_record
TN:
SF:frontend\features\resume\components\LivePreview.tsx
FN:7,(anonymous_5)
FN:11,(anonymous_6)
FNF:2
FNH:0
FNDA:0,(anonymous_5)
FNDA:0,(anonymous_6)
DA:1,0
DA:2,0
DA:3,0
DA:4,0
DA:5,0
DA:7,0
DA:8,0
DA:9,0
DA:11,0
DA:12,0
DA:26,0
LF:11
LH:0
BRDA:19,0,0,0
BRDA:20,1,0,0
BRF:2
BRH:0
end_of_record
TN:
SF:frontend\features\resume\components\ResumeBuilder.tsx
FN:25,(anonymous_5)
FN:37,(anonymous_6)
FN:56,(anonymous_7)
FN:63,(anonymous_8)
FN:82,(anonymous_9)
FN:89,(anonymous_10)
FN:106,(anonymous_11)
FN:130,(anonymous_12)
FN:156,(anonymous_13)
FN:160,(anonymous_14)
FN:171,(anonymous_15)
FN:179,(anonymous_16)
FN:183,(anonymous_17)
FN:203,(anonymous_18)
FN:207,(anonymous_19)
FN:212,(anonymous_20)
FN:219,(anonymous_21)
FN:242,(anonymous_22)
FN:242,(anonymous_23)
FN:256,(anonymous_24)
FN:261,(anonymous_25)
FN:272,(anonymous_26)
FN:276,(anonymous_27)
FN:281,(anonymous_28)
FN:292,(anonymous_29)
FN:296,(anonymous_30)
FN:300,(anonymous_31)
FN:335,(anonymous_32)
FN:358,(anonymous_33)
FN:359,(anonymous_34)
FN:360,(anonymous_35)
FN:361,(anonymous_36)
FN:378,(anonymous_37)
FN:379,(anonymous_38)
FN:382,(anonymous_39)
FN:421,(anonymous_40)
FN:488,(anonymous_41)
FN:500,(anonymous_42)
FN:500,(anonymous_43)
FN:511,(anonymous_44)
FN:516,(anonymous_45)
FN:543,(anonymous_46)
FN:548,(anonymous_47)
FN:593,(anonymous_48)
FNF:44
FNH:0
FNDA:0,(anonymous_5)
FNDA:0,(anonymous_6)
FNDA:0,(anonymous_7)
FNDA:0,(anonymous_8)
FNDA:0,(anonymous_9)
FNDA:0,(anonymous_10)
FNDA:0,(anonymous_11)
FNDA:0,(anonymous_12)
FNDA:0,(anonymous_13)
FNDA:0,(anonymous_14)
FNDA:0,(anonymous_15)
FNDA:0,(anonymous_16)
FNDA:0,(anonymous_17)
FNDA:0,(anonymous_18)
FNDA:0,(anonymous_19)
FNDA:0,(anonymous_20)
FNDA:0,(anonymous_21)
FNDA:0,(anonymous_22)
FNDA:0,(anonymous_23)
FNDA:0,(anonymous_24)
FNDA:0,(anonymous_25)
FNDA:0,(anonymous_26)
FNDA:0,(anonymous_27)
FNDA:0,(anonymous_28)
FNDA:0,(anonymous_29)
FNDA:0,(anonymous_30)
FNDA:0,(anonymous_31)
FNDA:0,(anonymous_32)
FNDA:0,(anonymous_33)
FNDA:0,(anonymous_34)
FNDA:0,(anonymous_35)
FNDA:0,(anonymous_36)
FNDA:0,(anonymous_37)
FNDA:0,(anonymous_38)
FNDA:0,(anonymous_39)
FNDA:0,(anonymous_40)
FNDA:0,(anonymous_41)
FNDA:0,(anonymous_42)
FNDA:0,(anonymous_43)
FNDA:0,(anonymous_44)
FNDA:0,(anonymous_45)
FNDA:0,(anonymous_46)
FNDA:0,(anonymous_47)
FNDA:0,(anonymous_48)
DA:1,0
DA:2,0
DA:3,0
DA:4,0
DA:5,0
DA:6,0
DA:7,0
DA:8,0
DA:9,0
DA:10,0
DA:11,0
DA:12,0
DA:13,0
DA:14,0
DA:15,0
DA:16,0
DA:17,0
DA:25,0
DA:27,0
DA:28,0
DA:29,0
DA:31,0
DA:33,0
DA:34,0
DA:37,0
DA:38,0
DA:39,0
DA:40,0
DA:41,0
DA:45,0
DA:46,0
DA:47,0
DA:49,0
DA:52,0
DA:56,0
DA:57,0
DA:63,0
DA:64,0
DA:68,0
DA:82,0
DA:90,0
DA:91,0
DA:92,0
DA:93,0
DA:107,0
DA:108,0
DA:130,0
DA:142,0
DA:143,0
DA:144,0
DA:145,0
DA:146,0
DA:147,0
DA:149,0
DA:151,0
DA:152,0
DA:153,0
DA:154,0
DA:156,0
DA:157,0
DA:158,0
DA:160,0
DA:161,0
DA:162,0
DA:169,0
DA:170,0
DA:171,0
DA:174,0
DA:179,0
DA:180,0
DA:181,0
DA:183,0
DA:184,0
DA:185,0
DA:192,0
DA:193,0
DA:194,0
DA:197,0
DA:198,0
DA:203,0
DA:204,0
DA:207,0
DA:208,0
DA:209,0
DA:212,0
DA:213,0
DA:214,0
DA:216,0
DA:219,0
DA:220,0
DA:221,0
DA:223,0
DA:225,0
DA:226,0
DA:229,0
DA:231,0
DA:234,0
DA:236,0
DA:237,0
DA:239,0
DA:240,0
DA:242,0
DA:243,0
DA:245,0
DA:246,0
DA:248,0
DA:249,0
DA:252,0
DA:256,0
DA:257,0
DA:258,0
DA:261,0
DA:262,0
DA:272,0
DA:273,0
DA:276,0
DA:277,0
DA:278,0
DA:281,0
DA:282,0
DA:292,0
DA:293,0
DA:296,0
DA:297,0
DA:300,0
DA:301,0
DA:302,0
DA:303,0
DA:305,0
DA:306,0
DA:307,0
DA:315,0
DA:316,0
DA:317,0
DA:318,0
DA:319,0
DA:320,0
DA:321,0
DA:322,0
DA:323,0
DA:324,0
DA:325,0
DA:327,0
DA:328,0
DA:331,0
DA:335,0
DA:336,0
DA:337,0
DA:338,0
DA:340,0
DA:341,0
DA:342,0
DA:345,0
DA:346,0
DA:348,0
DA:349,0
DA:354,0
DA:355,0
DA:356,0
DA:357,0
DA:358,0
DA:359,0
DA:360,0
DA:361,0
DA:362,0
DA:363,0
DA:364,0
DA:365,0
DA:367,0
DA:368,0
DA:371,0
DA:375,0
DA:376,0
DA:378,0
DA:379,0
DA:382,0
DA:383,0
DA:384,0
DA:385,0
DA:392,0
DA:393,0
DA:394,0
DA:395,0
DA:398,0
DA:402,0
DA:422,0
DA:423,0
DA:442,0
DA:443,0
DA:463,0
DA:464,0
DA:483,0
DA:489,0
DA:490,0
DA:491,0
DA:500,0
DA:511,0
DA:516,0
DA:543,0
DA:548,0
DA:593,0
DA:598,0
LF:202
LH:0
BRDA:33,0,0,0
BRDA:33,0,1,0
BRDA:33,0,2,0
BRDA:46,1,0,0
BRDA:46,1,1,0
BRDA:49,2,0,0
BRDA:49,2,1,0
BRDA:64,3,0,0
BRDA:64,3,1,0
BRDA:91,4,0,0
BRDA:91,4,1,0
BRDA:92,5,0,0
BRDA:92,5,1,0
BRDA:92,6,0,0
BRDA:92,6,1,0
BRDA:97,7,0,0
BRDA:100,8,0,0
BRDA:105,9,0,0
BRDA:105,9,1,0
BRDA:108,10,0,0
BRDA:108,10,1,0
BRDA:111,11,0,0
BRDA:111,11,1,0
BRDA:113,12,0,0
BRDA:116,13,0,0
BRDA:129,14,0,0
BRDA:129,14,1,0
BRDA:157,15,0,0
BRDA:157,15,1,0
BRDA:170,16,0,0
BRDA:170,16,1,0
BRDA:180,17,0,0
BRDA:180,17,1,0
BRDA:193,18,0,0
BRDA:193,18,1,0
BRDA:194,19,0,0
BRDA:194,19,1,0
BRDA:213,20,0,0
BRDA:213,20,1,0
BRDA:221,21,0,0
BRDA:221,21,1,0
BRDA:221,22,0,0
BRDA:221,22,1,0
BRDA:223,23,0,0
BRDA:223,23,1,0
BRDA:234,24,0,0
BRDA:234,24,1,0
BRDA:234,24,2,0
BRDA:234,24,3,0
BRDA:234,24,4,0
BRDA:234,24,5,0
BRDA:301,25,0,0
BRDA:301,25,1,0
BRDA:315,26,0,0
BRDA:315,26,1,0
BRDA:328,27,0,0
BRDA:328,27,1,0
BRDA:331,28,0,0
BRDA:331,28,1,0
BRDA:336,29,0,0
BRDA:336,29,1,0
BRDA:341,30,0,0
BRDA:341,30,1,0
BRDA:354,31,0,0
BRDA:354,31,1,0
BRDA:368,32,0,0
BRDA:368,32,1,0
BRDA:371,33,0,0
BRDA:371,33,1,0
BRDA:384,34,0,0
BRDA:384,34,1,0
BRDA:384,34,2,0
BRDA:393,35,0,0
BRDA:393,35,1,0
BRDA:402,36,0,0
BRDA:402,36,1,0
BRDA:416,37,0,0
BRDA:417,38,0,0
BRDA:418,39,0,0
BRDA:422,40,0,0
BRDA:422,40,1,0
BRDA:442,41,0,0
BRDA:442,41,1,0
BRDA:463,42,0,0
BRDA:463,42,1,0
BRDA:486,43,0,0
BRDA:486,43,1,0
BRDA:495,44,0,0
BRDA:499,45,0,0
BRDA:499,45,1,0
BRDA:504,46,0,0
BRDA:504,46,1,0
BRDA:504,46,2,0
BRDA:510,47,0,0
BRDA:510,47,1,0
BRDA:512,48,0,0
BRDA:512,48,1,0
BRDA:515,49,0,0
BRDA:535,50,0,0
BRDA:535,50,1,0
BRDA:544,51,0,0
BRDA:544,51,1,0
BRDA:547,52,0,0
BRDA:589,53,0,0
BRDA:589,53,1,0
BRDA:593,54,0,0
BRF:106
BRH:0
end_of_record
TN:
SF:frontend\features\resume\components\ResumeTemplate.tsx
FN:8,(anonymous_2)
FN:41,(anonymous_3)
FN:52,(anonymous_4)
FNF:3
FNH:0
FNDA:0,(anonymous_2)
FNDA:0,(anonymous_3)
FNDA:0,(anonymous_4)
DA:1,0
DA:8,0
DA:42,0
DA:53,0
DA:80,0
LF:5
LH:0
BRF:0
BRH:0
end_of_record
TN:
SF:frontend\features\resume\components\TemplateSelector.tsx
FN:7,(anonymous_2)
FN:14,(anonymous_3)
FN:20,(anonymous_4)
FNF:3
FNH:0
FNDA:0,(anonymous_2)
FNDA:0,(anonymous_3)
FNDA:0,(anonymous_4)
DA:1,0
DA:7,0
DA:14,0
DA:20,0
DA:29,0
LF:5
LH:0
BRF:0
BRH:0
end_of_record
TN:
SF:frontend\features\resume\components\comments\CommentSystem.tsx
FN:19,(anonymous_2)
FN:34,(anonymous_3)
FN:34,(anonymous_4)
FN:37,(anonymous_5)
FN:38,(anonymous_6)
FNF:5
FNH:0
FNDA:0,(anonymous_2)
FNDA:0,(anonymous_3)
FNDA:0,(anonymous_4)
FNDA:0,(anonymous_5)
FNDA:0,(anonymous_6)
DA:1,0
DA:19,0
DA:28,0
DA:34,0
DA:35,0
DA:37,0
DA:38,0
DA:44,0
LF:8
LH:0
BRDA:28,0,0,0
BRDA:28,0,1,0
BRF:2
BRH:0
end_of_record
TN:
SF:frontend\features\resume\components\controls\ExportControls.tsx
FN:16,(anonymous_2)
FN:26,(anonymous_3)
FNF:2
FNH:0
FNDA:0,(anonymous_2)
FNDA:0,(anonymous_3)
DA:1,0
DA:16,0
DA:26,0
DA:47,0
LF:4
LH:0
BRF:0
BRH:0
end_of_record
TN:
SF:frontend\features\resume\components\forms\PersonalInfoForm.tsx
FN:27,(anonymous_2)
FN:49,(anonymous_3)
FN:61,(anonymous_4)
FN:61,(anonymous_5)
FN:72,(anonymous_6)
FN:77,(anonymous_7)
FNF:6
FNH:0
FNDA:0,(anonymous_2)
FNDA:0,(anonymous_3)
FNDA:0,(anonymous_4)
FNDA:0,(anonymous_5)
FNDA:0,(anonymous_6)
FNDA:0,(anonymous_7)
DA:1,0
DA:3,0
DA:27,0
DA:42,0
DA:50,0
DA:51,0
DA:52,0
DA:61,0
DA:72,0
DA:77,0
DA:100,0
LF:11
LH:0
BRDA:47,0,0,0
BRDA:47,0,1,0
BRDA:56,1,0,0
BRDA:60,2,0,0
BRDA:60,2,1,0
BRDA:65,3,0,0
BRDA:65,3,1,0
BRDA:65,3,2,0
BRDA:71,4,0,0
BRDA:71,4,1,0
BRDA:73,5,0,0
BRDA:73,5,1,0
BRDA:76,6,0,0
BRF:13
BRH:0
end_of_record
TN:
SF:frontend\features\resume\components\managers\OptionalFieldsManager.tsx
FN:19,(anonymous_2)
FN:44,(anonymous_3)
FN:51,(anonymous_4)
FN:68,(anonymous_5)
FN:92,(anonymous_6)
FNF:5
FNH:0
FNDA:0,(anonymous_2)
FNDA:0,(anonymous_3)
FNDA:0,(anonymous_4)
FNDA:0,(anonymous_5)
FNDA:0,(anonymous_6)
DA:1,0
DA:19,0
DA:27,0
DA:29,0
DA:44,0
DA:52,0
DA:53,0
DA:54,0
DA:55,0
DA:69,0
DA:70,0
DA:92,0
DA:105,0
LF:13
LH:0
BRDA:27,0,0,0
BRDA:27,0,1,0
BRDA:53,1,0,0
BRDA:53,1,1,0
BRDA:54,2,0,0
BRDA:54,2,1,0
BRDA:54,3,0,0
BRDA:54,3,1,0
BRDA:59,4,0,0
BRDA:62,5,0,0
BRDA:67,6,0,0
BRDA:67,6,1,0
BRDA:70,7,0,0
BRDA:70,7,1,0
BRDA:73,8,0,0
BRDA:73,8,1,0
BRDA:75,9,0,0
BRDA:78,10,0,0
BRDA:91,11,0,0
BRDA:91,11,1,0
BRF:20
BRH:0
end_of_record
TN:
SF:frontend\features\resume\components\sections\EducationSection.tsx
FN:27,(anonymous_2)
FN:45,(anonymous_3)
FN:48,(anonymous_4)
FN:60,(anonymous_5)
FN:64,(anonymous_6)
FN:83,(anonymous_7)
FNF:6
FNH:0
FNDA:0,(anonymous_2)
FNDA:0,(anonymous_3)
FNDA:0,(anonymous_4)
FNDA:0,(anonymous_5)
FNDA:0,(anonymous_6)
FNDA:0,(anonymous_7)
DA:1,0
DA:3,0
DA:27,0
DA:46,0
DA:49,0
DA:50,0
DA:51,0
DA:60,0
DA:64,0
DA:83,0
DA:101,0
LF:11
LH:0
BRDA:61,0,0,0
BRDA:61,0,1,0
BRDA:63,1,0,0
BRF:3
BRH:0
end_of_record
TN:
SF:frontend\features\resume\components\sections\WorkExperienceSection.tsx
FN:28,(anonymous_2)
FN:47,(anonymous_3)
FN:50,(anonymous_4)
FN:62,(anonymous_5)
FN:66,(anonymous_6)
FN:91,(anonymous_7)
FN:96,(anonymous_8)
FN:112,(anonymous_9)
FNF:8
FNH:0
FNDA:0,(anonymous_2)
FNDA:0,(anonymous_3)
FNDA:0,(anonymous_4)
FNDA:0,(anonymous_5)
FNDA:0,(anonymous_6)
FNDA:0,(anonymous_7)
FNDA:0,(anonymous_8)
FNDA:0,(anonymous_9)
DA:1,0
DA:3,0
DA:28,0
DA:48,0
DA:51,0
DA:52,0
DA:53,0
DA:62,0
DA:66,0
DA:91,0
DA:96,0
DA:112,0
DA:130,0
LF:13
LH:0
BRDA:63,0,0,0
BRDA:63,0,1,0
BRDA:65,1,0,0
BRDA:92,2,0,0
BRDA:92,2,1,0
BRDA:95,3,0,0
BRF:6
BRH:0
end_of_record
TN:
SF:frontend\features\resume\templates\Classic.tsx
FN:8,(anonymous_2)
FN:18,(anonymous_3)
FN:27,(anonymous_4)
FNF:3
FNH:0
FNDA:0,(anonymous_2)
FNDA:0,(anonymous_3)
FNDA:0,(anonymous_4)
DA:1,0
DA:8,0
DA:19,0
DA:28,0
DA:40,0
LF:5
LH:0
BRF:0
BRH:0
end_of_record
TN:
SF:frontend\features\resume\templates\Modern.tsx
FN:8,(anonymous_2)
FN:23,(anonymous_3)
FN:32,(anonymous_4)
FNF:3
FNH:0
FNDA:0,(anonymous_2)
FNDA:0,(anonymous_3)
FNDA:0,(anonymous_4)
DA:1,0
DA:8,0
DA:24,0
DA:33,0
DA:47,0
LF:5
LH:0
BRF:0
BRH:0
end_of_record
TN:
SF:frontend\lib\language.tsx
FN:15,loadTranslations
FN:17,(anonymous_7)
FN:20,(anonymous_8)
FN:25,LanguageProvider
FN:29,(anonymous_10)
FN:31,(anonymous_11)
FN:37,(anonymous_12)
FN:47,useLanguage
FNF:8
FNH:0
FNDA:0,loadTranslations
FNDA:0,(anonymous_7)
FNDA:0,(anonymous_8)
FNDA:0,LanguageProvider
FNDA:0,(anonymous_10)
FNDA:0,(anonymous_11)
FNDA:0,(anonymous_12)
FNDA:0,useLanguage
DA:3,0
DA:13,0
DA:16,0
DA:17,0
DA:18,0
DA:20,0
DA:21,0
DA:25,0
DA:26,0
DA:27,0
DA:29,0
DA:30,0
DA:31,0
DA:32,0
DA:33,0
DA:34,0
DA:36,0
DA:37,0
DA:47,0
DA:48,0
DA:49,0
DA:50,0
LF:22
LH:0
BRDA:18,0,0,0
BRDA:18,0,1,0
BRDA:18,0,2,0
BRDA:21,1,0,0
BRDA:21,1,1,0
BRDA:21,1,2,0
BRDA:26,2,0,0
BRDA:26,2,1,0
BRDA:26,2,2,0
BRDA:32,3,0,0
BRDA:32,3,1,0
BRDA:49,4,0,0
BRDA:49,4,1,0
BRF:13
BRH:0
end_of_record
TN:
SF:frontend\store\resumeStore.ts
FN:78,(anonymous_1)
FN:100,(anonymous_2)
FN:101,(anonymous_3)
FN:102,(anonymous_4)
FN:107,(anonymous_5)
FN:108,(anonymous_6)
FN:111,(anonymous_7)
FN:112,(anonymous_8)
FN:118,(anonymous_9)
FN:119,(anonymous_10)
FN:122,(anonymous_11)
FN:127,(anonymous_12)
FN:128,(anonymous_13)
FN:131,(anonymous_14)
FN:134,(anonymous_15)
FN:135,(anonymous_16)
FN:141,(anonymous_17)
FN:142,(anonymous_18)
FN:145,(anonymous_19)
FN:150,(anonymous_20)
FN:151,(anonymous_21)
FN:154,(anonymous_22)
FN:157,(anonymous_23)
FN:158,(anonymous_24)
FN:161,(anonymous_25)
FN:162,(anonymous_26)
FN:165,(anonymous_27)
FN:166,(anonymous_28)
FN:169,(anonymous_29)
FN:170,(anonymous_30)
FN:173,(anonymous_31)
FN:174,(anonymous_32)
FN:177,(anonymous_33)
FN:178,(anonymous_34)
FN:181,(anonymous_35)
FN:195,(anonymous_36)
FN:220,(anonymous_37)
FN:234,(anonymous_38)
FN:256,(anonymous_39)
FNF:39
FNH:0
FNDA:0,(anonymous_1)
FNDA:0,(anonymous_2)
FNDA:0,(anonymous_3)
FNDA:0,(anonymous_4)
FNDA:0,(anonymous_5)
FNDA:0,(anonymous_6)
FNDA:0,(anonymous_7)
FNDA:0,(anonymous_8)
FNDA:0,(anonymous_9)
FNDA:0,(anonymous_10)
FNDA:0,(anonymous_11)
FNDA:0,(anonymous_12)
FNDA:0,(anonymous_13)
FNDA:0,(anonymous_14)
FNDA:0,(anonymous_15)
FNDA:0,(anonymous_16)
FNDA:0,(anonymous_17)
FNDA:0,(anonymous_18)
FNDA:0,(anonymous_19)
FNDA:0,(anonymous_20)
FNDA:0,(anonymous_21)
FNDA:0,(anonymous_22)
FNDA:0,(anonymous_23)
FNDA:0,(anonymous_24)
FNDA:0,(anonymous_25)
FNDA:0,(anonymous_26)
FNDA:0,(anonymous_27)
FNDA:0,(anonymous_28)
FNDA:0,(anonymous_29)
FNDA:0,(anonymous_30)
FNDA:0,(anonymous_31)
FNDA:0,(anonymous_32)
FNDA:0,(anonymous_33)
FNDA:0,(anonymous_34)
FNDA:0,(anonymous_35)
FNDA:0,(anonymous_36)
FNDA:0,(anonymous_37)
FNDA:0,(anonymous_38)
FNDA:0,(anonymous_39)
DA:1,0
DA:78,0
DA:100,0
DA:102,0
DA:103,0
DA:104,0
DA:105,0
DA:108,0
DA:112,0
DA:119,0
DA:123,0
DA:128,0
DA:131,0
DA:135,0
DA:142,0
DA:146,0
DA:151,0
DA:154,0
DA:158,0
DA:162,0
DA:166,0
DA:170,0
DA:174,0
DA:177,0
DA:178,0
DA:182,0
DA:183,0
DA:184,0
DA:185,0
DA:186,0
DA:188,0
DA:189,0
DA:191,0
DA:196,0
DA:197,0
DA:198,0
DA:199,0
DA:200,0
DA:201,0
DA:208,0
DA:209,0
DA:211,0
DA:212,0
DA:214,0
DA:216,0
DA:221,0
DA:222,0
DA:223,0
DA:224,0
DA:225,0
DA:227,0
DA:228,0
DA:230,0
DA:235,0
DA:253,0
DA:257,0
DA:258,0
DA:259,0
DA:262,0
DA:263,0
DA:265,0
DA:267,0
DA:269,0
LF:63
LH:0
BRDA:123,0,0,0
BRDA:123,0,1,0
BRDA:146,1,0,0
BRDA:146,1,1,0
BRDA:185,2,0,0
BRDA:185,2,1,0
BRDA:199,3,0,0
BRDA:199,3,1,0
BRDA:200,4,0,0
BRDA:200,4,1,0
BRDA:208,5,0,0
BRDA:208,5,1,0
BRDA:224,6,0,0
BRDA:224,6,1,0
BRDA:262,7,0,0
BRDA:262,7,1,0
BRF:16
BRH:0
end_of_record
