{"D:\\Documents\\GeminiCLI-Projects\\profilebuilder\\services\\rate-limiting\\src\\constants.js": {"path":"D:\\Documents\\GeminiCLI-Projects\\profilebuilder\\services\\rate-limiting\\src\\constants.js","statementMap":{"0":{"start":{"line":6,"column":21},"end":{"line":6,"column":25}},"1":{"start":{"line":9,"column":37},"end":{"line":9,"column":42}},"2":{"start":{"line":10,"column":40},"end":{"line":10,"column":44}},"3":{"start":{"line":13,"column":43},"end":{"line":13,"column":47}},"4":{"start":{"line":14,"column":50},"end":{"line":14,"column":51}},"5":{"start":{"line":17,"column":26},"end":{"line":17,"column":32}},"6":{"start":{"line":20,"column":28},"end":{"line":20,"column":46}},"7":{"start":{"line":21,"column":25},"end":{"line":21,"column":38}},"8":{"start":{"line":22,"column":26},"end":{"line":22,"column":30}},"9":{"start":{"line":25,"column":20},"end":{"line":31,"column":1}},"10":{"start":{"line":34,"column":20},"end":{"line":40,"column":1}},"11":{"start":{"line":43,"column":23},"end":{"line":49,"column":1}},"12":{"start":{"line":52,"column":25},"end":{"line":55,"column":1}},"13":{"start":{"line":58,"column":23},"end":{"line":58,"column":39}},"14":{"start":{"line":59,"column":22},"end":{"line":66,"column":1}},"15":{"start":{"line":69,"column":25},"end":{"line":74,"column":1}},"16":{"start":{"line":77,"column":31},"end":{"line":81,"column":1}},"17":{"start":{"line":84,"column":0},"end":{"line":102,"column":2}}},"fnMap":{},"branchMap":{},"s":{"0":4,"1":4,"2":4,"3":4,"4":4,"5":4,"6":4,"7":4,"8":4,"9":4,"10":4,"11":4,"12":4,"13":4,"14":4,"15":4,"16":4,"17":4},"f":{},"b":{},"_coverageSchema":"1a1c01bbd47fc00a2c39e90264f33305004495a9","hash":"c16f3689f97e05dc8bdf55e63246a7972f6355fa"}
,"D:\\Documents\\GeminiCLI-Projects\\profilebuilder\\services\\rate-limiting\\src\\models\\RateLimit.js": {"path":"D:\\Documents\\GeminiCLI-Projects\\profilebuilder\\services\\rate-limiting\\src\\models\\RateLimit.js","statementMap":{"0":{"start":{"line":5,"column":92},"end":{"line":5,"column":115}},"1":{"start":{"line":19,"column":4},"end":{"line":19,"column":25}},"2":{"start":{"line":20,"column":4},"end":{"line":20,"column":29}},"3":{"start":{"line":21,"column":4},"end":{"line":21,"column":29}},"4":{"start":{"line":22,"column":4},"end":{"line":22,"column":35}},"5":{"start":{"line":23,"column":4},"end":{"line":23,"column":58}},"6":{"start":{"line":31,"column":4},"end":{"line":31,"column":20}},"7":{"start":{"line":40,"column":4},"end":{"line":63,"column":5}},"8":{"start":{"line":41,"column":18},"end":{"line":41,"column":28}},"9":{"start":{"line":42,"column":26},"end":{"line":42,"column":45}},"10":{"start":{"line":46,"column":6},"end":{"line":46,"column":67}},"11":{"start":{"line":49,"column":27},"end":{"line":49,"column":60}},"12":{"start":{"line":51,"column":6},"end":{"line":57,"column":7}},"13":{"start":{"line":53,"column":8},"end":{"line":53,"column":62}},"14":{"start":{"line":55,"column":8},"end":{"line":55,"column":59}},"15":{"start":{"line":56,"column":8},"end":{"line":56,"column":20}},"16":{"start":{"line":59,"column":6},"end":{"line":59,"column":19}},"17":{"start":{"line":62,"column":6},"end":{"line":62,"column":18}},"18":{"start":{"line":72,"column":4},"end":{"line":92,"column":5}},"19":{"start":{"line":73,"column":18},"end":{"line":73,"column":28}},"20":{"start":{"line":74,"column":26},"end":{"line":74,"column":45}},"21":{"start":{"line":77,"column":6},"end":{"line":77,"column":67}},"22":{"start":{"line":80,"column":27},"end":{"line":80,"column":60}},"23":{"start":{"line":82,"column":6},"end":{"line":89,"column":8}},"24":{"start":{"line":91,"column":6},"end":{"line":91,"column":18}},"25":{"start":{"line":101,"column":4},"end":{"line":105,"column":5}},"26":{"start":{"line":102,"column":6},"end":{"line":102,"column":38}},"27":{"start":{"line":104,"column":6},"end":{"line":104,"column":18}},"28":{"start":{"line":118,"column":2},"end":{"line":118,"column":64}},"29":{"start":{"line":128,"column":31},"end":{"line":128,"column":54}},"30":{"start":{"line":130,"column":2},"end":{"line":134,"column":3}},"31":{"start":{"line":133,"column":4},"end":{"line":133,"column":17}},"32":{"start":{"line":136,"column":2},"end":{"line":140,"column":3}},"33":{"start":{"line":139,"column":4},"end":{"line":139,"column":17}},"34":{"start":{"line":142,"column":2},"end":{"line":142,"column":14}},"35":{"start":{"line":146,"column":0},"end":{"line":150,"column":2}}},"fnMap":{"0":{"name":"(anonymous_0)","decl":{"start":{"line":18,"column":2},"end":{"line":18,"column":3}},"loc":{"start":{"line":18,"column":120},"end":{"line":24,"column":3}},"line":18},"1":{"name":"(anonymous_1)","decl":{"start":{"line":30,"column":2},"end":{"line":30,"column":3}},"loc":{"start":{"line":30,"column":11},"end":{"line":32,"column":3}},"line":30},"2":{"name":"(anonymous_2)","decl":{"start":{"line":39,"column":2},"end":{"line":39,"column":3}},"loc":{"start":{"line":39,"column":31},"end":{"line":64,"column":3}},"line":39},"3":{"name":"(anonymous_3)","decl":{"start":{"line":71,"column":2},"end":{"line":71,"column":3}},"loc":{"start":{"line":71,"column":30},"end":{"line":93,"column":3}},"line":71},"4":{"name":"(anonymous_4)","decl":{"start":{"line":100,"column":2},"end":{"line":100,"column":3}},"loc":{"start":{"line":100,"column":27},"end":{"line":106,"column":3}},"line":100},"5":{"name":"createRateLimit","decl":{"start":{"line":117,"column":9},"end":{"line":117,"column":24}},"loc":{"start":{"line":117,"column":66},"end":{"line":119,"column":1}},"line":117},"6":{"name":"validateRateLimitParams","decl":{"start":{"line":127,"column":9},"end":{"line":127,"column":32}},"loc":{"start":{"line":127,"column":51},"end":{"line":143,"column":1}},"line":127}},"branchMap":{"0":{"loc":{"start":{"line":18,"column":32},"end":{"line":18,"column":71}},"type":"default-arg","locations":[{"start":{"line":18,"column":43},"end":{"line":18,"column":71}}],"line":18},"1":{"loc":{"start":{"line":18,"column":73},"end":{"line":18,"column":118}},"type":"default-arg","locations":[{"start":{"line":18,"column":87},"end":{"line":18,"column":118}}],"line":18},"2":{"loc":{"start":{"line":51,"column":6},"end":{"line":57,"column":7}},"type":"if","locations":[{"start":{"line":51,"column":6},"end":{"line":57,"column":7}},{"start":{},"end":{}}],"line":51},"3":{"loc":{"start":{"line":130,"column":2},"end":{"line":134,"column":3}},"type":"if","locations":[{"start":{"line":130,"column":2},"end":{"line":134,"column":3}},{"start":{},"end":{}}],"line":130},"4":{"loc":{"start":{"line":130,"column":6},"end":{"line":132,"column":57}},"type":"binary-expr","locations":[{"start":{"line":130,"column":6},"end":{"line":130,"column":13}},{"start":{"line":130,"column":17},"end":{"line":130,"column":43}},{"start":{"line":131,"column":6},"end":{"line":131,"column":57}},{"start":{"line":132,"column":6},"end":{"line":132,"column":57}}],"line":130},"5":{"loc":{"start":{"line":136,"column":2},"end":{"line":140,"column":3}},"type":"if","locations":[{"start":{"line":136,"column":2},"end":{"line":140,"column":3}},{"start":{},"end":{}}],"line":136},"6":{"loc":{"start":{"line":136,"column":6},"end":{"line":138,"column":60}},"type":"binary-expr","locations":[{"start":{"line":136,"column":6},"end":{"line":136,"column":15}},{"start":{"line":136,"column":19},"end":{"line":136,"column":47}},{"start":{"line":137,"column":6},"end":{"line":137,"column":60}},{"start":{"line":138,"column":6},"end":{"line":138,"column":60}}],"line":136}},"s":{"0":1,"1":14,"2":14,"3":14,"4":14,"5":14,"6":1,"7":4,"8":4,"9":4,"10":4,"11":3,"12":3,"13":1,"14":1,"15":1,"16":2,"17":1,"18":4,"19":4,"20":4,"21":4,"22":3,"23":3,"24":1,"25":2,"26":2,"27":1,"28":2,"29":5,"30":5,"31":2,"32":3,"33":2,"34":1,"35":1},"f":{"0":14,"1":1,"2":4,"3":4,"4":2,"5":2,"6":5},"b":{"0":[7],"1":[7],"2":[1,2],"3":[2,3],"4":[5,4,4,4],"5":[2,1],"6":[3,2,2,2]},"_coverageSchema":"1a1c01bbd47fc00a2c39e90264f33305004495a9","hash":"11528e0c7014a8e94aa11b045dd168c250890683"}
,"D:\\Documents\\GeminiCLI-Projects\\profilebuilder\\services\\rate-limiting\\src\\utils\\circuitBreaker.js": {"path":"D:\\Documents\\GeminiCLI-Projects\\profilebuilder\\services\\rate-limiting\\src\\utils\\circuitBreaker.js","statementMap":{"0":{"start":{"line":5,"column":114},"end":{"line":5,"column":137}},"1":{"start":{"line":6,"column":38},"end":{"line":6,"column":58}},"2":{"start":{"line":9,"column":12},"end":{"line":9,"column":41}},"3":{"start":{"line":10,"column":19},"end":{"line":10,"column":20}},"4":{"start":{"line":11,"column":22},"end":{"line":11,"column":26}},"5":{"start":{"line":12,"column":19},"end":{"line":12,"column":20}},"6":{"start":{"line":15,"column":16},"end":{"line":15,"column":92}},"7":{"start":{"line":16,"column":23},"end":{"line":16,"column":113}},"8":{"start":{"line":23,"column":2},"end":{"line":23,"column":15}},"9":{"start":{"line":31,"column":2},"end":{"line":45,"column":3}},"10":{"start":{"line":33,"column":6},"end":{"line":33,"column":18}},"11":{"start":{"line":36,"column":6},"end":{"line":39,"column":7}},"12":{"start":{"line":37,"column":8},"end":{"line":37,"column":31}},"13":{"start":{"line":38,"column":8},"end":{"line":38,"column":20}},"14":{"start":{"line":40,"column":6},"end":{"line":40,"column":19}},"15":{"start":{"line":42,"column":6},"end":{"line":42,"column":18}},"16":{"start":{"line":44,"column":6},"end":{"line":44,"column":19}},"17":{"start":{"line":52,"column":2},"end":{"line":52,"column":19}},"18":{"start":{"line":54,"column":2},"end":{"line":60,"column":3}},"19":{"start":{"line":55,"column":4},"end":{"line":55,"column":19}},"20":{"start":{"line":57,"column":4},"end":{"line":59,"column":5}},"21":{"start":{"line":58,"column":6},"end":{"line":58,"column":27}},"22":{"start":{"line":67,"column":2},"end":{"line":67,"column":17}},"23":{"start":{"line":68,"column":2},"end":{"line":68,"column":31}},"24":{"start":{"line":70,"column":2},"end":{"line":75,"column":3}},"25":{"start":{"line":71,"column":4},"end":{"line":71,"column":23}},"26":{"start":{"line":72,"column":9},"end":{"line":75,"column":3}},"27":{"start":{"line":74,"column":4},"end":{"line":74,"column":23}},"28":{"start":{"line":82,"column":2},"end":{"line":82,"column":40}},"29":{"start":{"line":83,"column":2},"end":{"line":83,"column":19}},"30":{"start":{"line":84,"column":2},"end":{"line":84,"column":19}},"31":{"start":{"line":85,"column":2},"end":{"line":85,"column":35}},"32":{"start":{"line":92,"column":2},"end":{"line":92,"column":38}},"33":{"start":{"line":93,"column":2},"end":{"line":93,"column":19}},"34":{"start":{"line":94,"column":2},"end":{"line":94,"column":35}},"35":{"start":{"line":101,"column":2},"end":{"line":101,"column":43}},"36":{"start":{"line":102,"column":2},"end":{"line":102,"column":19}},"37":{"start":{"line":103,"column":2},"end":{"line":103,"column":35}},"38":{"start":{"line":110,"column":2},"end":{"line":110,"column":21}},"39":{"start":{"line":117,"column":2},"end":{"line":117,"column":23}},"40":{"start":{"line":125,"column":2},"end":{"line":132,"column":4}},"41":{"start":{"line":140,"column":2},"end":{"line":142,"column":3}},"42":{"start":{"line":141,"column":4},"end":{"line":141,"column":33}},"43":{"start":{"line":143,"column":2},"end":{"line":145,"column":3}},"44":{"start":{"line":144,"column":4},"end":{"line":144,"column":47}},"45":{"start":{"line":149,"column":0},"end":{"line":149,"column":33}},"46":{"start":{"line":152,"column":0},"end":{"line":161,"column":2}}},"fnMap":{"0":{"name":"getState","decl":{"start":{"line":22,"column":9},"end":{"line":22,"column":17}},"loc":{"start":{"line":22,"column":20},"end":{"line":24,"column":1}},"line":22},"1":{"name":"canExecute","decl":{"start":{"line":30,"column":9},"end":{"line":30,"column":19}},"loc":{"start":{"line":30,"column":22},"end":{"line":46,"column":1}},"line":30},"2":{"name":"recordSuccess","decl":{"start":{"line":51,"column":9},"end":{"line":51,"column":22}},"loc":{"start":{"line":51,"column":25},"end":{"line":61,"column":1}},"line":51},"3":{"name":"recordFailure","decl":{"start":{"line":66,"column":9},"end":{"line":66,"column":22}},"loc":{"start":{"line":66,"column":25},"end":{"line":76,"column":1}},"line":66},"4":{"name":"transitionToClosed","decl":{"start":{"line":81,"column":9},"end":{"line":81,"column":27}},"loc":{"start":{"line":81,"column":30},"end":{"line":86,"column":1}},"line":81},"5":{"name":"transitionToOpen","decl":{"start":{"line":91,"column":9},"end":{"line":91,"column":25}},"loc":{"start":{"line":91,"column":28},"end":{"line":95,"column":1}},"line":91},"6":{"name":"transitionToHalfOpen","decl":{"start":{"line":100,"column":9},"end":{"line":100,"column":29}},"loc":{"start":{"line":100,"column":32},"end":{"line":104,"column":1}},"line":100},"7":{"name":"forceOpen","decl":{"start":{"line":109,"column":9},"end":{"line":109,"column":18}},"loc":{"start":{"line":109,"column":21},"end":{"line":111,"column":1}},"line":109},"8":{"name":"forceClose","decl":{"start":{"line":116,"column":9},"end":{"line":116,"column":19}},"loc":{"start":{"line":116,"column":22},"end":{"line":118,"column":1}},"line":116},"9":{"name":"getStats","decl":{"start":{"line":124,"column":9},"end":{"line":124,"column":17}},"loc":{"start":{"line":124,"column":20},"end":{"line":133,"column":1}},"line":124},"10":{"name":"updateConfig","decl":{"start":{"line":139,"column":9},"end":{"line":139,"column":21}},"loc":{"start":{"line":139,"column":30},"end":{"line":146,"column":1}},"line":139}},"branchMap":{"0":{"loc":{"start":{"line":15,"column":16},"end":{"line":15,"column":92}},"type":"binary-expr","locations":[{"start":{"line":15,"column":16},"end":{"line":15,"column":54}},{"start":{"line":15,"column":58},"end":{"line":15,"column":92}}],"line":15},"1":{"loc":{"start":{"line":16,"column":23},"end":{"line":16,"column":113}},"type":"binary-expr","locations":[{"start":{"line":16,"column":23},"end":{"line":16,"column":68}},{"start":{"line":16,"column":72},"end":{"line":16,"column":113}}],"line":16},"2":{"loc":{"start":{"line":31,"column":2},"end":{"line":45,"column":3}},"type":"switch","locations":[{"start":{"line":32,"column":4},"end":{"line":33,"column":18}},{"start":{"line":34,"column":4},"end":{"line":40,"column":19}},{"start":{"line":41,"column":4},"end":{"line":42,"column":18}},{"start":{"line":43,"column":4},"end":{"line":44,"column":19}}],"line":31},"3":{"loc":{"start":{"line":36,"column":6},"end":{"line":39,"column":7}},"type":"if","locations":[{"start":{"line":36,"column":6},"end":{"line":39,"column":7}},{"start":{},"end":{}}],"line":36},"4":{"loc":{"start":{"line":36,"column":10},"end":{"line":36,"column":71}},"type":"binary-expr","locations":[{"start":{"line":36,"column":10},"end":{"line":36,"column":25}},{"start":{"line":36,"column":29},"end":{"line":36,"column":71}}],"line":36},"5":{"loc":{"start":{"line":54,"column":2},"end":{"line":60,"column":3}},"type":"if","locations":[{"start":{"line":54,"column":2},"end":{"line":60,"column":3}},{"start":{},"end":{}}],"line":54},"6":{"loc":{"start":{"line":57,"column":4},"end":{"line":59,"column":5}},"type":"if","locations":[{"start":{"line":57,"column":4},"end":{"line":59,"column":5}},{"start":{},"end":{}}],"line":57},"7":{"loc":{"start":{"line":70,"column":2},"end":{"line":75,"column":3}},"type":"if","locations":[{"start":{"line":70,"column":2},"end":{"line":75,"column":3}},{"start":{"line":72,"column":9},"end":{"line":75,"column":3}}],"line":70},"8":{"loc":{"start":{"line":70,"column":6},"end":{"line":70,"column":81}},"type":"binary-expr","locations":[{"start":{"line":70,"column":6},"end":{"line":70,"column":45}},{"start":{"line":70,"column":49},"end":{"line":70,"column":81}}],"line":70},"9":{"loc":{"start":{"line":72,"column":9},"end":{"line":75,"column":3}},"type":"if","locations":[{"start":{"line":72,"column":9},"end":{"line":75,"column":3}},{"start":{},"end":{}}],"line":72},"10":{"loc":{"start":{"line":140,"column":2},"end":{"line":142,"column":3}},"type":"if","locations":[{"start":{"line":140,"column":2},"end":{"line":142,"column":3}},{"start":{},"end":{}}],"line":140},"11":{"loc":{"start":{"line":143,"column":2},"end":{"line":145,"column":3}},"type":"if","locations":[{"start":{"line":143,"column":2},"end":{"line":145,"column":3}},{"start":{},"end":{}}],"line":143}},"s":{"0":1,"1":1,"2":1,"3":1,"4":1,"5":1,"6":1,"7":1,"8":17,"9":9,"10":3,"11":6,"12":3,"13":3,"14":3,"15":0,"16":0,"17":5,"18":5,"19":3,"20":3,"21":1,"22":19,"23":19,"24":19,"25":2,"26":17,"27":1,"28":15,"29":15,"30":15,"31":15,"32":8,"33":8,"34":8,"35":3,"36":3,"37":3,"38":5,"39":14,"40":5,"41":1,"42":1,"43":1,"44":1,"45":1,"46":1},"f":{"0":17,"1":9,"2":5,"3":19,"4":15,"5":8,"6":3,"7":5,"8":14,"9":5,"10":1},"b":{"0":[1,1],"1":[1,1],"2":[3,6,0,0],"3":[3,3],"4":[6,6],"5":[3,2],"6":[1,2],"7":[2,17],"8":[19,18],"9":[1,16],"10":[1,0],"11":[1,0]},"_coverageSchema":"1a1c01bbd47fc00a2c39e90264f33305004495a9","hash":"9201b8578d4029fb887feee45380b3cc079cdc88"}
,"D:\\Documents\\GeminiCLI-Projects\\profilebuilder\\services\\rate-limiting\\src\\utils\\logger.js": {"path":"D:\\Documents\\GeminiCLI-Projects\\profilebuilder\\services\\rate-limiting\\src\\utils\\logger.js","statementMap":{"0":{"start":{"line":5,"column":30},"end":{"line":5,"column":53}},"1":{"start":{"line":8,"column":19},"end":{"line":13,"column":1}},"2":{"start":{"line":16,"column":22},"end":{"line":16,"column":64}},"3":{"start":{"line":23,"column":2},"end":{"line":28,"column":3}},"4":{"start":{"line":24,"column":4},"end":{"line":24,"column":28}},"5":{"start":{"line":26,"column":4},"end":{"line":26,"column":85}},"6":{"start":{"line":27,"column":4},"end":{"line":27,"column":40}},"7":{"start":{"line":37,"column":2},"end":{"line":37,"column":58}},"8":{"start":{"line":49,"column":19},"end":{"line":55,"column":3}},"9":{"start":{"line":57,"column":2},"end":{"line":59,"column":3}},"10":{"start":{"line":58,"column":4},"end":{"line":58,"column":43}},"11":{"start":{"line":61,"column":2},"end":{"line":61,"column":34}},"12":{"start":{"line":72,"column":2},"end":{"line":74,"column":3}},"13":{"start":{"line":73,"column":4},"end":{"line":73,"column":11}},"14":{"start":{"line":76,"column":25},"end":{"line":76,"column":76}},"15":{"start":{"line":77,"column":2},"end":{"line":77,"column":30}},"16":{"start":{"line":87,"column":2},"end":{"line":87,"column":45}},"17":{"start":{"line":97,"column":2},"end":{"line":97,"column":44}},"18":{"start":{"line":107,"column":2},"end":{"line":107,"column":44}},"19":{"start":{"line":117,"column":2},"end":{"line":117,"column":45}},"20":{"start":{"line":127,"column":2},"end":{"line":127,"column":76}},"21":{"start":{"line":139,"column":2},"end":{"line":144,"column":20}},"22":{"start":{"line":155,"column":2},"end":{"line":159,"column":20}},"23":{"start":{"line":163,"column":0},"end":{"line":172,"column":2}}},"fnMap":{"0":{"name":"setLogLevel","decl":{"start":{"line":22,"column":9},"end":{"line":22,"column":20}},"loc":{"start":{"line":22,"column":28},"end":{"line":29,"column":1}},"line":22},"1":{"name":"shouldLog","decl":{"start":{"line":36,"column":9},"end":{"line":36,"column":18}},"loc":{"start":{"line":36,"column":26},"end":{"line":38,"column":1}},"line":36},"2":{"name":"formatLogEntry","decl":{"start":{"line":48,"column":9},"end":{"line":48,"column":23}},"loc":{"start":{"line":48,"column":73},"end":{"line":62,"column":1}},"line":48},"3":{"name":"log","decl":{"start":{"line":71,"column":9},"end":{"line":71,"column":12}},"loc":{"start":{"line":71,"column":62},"end":{"line":78,"column":1}},"line":71},"4":{"name":"debug","decl":{"start":{"line":86,"column":9},"end":{"line":86,"column":14}},"loc":{"start":{"line":86,"column":57},"end":{"line":88,"column":1}},"line":86},"5":{"name":"info","decl":{"start":{"line":96,"column":9},"end":{"line":96,"column":13}},"loc":{"start":{"line":96,"column":56},"end":{"line":98,"column":1}},"line":96},"6":{"name":"warn","decl":{"start":{"line":106,"column":9},"end":{"line":106,"column":13}},"loc":{"start":{"line":106,"column":56},"end":{"line":108,"column":1}},"line":106},"7":{"name":"error","decl":{"start":{"line":116,"column":9},"end":{"line":116,"column":14}},"loc":{"start":{"line":116,"column":57},"end":{"line":118,"column":1}},"line":116},"8":{"name":"logRequestStart","decl":{"start":{"line":126,"column":9},"end":{"line":126,"column":24}},"loc":{"start":{"line":126,"column":53},"end":{"line":128,"column":1}},"line":126},"9":{"name":"logRequestComplete","decl":{"start":{"line":138,"column":9},"end":{"line":138,"column":27}},"loc":{"start":{"line":138,"column":78},"end":{"line":145,"column":1}},"line":138},"10":{"name":"logRateLimitCheck","decl":{"start":{"line":154,"column":9},"end":{"line":154,"column":26}},"loc":{"start":{"line":154,"column":69},"end":{"line":160,"column":1}},"line":154}},"branchMap":{"0":{"loc":{"start":{"line":16,"column":22},"end":{"line":16,"column":64}},"type":"binary-expr","locations":[{"start":{"line":16,"column":22},"end":{"line":16,"column":43}},{"start":{"line":16,"column":47},"end":{"line":16,"column":64}}],"line":16},"1":{"loc":{"start":{"line":23,"column":2},"end":{"line":28,"column":3}},"type":"if","locations":[{"start":{"line":23,"column":2},"end":{"line":28,"column":3}},{"start":{"line":25,"column":9},"end":{"line":28,"column":3}}],"line":23},"2":{"loc":{"start":{"line":48,"column":40},"end":{"line":48,"column":49}},"type":"default-arg","locations":[{"start":{"line":48,"column":47},"end":{"line":48,"column":49}}],"line":48},"3":{"loc":{"start":{"line":48,"column":51},"end":{"line":48,"column":71}},"type":"default-arg","locations":[{"start":{"line":48,"column":67},"end":{"line":48,"column":71}}],"line":48},"4":{"loc":{"start":{"line":57,"column":2},"end":{"line":59,"column":3}},"type":"if","locations":[{"start":{"line":57,"column":2},"end":{"line":59,"column":3}},{"start":{},"end":{}}],"line":57},"5":{"loc":{"start":{"line":71,"column":29},"end":{"line":71,"column":38}},"type":"default-arg","locations":[{"start":{"line":71,"column":36},"end":{"line":71,"column":38}}],"line":71},"6":{"loc":{"start":{"line":71,"column":40},"end":{"line":71,"column":60}},"type":"default-arg","locations":[{"start":{"line":71,"column":56},"end":{"line":71,"column":60}}],"line":71},"7":{"loc":{"start":{"line":72,"column":2},"end":{"line":74,"column":3}},"type":"if","locations":[{"start":{"line":72,"column":2},"end":{"line":74,"column":3}},{"start":{},"end":{}}],"line":72},"8":{"loc":{"start":{"line":86,"column":24},"end":{"line":86,"column":33}},"type":"default-arg","locations":[{"start":{"line":86,"column":31},"end":{"line":86,"column":33}}],"line":86},"9":{"loc":{"start":{"line":86,"column":35},"end":{"line":86,"column":55}},"type":"default-arg","locations":[{"start":{"line":86,"column":51},"end":{"line":86,"column":55}}],"line":86},"10":{"loc":{"start":{"line":96,"column":23},"end":{"line":96,"column":32}},"type":"default-arg","locations":[{"start":{"line":96,"column":30},"end":{"line":96,"column":32}}],"line":96},"11":{"loc":{"start":{"line":96,"column":34},"end":{"line":96,"column":54}},"type":"default-arg","locations":[{"start":{"line":96,"column":50},"end":{"line":96,"column":54}}],"line":96},"12":{"loc":{"start":{"line":106,"column":23},"end":{"line":106,"column":32}},"type":"default-arg","locations":[{"start":{"line":106,"column":30},"end":{"line":106,"column":32}}],"line":106},"13":{"loc":{"start":{"line":106,"column":34},"end":{"line":106,"column":54}},"type":"default-arg","locations":[{"start":{"line":106,"column":50},"end":{"line":106,"column":54}}],"line":106},"14":{"loc":{"start":{"line":116,"column":24},"end":{"line":116,"column":33}},"type":"default-arg","locations":[{"start":{"line":116,"column":31},"end":{"line":116,"column":33}}],"line":116},"15":{"loc":{"start":{"line":116,"column":35},"end":{"line":116,"column":55}},"type":"default-arg","locations":[{"start":{"line":116,"column":51},"end":{"line":116,"column":55}}],"line":116},"16":{"loc":{"start":{"line":155,"column":28},"end":{"line":155,"column":59}},"type":"cond-expr","locations":[{"start":{"line":155,"column":38},"end":{"line":155,"column":47}},{"start":{"line":155,"column":50},"end":{"line":155,"column":59}}],"line":155}},"s":{"0":1,"1":1,"2":1,"3":15,"4":14,"5":1,"6":1,"7":19,"8":16,"9":16,"10":5,"11":16,"12":19,"13":3,"14":16,"15":16,"16":4,"17":11,"18":2,"19":2,"20":1,"21":1,"22":2,"23":1},"f":{"0":15,"1":19,"2":16,"3":19,"4":4,"5":11,"6":2,"7":2,"8":1,"9":1,"10":2},"b":{"0":[1,1],"1":[14,1],"2":[0],"3":[0],"4":[5,11],"5":[0],"6":[0],"7":[3,16],"8":[4],"9":[4],"10":[5],"11":[6],"12":[2],"13":[2],"14":[2],"15":[2],"16":[1,1]},"_coverageSchema":"1a1c01bbd47fc00a2c39e90264f33305004495a9","hash":"b9b6739c8964cf3eb4a47b8abf8313ef605d1279"}
,"D:\\Documents\\GeminiCLI-Projects\\profilebuilder\\services\\rate-limiting\\src\\utils\\metrics.js": {"path":"D:\\Documents\\GeminiCLI-Projects\\profilebuilder\\services\\rate-limiting\\src\\utils\\metrics.js","statementMap":{"0":{"start":{"line":5,"column":26},"end":{"line":5,"column":49}},"1":{"start":{"line":8,"column":16},"end":{"line":12,"column":1}},"2":{"start":{"line":19,"column":2},"end":{"line":19,"column":53}},"3":{"start":{"line":20,"column":2},"end":{"line":20,"column":55}},"4":{"start":{"line":21,"column":2},"end":{"line":21,"column":55}},"5":{"start":{"line":24,"column":2},"end":{"line":36,"column":4}},"6":{"start":{"line":39,"column":2},"end":{"line":39,"column":58}},"7":{"start":{"line":40,"column":2},"end":{"line":40,"column":60}},"8":{"start":{"line":50,"column":2},"end":{"line":52,"column":3}},"9":{"start":{"line":51,"column":4},"end":{"line":51,"column":36}},"10":{"start":{"line":62,"column":2},"end":{"line":83,"column":3}},"11":{"start":{"line":63,"column":22},"end":{"line":63,"column":46}},"12":{"start":{"line":64,"column":4},"end":{"line":64,"column":25}},"13":{"start":{"line":65,"column":4},"end":{"line":65,"column":27}},"14":{"start":{"line":68,"column":20},"end":{"line":72,"column":6}},"15":{"start":{"line":69,"column":6},"end":{"line":69,"column":33}},"16":{"start":{"line":69,"column":24},"end":{"line":69,"column":33}},"17":{"start":{"line":70,"column":6},"end":{"line":70,"column":34}},"18":{"start":{"line":70,"column":24},"end":{"line":70,"column":34}},"19":{"start":{"line":71,"column":6},"end":{"line":71,"column":43}},"20":{"start":{"line":74,"column":4},"end":{"line":82,"column":5}},"21":{"start":{"line":75,"column":6},"end":{"line":78,"column":7}},"22":{"start":{"line":76,"column":8},"end":{"line":76,"column":39}},"23":{"start":{"line":77,"column":8},"end":{"line":77,"column":14}},"24":{"start":{"line":79,"column":6},"end":{"line":81,"column":7}},"25":{"start":{"line":80,"column":8},"end":{"line":80,"column":39}},"26":{"start":{"line":93,"column":2},"end":{"line":95,"column":3}},"27":{"start":{"line":94,"column":4},"end":{"line":94,"column":33}},"28":{"start":{"line":103,"column":15},"end":{"line":103,"column":79}},"29":{"start":{"line":104,"column":2},"end":{"line":104,"column":60}},"30":{"start":{"line":105,"column":2},"end":{"line":105,"column":97}},"31":{"start":{"line":107,"column":2},"end":{"line":107,"column":93}},"32":{"start":{"line":108,"column":2},"end":{"line":108,"column":68}},"33":{"start":{"line":109,"column":2},"end":{"line":109,"column":107}},"34":{"start":{"line":111,"column":2},"end":{"line":111,"column":93}},"35":{"start":{"line":112,"column":2},"end":{"line":112,"column":68}},"36":{"start":{"line":113,"column":2},"end":{"line":113,"column":107}},"37":{"start":{"line":116,"column":15},"end":{"line":116,"column":65}},"38":{"start":{"line":117,"column":2},"end":{"line":117,"column":90}},"39":{"start":{"line":118,"column":2},"end":{"line":118,"column":72}},"40":{"start":{"line":119,"column":18},"end":{"line":123,"column":4}},"41":{"start":{"line":120,"column":4},"end":{"line":120,"column":31}},"42":{"start":{"line":120,"column":22},"end":{"line":120,"column":31}},"43":{"start":{"line":121,"column":4},"end":{"line":121,"column":32}},"44":{"start":{"line":121,"column":22},"end":{"line":121,"column":32}},"45":{"start":{"line":122,"column":4},"end":{"line":122,"column":41}},"46":{"start":{"line":124,"column":2},"end":{"line":126,"column":3}},"47":{"start":{"line":125,"column":4},"end":{"line":125,"column":104}},"48":{"start":{"line":127,"column":2},"end":{"line":127,"column":75}},"49":{"start":{"line":128,"column":2},"end":{"line":128,"column":73}},"50":{"start":{"line":131,"column":2},"end":{"line":131,"column":113}},"51":{"start":{"line":132,"column":2},"end":{"line":132,"column":65}},"52":{"start":{"line":133,"column":2},"end":{"line":133,"column":109}},"53":{"start":{"line":135,"column":2},"end":{"line":135,"column":115}},"54":{"start":{"line":136,"column":2},"end":{"line":136,"column":67}},"55":{"start":{"line":137,"column":2},"end":{"line":137,"column":111}},"56":{"start":{"line":139,"column":2},"end":{"line":139,"column":16}},"57":{"start":{"line":148,"column":2},"end":{"line":148,"column":49}},"58":{"start":{"line":149,"column":2},"end":{"line":153,"column":3}},"59":{"start":{"line":150,"column":4},"end":{"line":150,"column":53}},"60":{"start":{"line":152,"column":4},"end":{"line":152,"column":53}},"61":{"start":{"line":154,"column":2},"end":{"line":154,"column":61}},"62":{"start":{"line":162,"column":37},"end":{"line":162,"column":60}},"63":{"start":{"line":163,"column":21},"end":{"line":167,"column":15}},"64":{"start":{"line":168,"column":2},"end":{"line":168,"column":60}},"65":{"start":{"line":176,"column":2},"end":{"line":176,"column":69}},"66":{"start":{"line":180,"column":0},"end":{"line":180,"column":20}},"67":{"start":{"line":183,"column":0},"end":{"line":191,"column":2}}},"fnMap":{"0":{"name":"initializeMetrics","decl":{"start":{"line":17,"column":9},"end":{"line":17,"column":26}},"loc":{"start":{"line":17,"column":29},"end":{"line":41,"column":1}},"line":17},"1":{"name":"incrementCounter","decl":{"start":{"line":49,"column":9},"end":{"line":49,"column":25}},"loc":{"start":{"line":49,"column":56},"end":{"line":53,"column":1}},"line":49},"2":{"name":"observeHistogram","decl":{"start":{"line":61,"column":9},"end":{"line":61,"column":25}},"loc":{"start":{"line":61,"column":52},"end":{"line":84,"column":1}},"line":61},"3":{"name":"(anonymous_3)","decl":{"start":{"line":68,"column":56},"end":{"line":68,"column":57}},"loc":{"start":{"line":68,"column":66},"end":{"line":72,"column":5}},"line":68},"4":{"name":"setGauge","decl":{"start":{"line":92,"column":9},"end":{"line":92,"column":17}},"loc":{"start":{"line":92,"column":44},"end":{"line":96,"column":1}},"line":92},"5":{"name":"getPrometheusMetrics","decl":{"start":{"line":102,"column":9},"end":{"line":102,"column":29}},"loc":{"start":{"line":102,"column":32},"end":{"line":140,"column":1}},"line":102},"6":{"name":"(anonymous_6)","decl":{"start":{"line":119,"column":49},"end":{"line":119,"column":50}},"loc":{"start":{"line":119,"column":59},"end":{"line":123,"column":3}},"line":119},"7":{"name":"recordRequest","decl":{"start":{"line":147,"column":9},"end":{"line":147,"column":22}},"loc":{"start":{"line":147,"column":42},"end":{"line":155,"column":1}},"line":147},"8":{"name":"updateCircuitBreakerState","decl":{"start":{"line":161,"column":9},"end":{"line":161,"column":34}},"loc":{"start":{"line":161,"column":42},"end":{"line":169,"column":1}},"line":161},"9":{"name":"updateRedisConnectionStatus","decl":{"start":{"line":175,"column":9},"end":{"line":175,"column":36}},"loc":{"start":{"line":175,"column":48},"end":{"line":177,"column":1}},"line":175}},"branchMap":{"0":{"loc":{"start":{"line":49,"column":32},"end":{"line":49,"column":41}},"type":"default-arg","locations":[{"start":{"line":49,"column":40},"end":{"line":49,"column":41}}],"line":49},"1":{"loc":{"start":{"line":49,"column":43},"end":{"line":49,"column":54}},"type":"default-arg","locations":[{"start":{"line":49,"column":52},"end":{"line":49,"column":54}}],"line":49},"2":{"loc":{"start":{"line":50,"column":2},"end":{"line":52,"column":3}},"type":"if","locations":[{"start":{"line":50,"column":2},"end":{"line":52,"column":3}},{"start":{},"end":{}}],"line":50},"3":{"loc":{"start":{"line":61,"column":39},"end":{"line":61,"column":50}},"type":"default-arg","locations":[{"start":{"line":61,"column":48},"end":{"line":61,"column":50}}],"line":61},"4":{"loc":{"start":{"line":62,"column":2},"end":{"line":83,"column":3}},"type":"if","locations":[{"start":{"line":62,"column":2},"end":{"line":83,"column":3}},{"start":{},"end":{}}],"line":62},"5":{"loc":{"start":{"line":69,"column":6},"end":{"line":69,"column":33}},"type":"if","locations":[{"start":{"line":69,"column":6},"end":{"line":69,"column":33}},{"start":{},"end":{}}],"line":69},"6":{"loc":{"start":{"line":70,"column":6},"end":{"line":70,"column":34}},"type":"if","locations":[{"start":{"line":70,"column":6},"end":{"line":70,"column":34}},{"start":{},"end":{}}],"line":70},"7":{"loc":{"start":{"line":75,"column":6},"end":{"line":78,"column":7}},"type":"if","locations":[{"start":{"line":75,"column":6},"end":{"line":78,"column":7}},{"start":{},"end":{}}],"line":75},"8":{"loc":{"start":{"line":79,"column":6},"end":{"line":81,"column":7}},"type":"if","locations":[{"start":{"line":79,"column":6},"end":{"line":81,"column":7}},{"start":{},"end":{}}],"line":79},"9":{"loc":{"start":{"line":92,"column":31},"end":{"line":92,"column":42}},"type":"default-arg","locations":[{"start":{"line":92,"column":40},"end":{"line":92,"column":42}}],"line":92},"10":{"loc":{"start":{"line":93,"column":2},"end":{"line":95,"column":3}},"type":"if","locations":[{"start":{"line":93,"column":2},"end":{"line":95,"column":3}},{"start":{},"end":{}}],"line":93},"11":{"loc":{"start":{"line":120,"column":4},"end":{"line":120,"column":31}},"type":"if","locations":[{"start":{"line":120,"column":4},"end":{"line":120,"column":31}},{"start":{},"end":{}}],"line":120},"12":{"loc":{"start":{"line":121,"column":4},"end":{"line":121,"column":32}},"type":"if","locations":[{"start":{"line":121,"column":4},"end":{"line":121,"column":32}},{"start":{},"end":{}}],"line":121},"13":{"loc":{"start":{"line":149,"column":2},"end":{"line":153,"column":3}},"type":"if","locations":[{"start":{"line":149,"column":2},"end":{"line":153,"column":3}},{"start":{"line":151,"column":9},"end":{"line":153,"column":3}}],"line":149},"14":{"loc":{"start":{"line":163,"column":21},"end":{"line":167,"column":15}},"type":"binary-expr","locations":[{"start":{"line":163,"column":21},"end":{"line":167,"column":10}},{"start":{"line":167,"column":14},"end":{"line":167,"column":15}}],"line":163},"15":{"loc":{"start":{"line":176,"column":50},"end":{"line":176,"column":67}},"type":"cond-expr","locations":[{"start":{"line":176,"column":62},"end":{"line":176,"column":63}},{"start":{"line":176,"column":66},"end":{"line":176,"column":67}}],"line":176}},"s":{"0":2,"1":2,"2":2,"3":2,"4":2,"5":2,"6":2,"7":2,"8":13,"9":12,"10":18,"11":17,"12":17,"13":17,"14":17,"15":221,"16":34,"17":187,"18":0,"19":187,"20":17,"21":119,"22":17,"23":17,"24":102,"25":64,"26":36,"27":35,"28":27,"29":27,"30":27,"31":27,"32":27,"33":27,"34":27,"35":27,"36":27,"37":27,"38":27,"39":27,"40":27,"41":351,"42":54,"43":297,"44":0,"45":297,"46":27,"47":189,"48":27,"49":27,"50":27,"51":27,"52":27,"53":27,"54":27,"55":27,"56":27,"57":3,"58":3,"59":2,"60":1,"61":3,"62":27,"63":27,"64":27,"65":0,"66":2,"67":2},"f":{"0":2,"1":13,"2":18,"3":221,"4":36,"5":27,"6":351,"7":3,"8":27,"9":0},"b":{"0":[6],"1":[13],"2":[12,1],"3":[18],"4":[17,1],"5":[34,187],"6":[0,187],"7":[17,102],"8":[64,38],"9":[36],"10":[35,1],"11":[54,297],"12":[0,297],"13":[2,1],"14":[27,16],"15":[0,0]},"_coverageSchema":"1a1c01bbd47fc00a2c39e90264f33305004495a9","hash":"1ae3c5eee915a75c40eb45b2bdb3569a872d25fd"}
}
