TN:
SF:src\constants.js
FNF:0
FNH:0
DA:6,4
DA:9,4
DA:10,4
DA:13,4
DA:14,4
DA:17,4
DA:20,4
DA:21,4
DA:22,4
DA:25,4
DA:34,4
DA:43,4
DA:52,4
DA:58,4
DA:59,4
DA:69,4
DA:77,4
DA:84,4
LF:18
LH:18
BRF:0
BRH:0
end_of_record
TN:
SF:src\models\RateLimit.js
FN:18,(anonymous_0)
FN:30,(anonymous_1)
FN:39,(anonymous_2)
FN:71,(anonymous_3)
FN:100,(anonymous_4)
FN:117,createRateLimit
FN:127,validateRateLimitParams
FNF:7
FNH:7
FNDA:14,(anonymous_0)
FNDA:1,(anonymous_1)
FNDA:4,(anonymous_2)
FNDA:4,(anonymous_3)
FNDA:2,(anonymous_4)
FNDA:2,createRateLimit
FNDA:5,validateRateLimitParams
DA:5,1
DA:19,14
DA:20,14
DA:21,14
DA:22,14
DA:23,14
DA:31,1
DA:40,4
DA:41,4
DA:42,4
DA:46,4
DA:49,3
DA:51,3
DA:53,1
DA:55,1
DA:56,1
DA:59,2
DA:62,1
DA:72,4
DA:73,4
DA:74,4
DA:77,4
DA:80,3
DA:82,3
DA:91,1
DA:101,2
DA:102,2
DA:104,1
DA:118,2
DA:128,5
DA:130,5
DA:133,2
DA:136,3
DA:139,2
DA:142,1
DA:146,1
LF:36
LH:36
BRDA:18,0,0,7
BRDA:18,1,0,7
BRDA:51,2,0,1
BRDA:51,2,1,2
BRDA:130,3,0,2
BRDA:130,3,1,3
BRDA:130,4,0,5
BRDA:130,4,1,4
BRDA:130,4,2,4
BRDA:130,4,3,4
BRDA:136,5,0,2
BRDA:136,5,1,1
BRDA:136,6,0,3
BRDA:136,6,1,2
BRDA:136,6,2,2
BRDA:136,6,3,2
BRF:16
BRH:16
end_of_record
TN:
SF:src\utils\circuitBreaker.js
FN:22,getState
FN:30,canExecute
FN:51,recordSuccess
FN:66,recordFailure
FN:81,transitionToClosed
FN:91,transitionToOpen
FN:100,transitionToHalfOpen
FN:109,forceOpen
FN:116,forceClose
FN:124,getStats
FN:139,updateConfig
FNF:11
FNH:11
FNDA:17,getState
FNDA:9,canExecute
FNDA:5,recordSuccess
FNDA:19,recordFailure
FNDA:15,transitionToClosed
FNDA:8,transitionToOpen
FNDA:3,transitionToHalfOpen
FNDA:5,forceOpen
FNDA:14,forceClose
FNDA:5,getStats
FNDA:1,updateConfig
DA:5,1
DA:6,1
DA:9,1
DA:10,1
DA:11,1
DA:12,1
DA:15,1
DA:16,1
DA:23,17
DA:31,9
DA:33,3
DA:36,6
DA:37,3
DA:38,3
DA:40,3
DA:42,0
DA:44,0
DA:52,5
DA:54,5
DA:55,3
DA:57,3
DA:58,1
DA:67,19
DA:68,19
DA:70,19
DA:71,2
DA:72,17
DA:74,1
DA:82,15
DA:83,15
DA:84,15
DA:85,15
DA:92,8
DA:93,8
DA:94,8
DA:101,3
DA:102,3
DA:103,3
DA:110,5
DA:117,14
DA:125,5
DA:140,1
DA:141,1
DA:143,1
DA:144,1
DA:149,1
DA:152,1
LF:47
LH:45
BRDA:15,0,0,1
BRDA:15,0,1,1
BRDA:16,1,0,1
BRDA:16,1,1,1
BRDA:31,2,0,3
BRDA:31,2,1,6
BRDA:31,2,2,0
BRDA:31,2,3,0
BRDA:36,3,0,3
BRDA:36,3,1,3
BRDA:36,4,0,6
BRDA:36,4,1,6
BRDA:54,5,0,3
BRDA:54,5,1,2
BRDA:57,6,0,1
BRDA:57,6,1,2
BRDA:70,7,0,2
BRDA:70,7,1,17
BRDA:70,8,0,19
BRDA:70,8,1,18
BRDA:72,9,0,1
BRDA:72,9,1,16
BRDA:140,10,0,1
BRDA:140,10,1,0
BRDA:143,11,0,1
BRDA:143,11,1,0
BRF:26
BRH:22
end_of_record
TN:
SF:src\utils\logger.js
FN:22,setLogLevel
FN:36,shouldLog
FN:48,formatLogEntry
FN:71,log
FN:86,debug
FN:96,info
FN:106,warn
FN:116,error
FN:126,logRequestStart
FN:138,logRequestComplete
FN:154,logRateLimitCheck
FNF:11
FNH:11
FNDA:15,setLogLevel
FNDA:19,shouldLog
FNDA:16,formatLogEntry
FNDA:19,log
FNDA:4,debug
FNDA:11,info
FNDA:2,warn
FNDA:2,error
FNDA:1,logRequestStart
FNDA:1,logRequestComplete
FNDA:2,logRateLimitCheck
DA:5,1
DA:8,1
DA:16,1
DA:23,15
DA:24,14
DA:26,1
DA:27,1
DA:37,19
DA:49,16
DA:57,16
DA:58,5
DA:61,16
DA:72,19
DA:73,3
DA:76,16
DA:77,16
DA:87,4
DA:97,11
DA:107,2
DA:117,2
DA:127,1
DA:139,1
DA:155,2
DA:163,1
LF:24
LH:24
BRDA:16,0,0,1
BRDA:16,0,1,1
BRDA:23,1,0,14
BRDA:23,1,1,1
BRDA:48,2,0,0
BRDA:48,3,0,0
BRDA:57,4,0,5
BRDA:57,4,1,11
BRDA:71,5,0,0
BRDA:71,6,0,0
BRDA:72,7,0,3
BRDA:72,7,1,16
BRDA:86,8,0,4
BRDA:86,9,0,4
BRDA:96,10,0,5
BRDA:96,11,0,6
BRDA:106,12,0,2
BRDA:106,13,0,2
BRDA:116,14,0,2
BRDA:116,15,0,2
BRDA:155,16,0,1
BRDA:155,16,1,1
BRF:22
BRH:18
end_of_record
TN:
SF:src\utils\metrics.js
FN:17,initializeMetrics
FN:49,incrementCounter
FN:61,observeHistogram
FN:68,(anonymous_3)
FN:92,setGauge
FN:102,getPrometheusMetrics
FN:119,(anonymous_6)
FN:147,recordRequest
FN:161,updateCircuitBreakerState
FN:175,updateRedisConnectionStatus
FNF:10
FNH:9
FNDA:2,initializeMetrics
FNDA:13,incrementCounter
FNDA:18,observeHistogram
FNDA:221,(anonymous_3)
FNDA:36,setGauge
FNDA:27,getPrometheusMetrics
FNDA:351,(anonymous_6)
FNDA:3,recordRequest
FNDA:27,updateCircuitBreakerState
FNDA:0,updateRedisConnectionStatus
DA:5,2
DA:8,2
DA:19,2
DA:20,2
DA:21,2
DA:24,2
DA:39,2
DA:40,2
DA:50,13
DA:51,12
DA:62,18
DA:63,17
DA:64,17
DA:65,17
DA:68,17
DA:69,221
DA:70,187
DA:71,187
DA:74,17
DA:75,119
DA:76,17
DA:77,17
DA:79,102
DA:80,64
DA:93,36
DA:94,35
DA:103,27
DA:104,27
DA:105,27
DA:107,27
DA:108,27
DA:109,27
DA:111,27
DA:112,27
DA:113,27
DA:116,27
DA:117,27
DA:118,27
DA:119,27
DA:120,351
DA:121,297
DA:122,297
DA:124,27
DA:125,189
DA:127,27
DA:128,27
DA:131,27
DA:132,27
DA:133,27
DA:135,27
DA:136,27
DA:137,27
DA:139,27
DA:148,3
DA:149,3
DA:150,2
DA:152,1
DA:154,3
DA:162,27
DA:163,27
DA:168,27
DA:176,0
DA:180,2
DA:183,2
LF:64
LH:63
BRDA:49,0,0,6
BRDA:49,1,0,13
BRDA:50,2,0,12
BRDA:50,2,1,1
BRDA:61,3,0,18
BRDA:62,4,0,17
BRDA:62,4,1,1
BRDA:69,5,0,34
BRDA:69,5,1,187
BRDA:70,6,0,0
BRDA:70,6,1,187
BRDA:75,7,0,17
BRDA:75,7,1,102
BRDA:79,8,0,64
BRDA:79,8,1,38
BRDA:92,9,0,36
BRDA:93,10,0,35
BRDA:93,10,1,1
BRDA:120,11,0,54
BRDA:120,11,1,297
BRDA:121,12,0,0
BRDA:121,12,1,297
BRDA:149,13,0,2
BRDA:149,13,1,1
BRDA:163,14,0,27
BRDA:163,14,1,16
BRDA:176,15,0,0
BRDA:176,15,1,0
BRF:28
BRH:24
end_of_record
