<?xml version="1.0" encoding="UTF-8"?>
<coverage generated="1758631424997" clover="3.2.0">
  <project timestamp="1758631424997" name="All files">
    <metrics statements="54" coveredstatements="53" conditionals="27" coveredconditionals="21" methods="17" coveredmethods="13" elements="98" coveredelements="87" complexity="0" loc="54" ncloc="54" packages="1" files="1" classes="1"/>
    <file name="AdComponent.tsx" path="D:\Documents\GeminiCLI-Projects\profilebuilder\frontend\components\AdComponent.tsx">
      <metrics statements="54" coveredstatements="53" conditionals="27" coveredconditionals="21" methods="17" coveredmethods="13"/>
      <line num="1" count="1" type="stmt"/>
      <line num="2" count="1" type="stmt"/>
      <line num="3" count="1" type="stmt"/>
      <line num="27" count="1" type="stmt"/>
      <line num="33" count="44" type="stmt"/>
      <line num="34" count="44" type="stmt"/>
      <line num="35" count="44" type="stmt"/>
      <line num="36" count="44" type="stmt"/>
      <line num="37" count="44" type="stmt"/>
      <line num="38" count="44" type="stmt"/>
      <line num="40" count="26" type="stmt"/>
      <line num="41" count="26" type="cond" truecount="2" falsecount="0"/>
      <line num="42" count="25" type="stmt"/>
      <line num="43" count="25" type="stmt"/>
      <line num="44" count="25" type="stmt"/>
      <line num="52" count="44" type="cond" truecount="0" falsecount="1"/>
      <line num="53" count="15" type="stmt"/>
      <line num="54" count="15" type="stmt"/>
      <line num="67" count="12" type="cond" truecount="2" falsecount="0"/>
      <line num="68" count="1" type="stmt"/>
      <line num="71" count="3" type="stmt"/>
      <line num="78" count="44" type="stmt"/>
      <line num="79" count="5" type="cond" truecount="1" falsecount="1"/>
      <line num="80" count="5" type="stmt"/>
      <line num="81" count="5" type="stmt"/>
      <line num="82" count="5" type="stmt"/>
      <line num="89" count="44" type="stmt"/>
      <line num="90" count="6" type="stmt"/>
      <line num="91" count="6" type="stmt"/>
      <line num="95" count="44" type="stmt"/>
      <line num="98" count="16" type="stmt"/>
      <line num="99" count="16" type="cond" truecount="2" falsecount="0"/>
      <line num="100" count="15" type="stmt"/>
      <line num="101" count="15" type="stmt"/>
      <line num="108" count="26" type="cond" truecount="1" falsecount="1"/>
      <line num="109" count="26" type="stmt"/>
      <line num="112" count="26" type="stmt"/>
      <line num="116" count="44" type="stmt"/>
      <line num="117" count="38" type="cond" truecount="2" falsecount="0"/>
      <line num="119" count="12" type="stmt"/>
      <line num="120" count="12" type="stmt"/>
      <line num="125" count="44" type="stmt"/>
      <line num="126" count="27" type="stmt"/>
      <line num="127" count="27" type="stmt"/>
      <line num="128" count="5" type="stmt"/>
      <line num="129" count="5" type="cond" truecount="2" falsecount="0"/>
      <line num="130" count="4" type="stmt"/>
      <line num="131" count="4" type="stmt"/>
      <line num="134" count="8" type="stmt"/>
      <line num="138" count="19" type="stmt"/>
      <line num="143" count="44" type="cond" truecount="1" falsecount="1"/>
      <line num="159" count="44" type="cond" truecount="2" falsecount="0"/>
      <line num="193" count="0" type="stmt"/>
      <line num="205" count="27" type="stmt"/>
    </file>
  </project>
</coverage>
