{"D:\\Documents\\GeminiCLI-Projects\\profilebuilder\\frontend\\components\\AdComponent.tsx": {"path":"D:\\Documents\\GeminiCLI-Projects\\profilebuilder\\frontend\\components\\AdComponent.tsx","statementMap":{"0":{"start":{"line":205,"column":0},"end":{"line":205,"column":15}},"1":{"start":{"line":1,"column":51},"end":{"line":1,"column":null}},"2":{"start":{"line":2,"column":20},"end":{"line":2,"column":null}},"3":{"start":{"line":3,"column":24},"end":{"line":3,"column":null}},"4":{"start":{"line":27,"column":48},"end":{"line":203,"column":null}},"5":{"start":{"line":33,"column":16},"end":{"line":33,"column":null}},"6":{"start":{"line":34,"column":36},"end":{"line":34,"column":null}},"7":{"start":{"line":35,"column":58},"end":{"line":35,"column":null}},"8":{"start":{"line":36,"column":52},"end":{"line":36,"column":null}},"9":{"start":{"line":37,"column":28},"end":{"line":37,"column":null}},"10":{"start":{"line":38,"column":19},"end":{"line":45,"column":null}},"11":{"start":{"line":40,"column":21},"end":{"line":40,"column":null}},"12":{"start":{"line":41,"column":4},"end":{"line":41,"column":null}},"13":{"start":{"line":41,"column":18},"end":{"line":41,"column":null}},"14":{"start":{"line":42,"column":18},"end":{"line":42,"column":null}},"15":{"start":{"line":43,"column":4},"end":{"line":43,"column":null}},"16":{"start":{"line":44,"column":4},"end":{"line":44,"column":null}},"17":{"start":{"line":52,"column":22},"end":{"line":73,"column":null}},"18":{"start":{"line":53,"column":4},"end":{"line":72,"column":null}},"19":{"start":{"line":54,"column":23},"end":{"line":65,"column":null}},"20":{"start":{"line":67,"column":6},"end":{"line":69,"column":null}},"21":{"start":{"line":68,"column":8},"end":{"line":68,"column":null}},"22":{"start":{"line":71,"column":6},"end":{"line":71,"column":null}},"23":{"start":{"line":78,"column":27},"end":{"line":84,"column":null}},"24":{"start":{"line":79,"column":4},"end":{"line":83,"column":null}},"25":{"start":{"line":80,"column":6},"end":{"line":80,"column":null}},"26":{"start":{"line":81,"column":6},"end":{"line":81,"column":null}},"27":{"start":{"line":82,"column":6},"end":{"line":82,"column":null}},"28":{"start":{"line":89,"column":22},"end":{"line":92,"column":null}},"29":{"start":{"line":90,"column":4},"end":{"line":90,"column":null}},"30":{"start":{"line":91,"column":4},"end":{"line":91,"column":null}},"31":{"start":{"line":95,"column":2},"end":{"line":113,"column":null}},"32":{"start":{"line":98,"column":8},"end":{"line":103,"column":null}},"33":{"start":{"line":99,"column":10},"end":{"line":102,"column":null}},"34":{"start":{"line":100,"column":12},"end":{"line":100,"column":null}},"35":{"start":{"line":101,"column":12},"end":{"line":101,"column":35}},"36":{"start":{"line":108,"column":4},"end":{"line":110,"column":null}},"37":{"start":{"line":109,"column":6},"end":{"line":109,"column":null}},"38":{"start":{"line":112,"column":4},"end":{"line":112,"column":null}},"39":{"start":{"line":112,"column":17},"end":{"line":112,"column":null}},"40":{"start":{"line":116,"column":2},"end":{"line":122,"column":null}},"41":{"start":{"line":117,"column":4},"end":{"line":121,"column":null}},"42":{"start":{"line":119,"column":20},"end":{"line":119,"column":null}},"43":{"start":{"line":120,"column":6},"end":{"line":120,"column":null}},"44":{"start":{"line":120,"column":19},"end":{"line":120,"column":null}},"45":{"start":{"line":125,"column":2},"end":{"line":140,"column":null}},"46":{"start":{"line":126,"column":4},"end":{"line":139,"column":null}},"47":{"start":{"line":127,"column":6},"end":{"line":133,"column":null}},"48":{"start":{"line":128,"column":8},"end":{"line":128,"column":null}},"49":{"start":{"line":129,"column":8},"end":{"line":132,"column":null}},"50":{"start":{"line":130,"column":10},"end":{"line":130,"column":null}},"51":{"start":{"line":131,"column":10},"end":{"line":131,"column":null}},"52":{"start":{"line":134,"column":6},"end":{"line":136,"column":null}},"53":{"start":{"line":138,"column":6},"end":{"line":138,"column":null}},"54":{"start":{"line":143,"column":2},"end":{"line":157,"column":null}},"55":{"start":{"line":159,"column":2},"end":{"line":170,"column":null}},"56":{"start":{"line":193,"column":10},"end":{"line":193,"column":null}},"57":{"start":{"line":205,"column":15},"end":{"line":205,"column":null}}},"fnMap":{"0":{"name":"(anonymous_5)","decl":{"start":{"line":27,"column":48},"end":{"line":27,"column":49}},"loc":{"start":{"line":32,"column":1},"end":{"line":203,"column":null}}},"1":{"name":"(anonymous_6)","decl":{"start":{"line":38,"column":28},"end":{"line":38,"column":null}},"loc":{"start":{"line":38,"column":28},"end":{"line":45,"column":null}}},"2":{"name":"(anonymous_7)","decl":{"start":{"line":52,"column":22},"end":{"line":52,"column":29}},"loc":{"start":{"line":52,"column":82},"end":{"line":73,"column":null}}},"3":{"name":"(anonymous_8)","decl":{"start":{"line":78,"column":27},"end":{"line":78,"column":null}},"loc":{"start":{"line":78,"column":27},"end":{"line":84,"column":null}}},"4":{"name":"(anonymous_9)","decl":{"start":{"line":89,"column":22},"end":{"line":89,"column":null}},"loc":{"start":{"line":89,"column":22},"end":{"line":92,"column":null}}},"5":{"name":"(anonymous_10)","decl":{"start":{"line":95,"column":12},"end":{"line":95,"column":null}},"loc":{"start":{"line":95,"column":12},"end":{"line":113,"column":5}}},"6":{"name":"(anonymous_11)","decl":{"start":{"line":97,"column":6},"end":{"line":97,"column":7}},"loc":{"start":{"line":97,"column":7},"end":{"line":104,"column":null}}},"7":{"name":"(anonymous_12)","decl":{"start":{"line":98,"column":24},"end":{"line":98,"column":25}},"loc":{"start":{"line":98,"column":25},"end":{"line":103,"column":null}}},"8":{"name":"(anonymous_13)","decl":{"start":{"line":112,"column":11},"end":{"line":112,"column":17}},"loc":{"start":{"line":112,"column":17},"end":{"line":112,"column":null}}},"9":{"name":"(anonymous_14)","decl":{"start":{"line":116,"column":12},"end":{"line":116,"column":null}},"loc":{"start":{"line":116,"column":12},"end":{"line":122,"column":5}}},"10":{"name":"(anonymous_15)","decl":{"start":{"line":120,"column":13},"end":{"line":120,"column":19}},"loc":{"start":{"line":120,"column":19},"end":{"line":120,"column":null}}},"11":{"name":"(anonymous_16)","decl":{"start":{"line":125,"column":12},"end":{"line":125,"column":null}},"loc":{"start":{"line":125,"column":12},"end":{"line":140,"column":5}}},"12":{"name":"(anonymous_17)","decl":{"start":{"line":127,"column":29},"end":{"line":127,"column":null}},"loc":{"start":{"line":127,"column":29},"end":{"line":133,"column":null}}},"13":{"name":"(anonymous_18)","decl":{"start":{"line":134,"column":32},"end":{"line":134,"column":null}},"loc":{"start":{"line":134,"column":32},"end":{"line":136,"column":null}}},"14":{"name":"(anonymous_19)","decl":{"start":{"line":189,"column":20},"end":{"line":189,"column":null}},"loc":{"start":{"line":189,"column":20},"end":{"line":191,"column":null}}},"15":{"name":"(anonymous_20)","decl":{"start":{"line":192,"column":20},"end":{"line":192,"column":null}},"loc":{"start":{"line":192,"column":20},"end":{"line":194,"column":null}}},"16":{"name":"(anonymous_21)","decl":{"start":{"line":196,"column":20},"end":{"line":196,"column":null}},"loc":{"start":{"line":196,"column":20},"end":{"line":198,"column":null}}}},"branchMap":{"0":{"loc":{"start":{"line":41,"column":4},"end":{"line":41,"column":null}},"type":"if","locations":[{"start":{"line":41,"column":4},"end":{"line":41,"column":null}},{"start":{},"end":{}}]},"1":{"loc":{"start":{"line":52,"column":48},"end":{"line":52,"column":82}},"type":"default-arg","locations":[{"start":{"line":52,"column":80},"end":{"line":52,"column":82}}]},"2":{"loc":{"start":{"line":67,"column":6},"end":{"line":69,"column":null}},"type":"if","locations":[{"start":{"line":67,"column":6},"end":{"line":69,"column":null}},{"start":{},"end":{}}]},"3":{"loc":{"start":{"line":79,"column":4},"end":{"line":83,"column":null}},"type":"if","locations":[{"start":{"line":79,"column":4},"end":{"line":83,"column":null}},{"start":{},"end":{}}]},"4":{"loc":{"start":{"line":99,"column":10},"end":{"line":102,"column":null}},"type":"if","locations":[{"start":{"line":99,"column":10},"end":{"line":102,"column":null}},{"start":{},"end":{}}]},"5":{"loc":{"start":{"line":108,"column":4},"end":{"line":110,"column":null}},"type":"if","locations":[{"start":{"line":108,"column":4},"end":{"line":110,"column":null}},{"start":{},"end":{}}]},"6":{"loc":{"start":{"line":117,"column":4},"end":{"line":121,"column":null}},"type":"if","locations":[{"start":{"line":117,"column":4},"end":{"line":121,"column":null}},{"start":{},"end":{}}]},"7":{"loc":{"start":{"line":129,"column":8},"end":{"line":132,"column":null}},"type":"if","locations":[{"start":{"line":129,"column":8},"end":{"line":132,"column":null}},{"start":{},"end":{}}]},"8":{"loc":{"start":{"line":143,"column":2},"end":{"line":157,"column":null}},"type":"if","locations":[{"start":{"line":143,"column":2},"end":{"line":157,"column":null}},{"start":{},"end":{}}]},"9":{"loc":{"start":{"line":148,"column":28},"end":{"line":148,"column":65}},"type":"cond-expr","locations":[{"start":{"line":148,"column":48},"end":{"line":148,"column":57}},{"start":{"line":148,"column":57},"end":{"line":148,"column":65}}]},"10":{"loc":{"start":{"line":159,"column":2},"end":{"line":170,"column":null}},"type":"if","locations":[{"start":{"line":159,"column":2},"end":{"line":170,"column":null}},{"start":{},"end":{}}]},"11":{"loc":{"start":{"line":180,"column":16},"end":{"line":180,"column":null}},"type":"binary-expr","locations":[{"start":{"line":180,"column":16},"end":{"line":180,"column":58}},{"start":{"line":180,"column":62},"end":{"line":180,"column":null}}]},"12":{"loc":{"start":{"line":184,"column":17},"end":{"line":184,"column":null}},"type":"cond-expr","locations":[{"start":{"line":184,"column":37},"end":{"line":184,"column":47}},{"start":{"line":184,"column":47},"end":{"line":184,"column":null}}]},"13":{"loc":{"start":{"line":185,"column":18},"end":{"line":185,"column":null}},"type":"cond-expr","locations":[{"start":{"line":185,"column":38},"end":{"line":185,"column":47}},{"start":{"line":185,"column":47},"end":{"line":185,"column":null}}]}},"s":{"0":27,"1":1,"2":1,"3":1,"4":1,"5":44,"6":44,"7":44,"8":44,"9":44,"10":44,"11":26,"12":26,"13":1,"14":25,"15":25,"16":25,"17":44,"18":15,"19":15,"20":12,"21":1,"22":3,"23":44,"24":5,"25":5,"26":5,"27":5,"28":44,"29":6,"30":6,"31":44,"32":16,"33":16,"34":15,"35":15,"36":26,"37":26,"38":26,"39":26,"40":44,"41":38,"42":12,"43":12,"44":12,"45":44,"46":27,"47":27,"48":5,"49":5,"50":4,"51":4,"52":8,"53":19,"54":44,"55":44,"56":0,"57":1},"f":{"0":44,"1":26,"2":15,"3":5,"4":6,"5":26,"6":16,"7":16,"8":26,"9":38,"10":12,"11":27,"12":5,"13":0,"14":0,"15":0,"16":0},"b":{"0":[1,25],"1":[0],"2":[1,11],"3":[5,0],"4":[15,1],"5":[26,0],"6":[12,26],"7":[4,1],"8":[0,44],"9":[0,0],"10":[26,18],"11":[18,18],"12":[17,1],"13":[17,1]}}
}
