TN:
SF:frontend\components\AdComponent.tsx
FN:27,(anonymous_5)
FN:38,(anonymous_6)
FN:52,(anonymous_7)
FN:78,(anonymous_8)
FN:89,(anonymous_9)
FN:95,(anonymous_10)
FN:97,(anonymous_11)
FN:98,(anonymous_12)
FN:112,(anonymous_13)
FN:116,(anonymous_14)
FN:120,(anonymous_15)
FN:125,(anonymous_16)
FN:127,(anonymous_17)
FN:134,(anonymous_18)
FN:189,(anonymous_19)
FN:192,(anonymous_20)
FN:196,(anonymous_21)
FNF:17
FNH:13
FNDA:44,(anonymous_5)
FNDA:26,(anonymous_6)
FNDA:15,(anonymous_7)
FNDA:5,(anonymous_8)
FNDA:6,(anonymous_9)
FNDA:26,(anonymous_10)
FNDA:16,(anonymous_11)
FNDA:16,(anonymous_12)
FNDA:26,(anonymous_13)
FNDA:38,(anonymous_14)
FNDA:12,(anonymous_15)
FNDA:27,(anonymous_16)
FNDA:5,(anonymous_17)
FNDA:0,(anonymous_18)
FNDA:0,(anonymous_19)
FNDA:0,(anonymous_20)
FNDA:0,(anonymous_21)
DA:1,1
DA:2,1
DA:3,1
DA:27,1
DA:33,44
DA:34,44
DA:35,44
DA:36,44
DA:37,44
DA:38,44
DA:40,26
DA:41,26
DA:42,25
DA:43,25
DA:44,25
DA:52,44
DA:53,15
DA:54,15
DA:67,12
DA:68,1
DA:71,3
DA:78,44
DA:79,5
DA:80,5
DA:81,5
DA:82,5
DA:89,44
DA:90,6
DA:91,6
DA:95,44
DA:98,16
DA:99,16
DA:100,15
DA:101,15
DA:108,26
DA:109,26
DA:112,26
DA:116,44
DA:117,38
DA:119,12
DA:120,12
DA:125,44
DA:126,27
DA:127,27
DA:128,5
DA:129,5
DA:130,4
DA:131,4
DA:134,8
DA:138,19
DA:143,44
DA:159,44
DA:193,0
DA:205,27
LF:54
LH:53
BRDA:41,0,0,1
BRDA:41,0,1,25
BRDA:52,1,0,0
BRDA:67,2,0,1
BRDA:67,2,1,11
BRDA:79,3,0,5
BRDA:79,3,1,0
BRDA:99,4,0,15
BRDA:99,4,1,1
BRDA:108,5,0,26
BRDA:108,5,1,0
BRDA:117,6,0,12
BRDA:117,6,1,26
BRDA:129,7,0,4
BRDA:129,7,1,1
BRDA:143,8,0,0
BRDA:143,8,1,44
BRDA:148,9,0,0
BRDA:148,9,1,0
BRDA:159,10,0,26
BRDA:159,10,1,18
BRDA:180,11,0,18
BRDA:180,11,1,18
BRDA:184,12,0,17
BRDA:184,12,1,1
BRDA:185,13,0,17
BRDA:185,13,1,1
BRF:27
BRH:21
end_of_record
