{"D:\\Documents\\GeminiCLI-Projects\\profilebuilder\\api\\v1\\ai\\lint\\route.ts": {"path":"D:\\Documents\\GeminiCLI-Projects\\profilebuilder\\api\\v1\\ai\\lint\\route.ts","statementMap":{"0":{"start":{"line":35,"column":22},"end":{"line":35,"column":27}},"1":{"start":{"line":1,"column":42},"end":{"line":1,"column":null}},"2":{"start":{"line":2,"column":29},"end":{"line":2,"column":null}},"3":{"start":{"line":3,"column":37},"end":{"line":3,"column":null}},"4":{"start":{"line":4,"column":29},"end":{"line":4,"column":null}},"5":{"start":{"line":36,"column":20},"end":{"line":36,"column":null}},"6":{"start":{"line":38,"column":2},"end":{"line":127,"column":null}},"7":{"start":{"line":40,"column":17},"end":{"line":40,"column":null}},"8":{"start":{"line":41,"column":51},"end":{"line":41,"column":null}},"9":{"start":{"line":44,"column":4},"end":{"line":49,"column":null}},"10":{"start":{"line":45,"column":6},"end":{"line":47,"column":null}},"11":{"start":{"line":52,"column":4},"end":{"line":57,"column":null}},"12":{"start":{"line":53,"column":6},"end":{"line":55,"column":null}},"13":{"start":{"line":60,"column":4},"end":{"line":65,"column":null}},"14":{"start":{"line":61,"column":6},"end":{"line":63,"column":null}},"15":{"start":{"line":68,"column":22},"end":{"line":68,"column":null}},"16":{"start":{"line":71,"column":23},"end":{"line":71,"column":null}},"17":{"start":{"line":74,"column":4},"end":{"line":81,"column":null}},"18":{"start":{"line":83,"column":21},"end":{"line":86,"column":null}},"19":{"start":{"line":88,"column":4},"end":{"line":88,"column":null}},"20":{"start":{"line":89,"column":4},"end":{"line":89,"column":null}},"21":{"start":{"line":93,"column":4},"end":{"line":95,"column":null}},"22":{"start":{"line":98,"column":4},"end":{"line":103,"column":null}},"23":{"start":{"line":99,"column":6},"end":{"line":101,"column":null}},"24":{"start":{"line":105,"column":4},"end":{"line":110,"column":null}},"25":{"start":{"line":106,"column":6},"end":{"line":108,"column":null}},"26":{"start":{"line":112,"column":4},"end":{"line":117,"column":null}},"27":{"start":{"line":113,"column":6},"end":{"line":115,"column":null}},"28":{"start":{"line":120,"column":21},"end":{"line":122,"column":null}},"29":{"start":{"line":125,"column":4},"end":{"line":125,"column":null}},"30":{"start":{"line":126,"column":4},"end":{"line":126,"column":null}}},"fnMap":{"0":{"name":"POST","decl":{"start":{"line":35,"column":22},"end":{"line":35,"column":27}},"loc":{"start":{"line":35,"column":47},"end":{"line":128,"column":null}}}},"branchMap":{"0":{"loc":{"start":{"line":41,"column":21},"end":{"line":41,"column":38}},"type":"default-arg","locations":[{"start":{"line":41,"column":32},"end":{"line":41,"column":38}}]},"1":{"loc":{"start":{"line":44,"column":4},"end":{"line":49,"column":null}},"type":"if","locations":[{"start":{"line":44,"column":4},"end":{"line":49,"column":null}},{"start":{},"end":{}}]},"2":{"loc":{"start":{"line":44,"column":8},"end":{"line":44,"column":49}},"type":"binary-expr","locations":[{"start":{"line":44,"column":8},"end":{"line":44,"column":20}},{"start":{"line":44,"column":20},"end":{"line":44,"column":49}}]},"3":{"loc":{"start":{"line":52,"column":4},"end":{"line":57,"column":null}},"type":"if","locations":[{"start":{"line":52,"column":4},"end":{"line":57,"column":null}},{"start":{},"end":{}}]},"4":{"loc":{"start":{"line":60,"column":4},"end":{"line":65,"column":null}},"type":"if","locations":[{"start":{"line":60,"column":4},"end":{"line":65,"column":null}},{"start":{},"end":{}}]},"5":{"loc":{"start":{"line":60,"column":8},"end":{"line":60,"column":50}},"type":"binary-expr","locations":[{"start":{"line":60,"column":8},"end":{"line":60,"column":20}},{"start":{"line":60,"column":20},"end":{"line":60,"column":50}}]},"6":{"loc":{"start":{"line":77,"column":14},"end":{"line":77,"column":null}},"type":"binary-expr","locations":[{"start":{"line":77,"column":14},"end":{"line":77,"column":24}},{"start":{"line":77,"column":24},"end":{"line":77,"column":null}}]},"7":{"loc":{"start":{"line":98,"column":4},"end":{"line":103,"column":null}},"type":"if","locations":[{"start":{"line":98,"column":4},"end":{"line":103,"column":null}},{"start":{},"end":{}}]},"8":{"loc":{"start":{"line":105,"column":4},"end":{"line":110,"column":null}},"type":"if","locations":[{"start":{"line":105,"column":4},"end":{"line":110,"column":null}},{"start":{},"end":{}}]},"9":{"loc":{"start":{"line":112,"column":4},"end":{"line":117,"column":null}},"type":"if","locations":[{"start":{"line":112,"column":4},"end":{"line":117,"column":null}},{"start":{},"end":{}}]}},"s":{"0":2,"1":1,"2":1,"3":1,"4":1,"5":2,"6":2,"7":2,"8":2,"9":2,"10":2,"11":0,"12":0,"13":0,"14":0,"15":0,"16":0,"17":0,"18":0,"19":0,"20":0,"21":2,"22":2,"23":0,"24":2,"25":0,"26":2,"27":0,"28":2,"29":0,"30":0},"f":{"0":2},"b":{"0":[2],"1":[2,0],"2":[2,0],"3":[0,0],"4":[0,0],"5":[0,0],"6":[0,0],"7":[0,2],"8":[0,2],"9":[0,2]}}
,"D:\\Documents\\GeminiCLI-Projects\\profilebuilder\\api\\v1\\ai\\rewrite\\route.ts": {"path":"D:\\Documents\\GeminiCLI-Projects\\profilebuilder\\api\\v1\\ai\\rewrite\\route.ts","statementMap":{"0":{"start":{"line":24,"column":22},"end":{"line":24,"column":27}},"1":{"start":{"line":1,"column":42},"end":{"line":1,"column":null}},"2":{"start":{"line":2,"column":29},"end":{"line":2,"column":null}},"3":{"start":{"line":3,"column":37},"end":{"line":3,"column":null}},"4":{"start":{"line":4,"column":29},"end":{"line":4,"column":null}},"5":{"start":{"line":25,"column":20},"end":{"line":25,"column":null}},"6":{"start":{"line":27,"column":2},"end":{"line":114,"column":null}},"7":{"start":{"line":29,"column":17},"end":{"line":29,"column":null}},"8":{"start":{"line":30,"column":39},"end":{"line":30,"column":null}},"9":{"start":{"line":33,"column":4},"end":{"line":38,"column":null}},"10":{"start":{"line":34,"column":6},"end":{"line":36,"column":null}},"11":{"start":{"line":41,"column":4},"end":{"line":46,"column":null}},"12":{"start":{"line":42,"column":6},"end":{"line":44,"column":null}},"13":{"start":{"line":49,"column":4},"end":{"line":54,"column":null}},"14":{"start":{"line":50,"column":6},"end":{"line":52,"column":null}},"15":{"start":{"line":57,"column":22},"end":{"line":57,"column":null}},"16":{"start":{"line":60,"column":29},"end":{"line":60,"column":null}},"17":{"start":{"line":63,"column":4},"end":{"line":68,"column":null}},"18":{"start":{"line":70,"column":21},"end":{"line":73,"column":null}},"19":{"start":{"line":75,"column":4},"end":{"line":75,"column":null}},"20":{"start":{"line":76,"column":4},"end":{"line":76,"column":null}},"21":{"start":{"line":80,"column":4},"end":{"line":82,"column":null}},"22":{"start":{"line":85,"column":4},"end":{"line":90,"column":null}},"23":{"start":{"line":86,"column":6},"end":{"line":88,"column":null}},"24":{"start":{"line":92,"column":4},"end":{"line":97,"column":null}},"25":{"start":{"line":93,"column":6},"end":{"line":95,"column":null}},"26":{"start":{"line":99,"column":4},"end":{"line":104,"column":null}},"27":{"start":{"line":100,"column":6},"end":{"line":102,"column":null}},"28":{"start":{"line":107,"column":21},"end":{"line":109,"column":null}},"29":{"start":{"line":112,"column":4},"end":{"line":112,"column":null}},"30":{"start":{"line":113,"column":4},"end":{"line":113,"column":null}}},"fnMap":{"0":{"name":"POST","decl":{"start":{"line":24,"column":22},"end":{"line":24,"column":27}},"loc":{"start":{"line":24,"column":47},"end":{"line":115,"column":null}}}},"branchMap":{"0":{"loc":{"start":{"line":33,"column":4},"end":{"line":38,"column":null}},"type":"if","locations":[{"start":{"line":33,"column":4},"end":{"line":38,"column":null}},{"start":{},"end":{}}]},"1":{"loc":{"start":{"line":33,"column":8},"end":{"line":33,"column":49}},"type":"binary-expr","locations":[{"start":{"line":33,"column":8},"end":{"line":33,"column":20}},{"start":{"line":33,"column":20},"end":{"line":33,"column":49}}]},"2":{"loc":{"start":{"line":41,"column":4},"end":{"line":46,"column":null}},"type":"if","locations":[{"start":{"line":41,"column":4},"end":{"line":46,"column":null}},{"start":{},"end":{}}]},"3":{"loc":{"start":{"line":49,"column":4},"end":{"line":54,"column":null}},"type":"if","locations":[{"start":{"line":49,"column":4},"end":{"line":54,"column":null}},{"start":{},"end":{}}]},"4":{"loc":{"start":{"line":49,"column":8},"end":{"line":49,"column":44}},"type":"binary-expr","locations":[{"start":{"line":49,"column":8},"end":{"line":49,"column":17}},{"start":{"line":49,"column":17},"end":{"line":49,"column":44}}]},"5":{"loc":{"start":{"line":65,"column":13},"end":{"line":65,"column":null}},"type":"binary-expr","locations":[{"start":{"line":65,"column":13},"end":{"line":65,"column":22}},{"start":{"line":65,"column":22},"end":{"line":65,"column":null}}]},"6":{"loc":{"start":{"line":66,"column":14},"end":{"line":66,"column":null}},"type":"binary-expr","locations":[{"start":{"line":66,"column":14},"end":{"line":66,"column":24}},{"start":{"line":66,"column":24},"end":{"line":66,"column":null}}]},"7":{"loc":{"start":{"line":85,"column":4},"end":{"line":90,"column":null}},"type":"if","locations":[{"start":{"line":85,"column":4},"end":{"line":90,"column":null}},{"start":{},"end":{}}]},"8":{"loc":{"start":{"line":92,"column":4},"end":{"line":97,"column":null}},"type":"if","locations":[{"start":{"line":92,"column":4},"end":{"line":97,"column":null}},{"start":{},"end":{}}]},"9":{"loc":{"start":{"line":99,"column":4},"end":{"line":104,"column":null}},"type":"if","locations":[{"start":{"line":99,"column":4},"end":{"line":104,"column":null}},{"start":{},"end":{}}]}},"s":{"0":9,"1":1,"2":1,"3":1,"4":1,"5":9,"6":9,"7":9,"8":9,"9":9,"10":9,"11":0,"12":0,"13":0,"14":0,"15":0,"16":0,"17":0,"18":0,"19":0,"20":0,"21":9,"22":8,"23":0,"24":8,"25":0,"26":8,"27":0,"28":8,"29":0,"30":0},"f":{"0":9},"b":{"0":[9,0],"1":[9,0],"2":[0,0],"3":[0,0],"4":[0,0],"5":[0,0],"6":[0,0],"7":[0,8],"8":[0,8],"9":[0,8]}}
,"D:\\Documents\\GeminiCLI-Projects\\profilebuilder\\api\\v1\\ai\\suggestions\\route.ts": {"path":"D:\\Documents\\GeminiCLI-Projects\\profilebuilder\\api\\v1\\ai\\suggestions\\route.ts","statementMap":{"0":{"start":{"line":27,"column":22},"end":{"line":27,"column":27}},"1":{"start":{"line":1,"column":42},"end":{"line":1,"column":null}},"2":{"start":{"line":2,"column":29},"end":{"line":2,"column":null}},"3":{"start":{"line":3,"column":37},"end":{"line":3,"column":null}},"4":{"start":{"line":4,"column":29},"end":{"line":4,"column":null}},"5":{"start":{"line":28,"column":20},"end":{"line":28,"column":null}},"6":{"start":{"line":30,"column":2},"end":{"line":111,"column":null}},"7":{"start":{"line":32,"column":17},"end":{"line":32,"column":null}},"8":{"start":{"line":33,"column":32},"end":{"line":33,"column":null}},"9":{"start":{"line":36,"column":4},"end":{"line":41,"column":null}},"10":{"start":{"line":37,"column":6},"end":{"line":39,"column":null}},"11":{"start":{"line":44,"column":4},"end":{"line":49,"column":null}},"12":{"start":{"line":45,"column":6},"end":{"line":47,"column":null}},"13":{"start":{"line":52,"column":22},"end":{"line":52,"column":null}},"14":{"start":{"line":55,"column":24},"end":{"line":55,"column":null}},"15":{"start":{"line":58,"column":4},"end":{"line":65,"column":null}},"16":{"start":{"line":67,"column":21},"end":{"line":70,"column":null}},"17":{"start":{"line":72,"column":4},"end":{"line":72,"column":null}},"18":{"start":{"line":73,"column":4},"end":{"line":73,"column":null}},"19":{"start":{"line":77,"column":4},"end":{"line":79,"column":null}},"20":{"start":{"line":82,"column":4},"end":{"line":87,"column":null}},"21":{"start":{"line":83,"column":6},"end":{"line":85,"column":null}},"22":{"start":{"line":89,"column":4},"end":{"line":94,"column":null}},"23":{"start":{"line":90,"column":6},"end":{"line":92,"column":null}},"24":{"start":{"line":96,"column":4},"end":{"line":101,"column":null}},"25":{"start":{"line":97,"column":6},"end":{"line":99,"column":null}},"26":{"start":{"line":104,"column":21},"end":{"line":106,"column":null}},"27":{"start":{"line":109,"column":4},"end":{"line":109,"column":null}},"28":{"start":{"line":110,"column":4},"end":{"line":110,"column":null}}},"fnMap":{"0":{"name":"POST","decl":{"start":{"line":27,"column":22},"end":{"line":27,"column":27}},"loc":{"start":{"line":27,"column":47},"end":{"line":112,"column":null}}}},"branchMap":{"0":{"loc":{"start":{"line":36,"column":4},"end":{"line":41,"column":null}},"type":"if","locations":[{"start":{"line":36,"column":4},"end":{"line":41,"column":null}},{"start":{},"end":{}}]},"1":{"loc":{"start":{"line":36,"column":8},"end":{"line":36,"column":49}},"type":"binary-expr","locations":[{"start":{"line":36,"column":8},"end":{"line":36,"column":20}},{"start":{"line":36,"column":20},"end":{"line":36,"column":49}}]},"2":{"loc":{"start":{"line":44,"column":4},"end":{"line":49,"column":null}},"type":"if","locations":[{"start":{"line":44,"column":4},"end":{"line":49,"column":null}},{"start":{},"end":{}}]},"3":{"loc":{"start":{"line":60,"column":14},"end":{"line":60,"column":null}},"type":"binary-expr","locations":[{"start":{"line":60,"column":14},"end":{"line":60,"column":24}},{"start":{"line":60,"column":24},"end":{"line":60,"column":null}}]},"4":{"loc":{"start":{"line":82,"column":4},"end":{"line":87,"column":null}},"type":"if","locations":[{"start":{"line":82,"column":4},"end":{"line":87,"column":null}},{"start":{},"end":{}}]},"5":{"loc":{"start":{"line":89,"column":4},"end":{"line":94,"column":null}},"type":"if","locations":[{"start":{"line":89,"column":4},"end":{"line":94,"column":null}},{"start":{},"end":{}}]},"6":{"loc":{"start":{"line":96,"column":4},"end":{"line":101,"column":null}},"type":"if","locations":[{"start":{"line":96,"column":4},"end":{"line":101,"column":null}},{"start":{},"end":{}}]}},"s":{"0":2,"1":1,"2":1,"3":1,"4":1,"5":2,"6":2,"7":2,"8":2,"9":2,"10":2,"11":0,"12":0,"13":0,"14":0,"15":0,"16":0,"17":0,"18":0,"19":2,"20":2,"21":0,"22":2,"23":0,"24":2,"25":0,"26":2,"27":0,"28":0},"f":{"0":2},"b":{"0":[2,0],"1":[2,0],"2":[0,0],"3":[0,0],"4":[0,2],"5":[0,2],"6":[0,2]}}
,"D:\\Documents\\GeminiCLI-Projects\\profilebuilder\\backend\\lib\\aiService.ts": {"path":"D:\\Documents\\GeminiCLI-Projects\\profilebuilder\\backend\\lib\\aiService.ts","statementMap":{"0":{"start":{"line":140,"column":13},"end":{"line":140,"column":22}},"1":{"start":{"line":533,"column":16},"end":{"line":533,"column":28}},"2":{"start":{"line":12,"column":90},"end":{"line":12,"column":null}},"3":{"start":{"line":13,"column":32},"end":{"line":13,"column":null}},"4":{"start":{"line":14,"column":31},"end":{"line":14,"column":null}},"5":{"start":{"line":15,"column":29},"end":{"line":15,"column":null}},"6":{"start":{"line":31,"column":39},"end":{"line":37,"column":null}},"7":{"start":{"line":53,"column":4},"end":{"line":59,"column":null}},"8":{"start":{"line":54,"column":6},"end":{"line":58,"column":null}},"9":{"start":{"line":55,"column":8},"end":{"line":55,"column":null}},"10":{"start":{"line":57,"column":8},"end":{"line":57,"column":null}},"11":{"start":{"line":61,"column":4},"end":{"line":68,"column":null}},"12":{"start":{"line":62,"column":21},"end":{"line":62,"column":null}},"13":{"start":{"line":63,"column":6},"end":{"line":63,"column":null}},"14":{"start":{"line":64,"column":6},"end":{"line":64,"column":null}},"15":{"start":{"line":66,"column":6},"end":{"line":66,"column":null}},"16":{"start":{"line":67,"column":6},"end":{"line":67,"column":null}},"17":{"start":{"line":72,"column":4},"end":{"line":72,"column":null}},"18":{"start":{"line":73,"column":4},"end":{"line":73,"column":null}},"19":{"start":{"line":77,"column":4},"end":{"line":77,"column":null}},"20":{"start":{"line":78,"column":4},"end":{"line":78,"column":null}},"21":{"start":{"line":80,"column":4},"end":{"line":83,"column":null}},"22":{"start":{"line":81,"column":6},"end":{"line":81,"column":null}},"23":{"start":{"line":82,"column":6},"end":{"line":82,"column":null}},"24":{"start":{"line":87,"column":4},"end":{"line":87,"column":null}},"25":{"start":{"line":43,"column":10},"end":{"line":43,"column":null}},"26":{"start":{"line":44,"column":10},"end":{"line":44,"column":null}},"27":{"start":{"line":45,"column":10},"end":{"line":45,"column":null}},"28":{"start":{"line":46,"column":19},"end":{"line":46,"column":null}},"29":{"start":{"line":101,"column":16},"end":{"line":101,"column":null}},"30":{"start":{"line":102,"column":24},"end":{"line":102,"column":37}},"31":{"start":{"line":103,"column":25},"end":{"line":103,"column":56}},"32":{"start":{"line":106,"column":26},"end":{"line":106,"column":null}},"33":{"start":{"line":106,"column":54},"end":{"line":106,"column":null}},"34":{"start":{"line":108,"column":4},"end":{"line":110,"column":null}},"35":{"start":{"line":109,"column":6},"end":{"line":109,"column":null}},"36":{"start":{"line":113,"column":4},"end":{"line":113,"column":null}},"37":{"start":{"line":114,"column":4},"end":{"line":114,"column":null}},"38":{"start":{"line":116,"column":4},"end":{"line":116,"column":null}},"39":{"start":{"line":123,"column":16},"end":{"line":123,"column":null}},"40":{"start":{"line":124,"column":24},"end":{"line":124,"column":null}},"41":{"start":{"line":126,"column":4},"end":{"line":133,"column":null}},"42":{"start":{"line":127,"column":28},"end":{"line":127,"column":null}},"43":{"start":{"line":127,"column":52},"end":{"line":127,"column":null}},"44":{"start":{"line":128,"column":6},"end":{"line":132,"column":null}},"45":{"start":{"line":129,"column":8},"end":{"line":129,"column":null}},"46":{"start":{"line":131,"column":8},"end":{"line":131,"column":null}},"47":{"start":{"line":95,"column":10},"end":{"line":95,"column":null}},"48":{"start":{"line":144,"column":10},"end":{"line":144,"column":null}},"49":{"start":{"line":147,"column":4},"end":{"line":147,"column":null}},"50":{"start":{"line":148,"column":4},"end":{"line":148,"column":null}},"51":{"start":{"line":149,"column":4},"end":{"line":149,"column":null}},"52":{"start":{"line":152,"column":4},"end":{"line":152,"column":null}},"53":{"start":{"line":152,"column":22},"end":{"line":152,"column":50}},"54":{"start":{"line":159,"column":22},"end":{"line":159,"column":null}},"55":{"start":{"line":161,"column":4},"end":{"line":220,"column":null}},"56":{"start":{"line":163,"column":6},"end":{"line":172,"column":null}},"57":{"start":{"line":164,"column":8},"end":{"line":170,"column":null}},"58":{"start":{"line":171,"column":8},"end":{"line":171,"column":null}},"59":{"start":{"line":175,"column":23},"end":{"line":175,"column":86}},"60":{"start":{"line":176,"column":21},"end":{"line":176,"column":null}},"61":{"start":{"line":177,"column":6},"end":{"line":180,"column":null}},"62":{"start":{"line":178,"column":8},"end":{"line":178,"column":null}},"63":{"start":{"line":179,"column":8},"end":{"line":179,"column":null}},"64":{"start":{"line":183,"column":31},"end":{"line":183,"column":null}},"65":{"start":{"line":184,"column":6},"end":{"line":186,"column":null}},"66":{"start":{"line":185,"column":8},"end":{"line":185,"column":null}},"67":{"start":{"line":189,"column":21},"end":{"line":189,"column":null}},"68":{"start":{"line":192,"column":21},"end":{"line":193,"column":null}},"69":{"start":{"line":193,"column":8},"end":{"line":193,"column":null}},"70":{"start":{"line":197,"column":25},"end":{"line":197,"column":null}},"71":{"start":{"line":198,"column":6},"end":{"line":207,"column":null}},"72":{"start":{"line":199,"column":8},"end":{"line":205,"column":null}},"73":{"start":{"line":206,"column":8},"end":{"line":206,"column":null}},"74":{"start":{"line":210,"column":6},"end":{"line":210,"column":null}},"75":{"start":{"line":213,"column":6},"end":{"line":213,"column":null}},"76":{"start":{"line":214,"column":6},"end":{"line":214,"column":null}},"77":{"start":{"line":216,"column":6},"end":{"line":216,"column":null}},"78":{"start":{"line":218,"column":6},"end":{"line":218,"column":null}},"79":{"start":{"line":219,"column":6},"end":{"line":219,"column":null}},"80":{"start":{"line":231,"column":22},"end":{"line":231,"column":null}},"81":{"start":{"line":233,"column":4},"end":{"line":282,"column":null}},"82":{"start":{"line":235,"column":6},"end":{"line":244,"column":null}},"83":{"start":{"line":236,"column":8},"end":{"line":242,"column":null}},"84":{"start":{"line":243,"column":8},"end":{"line":243,"column":null}},"85":{"start":{"line":247,"column":23},"end":{"line":247,"column":68}},"86":{"start":{"line":248,"column":21},"end":{"line":248,"column":null}},"87":{"start":{"line":249,"column":6},"end":{"line":252,"column":null}},"88":{"start":{"line":250,"column":8},"end":{"line":250,"column":null}},"89":{"start":{"line":251,"column":8},"end":{"line":251,"column":null}},"90":{"start":{"line":255,"column":31},"end":{"line":255,"column":null}},"91":{"start":{"line":256,"column":6},"end":{"line":258,"column":null}},"92":{"start":{"line":257,"column":8},"end":{"line":257,"column":null}},"93":{"start":{"line":261,"column":21},"end":{"line":261,"column":null}},"94":{"start":{"line":264,"column":21},"end":{"line":265,"column":null}},"95":{"start":{"line":265,"column":8},"end":{"line":265,"column":null}},"96":{"start":{"line":269,"column":21},"end":{"line":269,"column":null}},"97":{"start":{"line":272,"column":6},"end":{"line":272,"column":null}},"98":{"start":{"line":275,"column":6},"end":{"line":275,"column":null}},"99":{"start":{"line":276,"column":6},"end":{"line":276,"column":null}},"100":{"start":{"line":278,"column":6},"end":{"line":278,"column":null}},"101":{"start":{"line":280,"column":6},"end":{"line":280,"column":null}},"102":{"start":{"line":281,"column":6},"end":{"line":281,"column":null}},"103":{"start":{"line":298,"column":22},"end":{"line":298,"column":null}},"104":{"start":{"line":300,"column":4},"end":{"line":349,"column":null}},"105":{"start":{"line":302,"column":6},"end":{"line":311,"column":null}},"106":{"start":{"line":303,"column":8},"end":{"line":309,"column":null}},"107":{"start":{"line":310,"column":8},"end":{"line":310,"column":null}},"108":{"start":{"line":314,"column":23},"end":{"line":314,"column":73}},"109":{"start":{"line":315,"column":21},"end":{"line":315,"column":null}},"110":{"start":{"line":316,"column":6},"end":{"line":319,"column":null}},"111":{"start":{"line":317,"column":8},"end":{"line":317,"column":null}},"112":{"start":{"line":318,"column":8},"end":{"line":318,"column":null}},"113":{"start":{"line":322,"column":31},"end":{"line":322,"column":null}},"114":{"start":{"line":323,"column":6},"end":{"line":325,"column":null}},"115":{"start":{"line":324,"column":8},"end":{"line":324,"column":null}},"116":{"start":{"line":328,"column":21},"end":{"line":328,"column":null}},"117":{"start":{"line":331,"column":21},"end":{"line":332,"column":null}},"118":{"start":{"line":332,"column":8},"end":{"line":332,"column":null}},"119":{"start":{"line":336,"column":21},"end":{"line":336,"column":null}},"120":{"start":{"line":339,"column":6},"end":{"line":339,"column":null}},"121":{"start":{"line":342,"column":6},"end":{"line":342,"column":null}},"122":{"start":{"line":343,"column":6},"end":{"line":343,"column":null}},"123":{"start":{"line":345,"column":6},"end":{"line":345,"column":null}},"124":{"start":{"line":347,"column":6},"end":{"line":347,"column":null}},"125":{"start":{"line":348,"column":6},"end":{"line":348,"column":null}},"126":{"start":{"line":356,"column":4},"end":{"line":358,"column":null}},"127":{"start":{"line":357,"column":6},"end":{"line":357,"column":null}},"128":{"start":{"line":360,"column":34},"end":{"line":360,"column":null}},"129":{"start":{"line":362,"column":4},"end":{"line":394,"column":null}},"130":{"start":{"line":362,"column":23},"end":{"line":362,"column":26}},"131":{"start":{"line":363,"column":6},"end":{"line":393,"column":null}},"132":{"start":{"line":364,"column":25},"end":{"line":377,"column":null}},"133":{"start":{"line":379,"column":8},"end":{"line":381,"column":null}},"134":{"start":{"line":380,"column":10},"end":{"line":380,"column":null}},"135":{"start":{"line":383,"column":21},"end":{"line":383,"column":null}},"136":{"start":{"line":384,"column":8},"end":{"line":384,"column":null}},"137":{"start":{"line":386,"column":8},"end":{"line":386,"column":null}},"138":{"start":{"line":387,"column":8},"end":{"line":387,"column":null}},"139":{"start":{"line":389,"column":8},"end":{"line":392,"column":null}},"140":{"start":{"line":391,"column":10},"end":{"line":391,"column":null}},"141":{"start":{"line":391,"column":39},"end":{"line":391,"column":null}},"142":{"start":{"line":396,"column":4},"end":{"line":396,"column":null}},"143":{"start":{"line":403,"column":29},"end":{"line":403,"column":null}},"144":{"start":{"line":404,"column":4},"end":{"line":408,"column":null}},"145":{"start":{"line":415,"column":4},"end":{"line":424,"column":null}},"146":{"start":{"line":431,"column":4},"end":{"line":447,"column":null}},"147":{"start":{"line":458,"column":4},"end":{"line":468,"column":null}},"148":{"start":{"line":459,"column":21},"end":{"line":459,"column":null}},"149":{"start":{"line":460,"column":6},"end":{"line":464,"column":null}},"150":{"start":{"line":466,"column":6},"end":{"line":466,"column":null}},"151":{"start":{"line":467,"column":6},"end":{"line":467,"column":null}},"152":{"start":{"line":484,"column":4},"end":{"line":499,"column":null}},"153":{"start":{"line":485,"column":21},"end":{"line":485,"column":null}},"154":{"start":{"line":486,"column":6},"end":{"line":495,"column":null}},"155":{"start":{"line":487,"column":82},"end":{"line":493,"column":14}},"156":{"start":{"line":497,"column":6},"end":{"line":497,"column":null}},"157":{"start":{"line":498,"column":6},"end":{"line":498,"column":null}},"158":{"start":{"line":506,"column":15},"end":{"line":506,"column":null}},"159":{"start":{"line":507,"column":4},"end":{"line":511,"column":null}},"160":{"start":{"line":507,"column":17},"end":{"line":507,"column":20}},"161":{"start":{"line":508,"column":19},"end":{"line":508,"column":null}},"162":{"start":{"line":509,"column":6},"end":{"line":509,"column":null}},"163":{"start":{"line":510,"column":6},"end":{"line":510,"column":26}},"164":{"start":{"line":512,"column":4},"end":{"line":512,"column":null}},"165":{"start":{"line":519,"column":4},"end":{"line":523,"column":null}},"166":{"start":{"line":528,"column":42},"end":{"line":528,"column":null}},"167":{"start":{"line":534,"column":2},"end":{"line":536,"column":null}},"168":{"start":{"line":535,"column":4},"end":{"line":535,"column":null}},"169":{"start":{"line":537,"column":2},"end":{"line":537,"column":null}}},"fnMap":{"0":{"name":"(anonymous_3)","decl":{"start":{"line":52,"column":2},"end":{"line":52,"column":8}},"loc":{"start":{"line":52,"column":53},"end":{"line":69,"column":null}}},"1":{"name":"(anonymous_4)","decl":{"start":{"line":71,"column":10},"end":{"line":71,"column":22}},"loc":{"start":{"line":71,"column":22},"end":{"line":74,"column":null}}},"2":{"name":"(anonymous_5)","decl":{"start":{"line":76,"column":10},"end":{"line":76,"column":22}},"loc":{"start":{"line":76,"column":22},"end":{"line":84,"column":null}}},"3":{"name":"(anonymous_6)","decl":{"start":{"line":86,"column":2},"end":{"line":86,"column":13}},"loc":{"start":{"line":86,"column":13},"end":{"line":88,"column":null}}},"4":{"name":"(anonymous_8)","decl":{"start":{"line":100,"column":2},"end":{"line":100,"column":12}},"loc":{"start":{"line":100,"column":37},"end":{"line":117,"column":null}}},"5":{"name":"(anonymous_9)","decl":{"start":{"line":106,"column":46},"end":{"line":106,"column":54}},"loc":{"start":{"line":106,"column":54},"end":{"line":106,"column":null}}},"6":{"name":"(anonymous_10)","decl":{"start":{"line":122,"column":2},"end":{"line":122,"column":12}},"loc":{"start":{"line":122,"column":12},"end":{"line":134,"column":null}}},"7":{"name":"(anonymous_11)","decl":{"start":{"line":127,"column":44},"end":{"line":127,"column":52}},"loc":{"start":{"line":127,"column":52},"end":{"line":127,"column":null}}},"8":{"name":"(anonymous_13)","decl":{"start":{"line":146,"column":2},"end":{"line":146,"column":14}},"loc":{"start":{"line":146,"column":53},"end":{"line":153,"column":null}}},"9":{"name":"(anonymous_14)","decl":{"start":{"line":152,"column":16},"end":{"line":152,"column":22}},"loc":{"start":{"line":152,"column":22},"end":{"line":152,"column":50}}},"10":{"name":"(anonymous_15)","decl":{"start":{"line":158,"column":2},"end":{"line":158,"column":8}},"loc":{"start":{"line":158,"column":90},"end":{"line":221,"column":null}}},"11":{"name":"(anonymous_16)","decl":{"start":{"line":192,"column":55},"end":{"line":192,"column":null}},"loc":{"start":{"line":193,"column":8},"end":{"line":193,"column":null}}},"12":{"name":"(anonymous_17)","decl":{"start":{"line":226,"column":2},"end":{"line":226,"column":8}},"loc":{"start":{"line":230,"column":5},"end":{"line":283,"column":null}}},"13":{"name":"(anonymous_18)","decl":{"start":{"line":264,"column":55},"end":{"line":264,"column":null}},"loc":{"start":{"line":265,"column":8},"end":{"line":265,"column":null}}},"14":{"name":"(anonymous_19)","decl":{"start":{"line":288,"column":2},"end":{"line":288,"column":8}},"loc":{"start":{"line":297,"column":5},"end":{"line":350,"column":null}}},"15":{"name":"(anonymous_20)","decl":{"start":{"line":331,"column":55},"end":{"line":331,"column":null}},"loc":{"start":{"line":332,"column":8},"end":{"line":332,"column":null}}},"16":{"name":"(anonymous_21)","decl":{"start":{"line":355,"column":2},"end":{"line":355,"column":16}},"loc":{"start":{"line":355,"column":79},"end":{"line":397,"column":null}}},"17":{"name":"(anonymous_22)","decl":{"start":{"line":391,"column":28},"end":{"line":391,"column":39}},"loc":{"start":{"line":391,"column":39},"end":{"line":391,"column":null}}},"18":{"name":"(anonymous_23)","decl":{"start":{"line":402,"column":2},"end":{"line":402,"column":29}},"loc":{"start":{"line":402,"column":71},"end":{"line":409,"column":null}}},"19":{"name":"(anonymous_24)","decl":{"start":{"line":414,"column":2},"end":{"line":414,"column":33}},"loc":{"start":{"line":414,"column":59},"end":{"line":425,"column":null}}},"20":{"name":"(anonymous_25)","decl":{"start":{"line":430,"column":2},"end":{"line":430,"column":26}},"loc":{"start":{"line":430,"column":70},"end":{"line":448,"column":null}}},"21":{"name":"(anonymous_26)","decl":{"start":{"line":453,"column":2},"end":{"line":453,"column":32}},"loc":{"start":{"line":457,"column":4},"end":{"line":469,"column":null}}},"22":{"name":"(anonymous_27)","decl":{"start":{"line":474,"column":2},"end":{"line":474,"column":25}},"loc":{"start":{"line":483,"column":4},"end":{"line":500,"column":null}}},"23":{"name":"(anonymous_28)","decl":{"start":{"line":487,"column":65},"end":{"line":487,"column":66}},"loc":{"start":{"line":487,"column":82},"end":{"line":493,"column":14}}},"24":{"name":"(anonymous_29)","decl":{"start":{"line":505,"column":2},"end":{"line":505,"column":21}},"loc":{"start":{"line":505,"column":47},"end":{"line":513,"column":null}}},"25":{"name":"(anonymous_30)","decl":{"start":{"line":518,"column":2},"end":{"line":518,"column":20}},"loc":{"start":{"line":518,"column":20},"end":{"line":524,"column":null}}},"26":{"name":"getAIService","decl":{"start":{"line":533,"column":16},"end":{"line":533,"column":28}},"loc":{"start":{"line":533,"column":16},"end":{"line":538,"column":null}}}},"branchMap":{"0":{"loc":{"start":{"line":32,"column":16},"end":{"line":32,"column":null}},"type":"binary-expr","locations":[{"start":{"line":32,"column":16},"end":{"line":32,"column":42}},{"start":{"line":32,"column":46},"end":{"line":32,"column":null}}]},"1":{"loc":{"start":{"line":33,"column":9},"end":{"line":33,"column":null}},"type":"binary-expr","locations":[{"start":{"line":33,"column":9},"end":{"line":33,"column":29}},{"start":{"line":33,"column":33},"end":{"line":33,"column":null}}]},"2":{"loc":{"start":{"line":53,"column":4},"end":{"line":59,"column":null}},"type":"if","locations":[{"start":{"line":53,"column":4},"end":{"line":59,"column":null}},{"start":{},"end":{}}]},"3":{"loc":{"start":{"line":54,"column":6},"end":{"line":58,"column":null}},"type":"if","locations":[{"start":{"line":54,"column":6},"end":{"line":58,"column":null}},{"start":{"line":56,"column":13},"end":{"line":58,"column":null}}]},"4":{"loc":{"start":{"line":80,"column":4},"end":{"line":83,"column":null}},"type":"if","locations":[{"start":{"line":80,"column":4},"end":{"line":83,"column":null}},{"start":{},"end":{}}]},"5":{"loc":{"start":{"line":103,"column":25},"end":{"line":103,"column":56}},"type":"binary-expr","locations":[{"start":{"line":103,"column":25},"end":{"line":103,"column":54}},{"start":{"line":103,"column":54},"end":{"line":103,"column":56}}]},"6":{"loc":{"start":{"line":108,"column":4},"end":{"line":110,"column":null}},"type":"if","locations":[{"start":{"line":108,"column":4},"end":{"line":110,"column":null}},{"start":{},"end":{}}]},"7":{"loc":{"start":{"line":128,"column":6},"end":{"line":132,"column":null}},"type":"if","locations":[{"start":{"line":128,"column":6},"end":{"line":132,"column":null}},{"start":{"line":130,"column":13},"end":{"line":132,"column":null}}]},"8":{"loc":{"start":{"line":146,"column":14},"end":{"line":146,"column":51}},"type":"default-arg","locations":[{"start":{"line":146,"column":49},"end":{"line":146,"column":51}}]},"9":{"loc":{"start":{"line":163,"column":6},"end":{"line":172,"column":null}},"type":"if","locations":[{"start":{"line":163,"column":6},"end":{"line":172,"column":null}},{"start":{},"end":{}}]},"10":{"loc":{"start":{"line":163,"column":10},"end":{"line":163,"column":57}},"type":"binary-expr","locations":[{"start":{"line":163,"column":10},"end":{"line":163,"column":20}},{"start":{"line":163,"column":20},"end":{"line":163,"column":57}}]},"11":{"loc":{"start":{"line":175,"column":66},"end":{"line":175,"column":85}},"type":"binary-expr","locations":[{"start":{"line":175,"column":66},"end":{"line":175,"column":75}},{"start":{"line":175,"column":75},"end":{"line":175,"column":85}}]},"12":{"loc":{"start":{"line":177,"column":6},"end":{"line":180,"column":null}},"type":"if","locations":[{"start":{"line":177,"column":6},"end":{"line":180,"column":null}},{"start":{},"end":{}}]},"13":{"loc":{"start":{"line":184,"column":6},"end":{"line":186,"column":null}},"type":"if","locations":[{"start":{"line":184,"column":6},"end":{"line":186,"column":null}},{"start":{},"end":{}}]},"14":{"loc":{"start":{"line":198,"column":6},"end":{"line":207,"column":null}},"type":"if","locations":[{"start":{"line":198,"column":6},"end":{"line":207,"column":null}},{"start":{},"end":{}}]},"15":{"loc":{"start":{"line":235,"column":6},"end":{"line":244,"column":null}},"type":"if","locations":[{"start":{"line":235,"column":6},"end":{"line":244,"column":null}},{"start":{},"end":{}}]},"16":{"loc":{"start":{"line":235,"column":10},"end":{"line":235,"column":57}},"type":"binary-expr","locations":[{"start":{"line":235,"column":10},"end":{"line":235,"column":20}},{"start":{"line":235,"column":20},"end":{"line":235,"column":57}}]},"17":{"loc":{"start":{"line":249,"column":6},"end":{"line":252,"column":null}},"type":"if","locations":[{"start":{"line":249,"column":6},"end":{"line":252,"column":null}},{"start":{},"end":{}}]},"18":{"loc":{"start":{"line":256,"column":6},"end":{"line":258,"column":null}},"type":"if","locations":[{"start":{"line":256,"column":6},"end":{"line":258,"column":null}},{"start":{},"end":{}}]},"19":{"loc":{"start":{"line":288,"column":42},"end":{"line":288,"column":67}},"type":"default-arg","locations":[{"start":{"line":288,"column":61},"end":{"line":288,"column":67}}]},"20":{"loc":{"start":{"line":302,"column":6},"end":{"line":311,"column":null}},"type":"if","locations":[{"start":{"line":302,"column":6},"end":{"line":311,"column":null}},{"start":{},"end":{}}]},"21":{"loc":{"start":{"line":302,"column":10},"end":{"line":302,"column":57}},"type":"binary-expr","locations":[{"start":{"line":302,"column":10},"end":{"line":302,"column":20}},{"start":{"line":302,"column":20},"end":{"line":302,"column":57}}]},"22":{"loc":{"start":{"line":316,"column":6},"end":{"line":319,"column":null}},"type":"if","locations":[{"start":{"line":316,"column":6},"end":{"line":319,"column":null}},{"start":{},"end":{}}]},"23":{"loc":{"start":{"line":323,"column":6},"end":{"line":325,"column":null}},"type":"if","locations":[{"start":{"line":323,"column":6},"end":{"line":325,"column":null}},{"start":{},"end":{}}]},"24":{"loc":{"start":{"line":356,"column":4},"end":{"line":358,"column":null}},"type":"if","locations":[{"start":{"line":356,"column":4},"end":{"line":358,"column":null}},{"start":{},"end":{}}]},"25":{"loc":{"start":{"line":379,"column":8},"end":{"line":381,"column":null}},"type":"if","locations":[{"start":{"line":379,"column":8},"end":{"line":381,"column":null}},{"start":{},"end":{}}]},"26":{"loc":{"start":{"line":384,"column":15},"end":{"line":384,"column":null}},"type":"binary-expr","locations":[{"start":{"line":384,"column":15},"end":{"line":384,"column":52}},{"start":{"line":384,"column":52},"end":{"line":384,"column":null}}]},"27":{"loc":{"start":{"line":389,"column":8},"end":{"line":392,"column":null}},"type":"if","locations":[{"start":{"line":389,"column":8},"end":{"line":392,"column":null}},{"start":{},"end":{}}]},"28":{"loc":{"start":{"line":396,"column":10},"end":{"line":396,"column":null}},"type":"binary-expr","locations":[{"start":{"line":396,"column":10},"end":{"line":396,"column":23}},{"start":{"line":396,"column":23},"end":{"line":396,"column":null}}]},"29":{"loc":{"start":{"line":403,"column":29},"end":{"line":403,"column":null}},"type":"cond-expr","locations":[{"start":{"line":403,"column":37},"end":{"line":403,"column":59}},{"start":{"line":403,"column":62},"end":{"line":403,"column":null}}]},"30":{"loc":{"start":{"line":461,"column":17},"end":{"line":461,"column":68}},"type":"cond-expr","locations":[{"start":{"line":461,"column":49},"end":{"line":461,"column":63}},{"start":{"line":461,"column":66},"end":{"line":461,"column":68}}]},"31":{"loc":{"start":{"line":462,"column":15},"end":{"line":462,"column":62}},"type":"cond-expr","locations":[{"start":{"line":462,"column":45},"end":{"line":462,"column":57}},{"start":{"line":462,"column":60},"end":{"line":462,"column":62}}]},"32":{"loc":{"start":{"line":463,"column":21},"end":{"line":463,"column":80}},"type":"cond-expr","locations":[{"start":{"line":463,"column":57},"end":{"line":463,"column":75}},{"start":{"line":463,"column":78},"end":{"line":463,"column":80}}]},"33":{"loc":{"start":{"line":487,"column":16},"end":{"line":493,"column":16}},"type":"cond-expr","locations":[{"start":{"line":487,"column":47},"end":{"line":493,"column":14}},{"start":{"line":493,"column":14},"end":{"line":493,"column":16}}]},"34":{"loc":{"start":{"line":488,"column":16},"end":{"line":488,"column":null}},"type":"binary-expr","locations":[{"start":{"line":488,"column":16},"end":{"line":488,"column":26}},{"start":{"line":488,"column":30},"end":{"line":488,"column":null}}]},"35":{"loc":{"start":{"line":489,"column":19},"end":{"line":489,"column":null}},"type":"binary-expr","locations":[{"start":{"line":489,"column":19},"end":{"line":489,"column":32}},{"start":{"line":489,"column":36},"end":{"line":489,"column":null}}]},"36":{"loc":{"start":{"line":492,"column":20},"end":{"line":492,"column":null}},"type":"binary-expr","locations":[{"start":{"line":492,"column":20},"end":{"line":492,"column":34}},{"start":{"line":492,"column":38},"end":{"line":492,"column":null}}]},"37":{"loc":{"start":{"line":494,"column":15},"end":{"line":494,"column":null}},"type":"cond-expr","locations":[{"start":{"line":494,"column":50},"end":{"line":494,"column":62}},{"start":{"line":494,"column":65},"end":{"line":494,"column":null}}]},"38":{"loc":{"start":{"line":534,"column":2},"end":{"line":536,"column":null}},"type":"if","locations":[{"start":{"line":534,"column":2},"end":{"line":536,"column":null}},{"start":{},"end":{}}]}},"s":{"0":30,"1":2,"2":1,"3":1,"4":1,"5":1,"6":1,"7":46,"8":1,"9":0,"10":1,"11":45,"12":45,"13":37,"14":37,"15":8,"16":8,"17":37,"18":37,"19":8,"20":8,"21":8,"22":1,"23":1,"24":2,"25":31,"26":31,"27":31,"28":31,"29":26,"30":26,"31":26,"32":26,"33":101,"34":26,"35":1,"36":25,"37":25,"38":25,"39":1,"40":1,"41":1,"42":1,"43":2,"44":1,"45":0,"46":1,"47":31,"48":31,"49":31,"50":31,"51":31,"52":31,"53":0,"54":40,"55":40,"56":40,"57":1,"58":1,"59":39,"60":39,"61":39,"62":0,"63":0,"64":39,"65":39,"66":1,"67":38,"68":38,"69":37,"70":30,"71":30,"72":1,"73":1,"74":29,"75":29,"76":29,"77":29,"78":11,"79":11,"80":3,"81":3,"82":3,"83":0,"84":0,"85":3,"86":3,"87":3,"88":0,"89":0,"90":3,"91":3,"92":0,"93":3,"94":3,"95":3,"96":3,"97":3,"98":3,"99":3,"100":3,"101":0,"102":0,"103":5,"104":5,"105":5,"106":0,"107":0,"108":5,"109":5,"110":5,"111":0,"112":0,"113":5,"114":5,"115":0,"116":5,"117":5,"118":5,"119":4,"120":4,"121":4,"122":4,"123":4,"124":1,"125":1,"126":45,"127":1,"128":44,"129":44,"130":44,"131":45,"132":45,"133":44,"134":7,"135":37,"136":37,"137":8,"138":8,"139":8,"140":1,"141":1,"142":7,"143":43,"144":43,"145":5,"146":9,"147":3,"148":3,"149":1,"150":2,"151":2,"152":4,"153":4,"154":2,"155":1,"156":2,"157":2,"158":51,"159":51,"160":51,"161":325,"162":325,"163":325,"164":51,"165":1,"166":1,"167":2,"168":1,"169":2},"f":{"0":46,"1":37,"2":8,"3":2,"4":26,"5":101,"6":1,"7":2,"8":31,"9":0,"10":40,"11":37,"12":3,"13":3,"14":5,"15":5,"16":45,"17":1,"18":43,"19":5,"20":9,"21":3,"22":4,"23":1,"24":51,"25":1,"26":2},"b":{"0":[1,1],"1":[1,1],"2":[1,45],"3":[0,1],"4":[1,7],"5":[26,6],"6":[1,25],"7":[0,1],"8":[1],"9":[1,39],"10":[40,22],"11":[39,38],"12":[0,39],"13":[1,38],"14":[1,29],"15":[0,3],"16":[3,1],"17":[0,3],"18":[0,3],"19":[4],"20":[0,5],"21":[5,1],"22":[0,5],"23":[0,5],"24":[1,44],"25":[7,37],"26":[37,0],"27":[1,7],"28":[7,0],"29":[5,38],"30":[1,0],"31":[1,0],"32":[1,0],"33":[2,0],"34":[1,0],"35":[1,0],"36":[1,0],"37":[2,0],"38":[1,1]}}
,"D:\\Documents\\GeminiCLI-Projects\\profilebuilder\\backend\\lib\\logger.ts": {"path":"D:\\Documents\\GeminiCLI-Projects\\profilebuilder\\backend\\lib\\logger.ts","statementMap":{"0":{"start":{"line":100,"column":13},"end":{"line":100,"column":19}},"1":{"start":{"line":89,"column":16},"end":{"line":89,"column":32}},"2":{"start":{"line":215,"column":13},"end":{"line":215,"column":25}},"3":{"start":{"line":218,"column":9},"end":{"line":218,"column":15}},"4":{"start":{"line":9,"column":20},"end":{"line":9,"column":null}},"5":{"start":{"line":10,"column":29},"end":{"line":10,"column":null}},"6":{"start":{"line":13,"column":23},"end":{"line":13,"column":100}},"7":{"start":{"line":16,"column":15},"end":{"line":22,"column":null}},"8":{"start":{"line":25,"column":15},"end":{"line":31,"column":null}},"9":{"start":{"line":34,"column":0},"end":{"line":34,"column":null}},"10":{"start":{"line":37,"column":25},"end":{"line":50,"column":null}},"11":{"start":{"line":42,"column":66},"end":{"line":42,"column":null}},"12":{"start":{"line":43,"column":4},"end":{"line":49,"column":null}},"13":{"start":{"line":54,"column":22},"end":{"line":58,"column":null}},"14":{"start":{"line":58,"column":14},"end":{"line":58,"column":101}},"15":{"start":{"line":63,"column":19},"end":{"line":76,"column":null}},"16":{"start":{"line":79,"column":15},"end":{"line":84,"column":null}},"17":{"start":{"line":90,"column":16},"end":{"line":90,"column":null}},"18":{"start":{"line":91,"column":2},"end":{"line":93,"column":null}},"19":{"start":{"line":92,"column":4},"end":{"line":92,"column":null}},"20":{"start":{"line":94,"column":2},"end":{"line":94,"column":null}},"21":{"start":{"line":104,"column":4},"end":{"line":104,"column":null}},"22":{"start":{"line":111,"column":4},"end":{"line":111,"column":null}},"23":{"start":{"line":118,"column":4},"end":{"line":118,"column":null}},"24":{"start":{"line":125,"column":4},"end":{"line":125,"column":null}},"25":{"start":{"line":132,"column":4},"end":{"line":137,"column":null}},"26":{"start":{"line":144,"column":4},"end":{"line":144,"column":null}},"27":{"start":{"line":151,"column":4},"end":{"line":151,"column":null}},"28":{"start":{"line":158,"column":4},"end":{"line":158,"column":null}},"29":{"start":{"line":165,"column":4},"end":{"line":170,"column":null}},"30":{"start":{"line":177,"column":18},"end":{"line":177,"column":null}},"31":{"start":{"line":178,"column":4},"end":{"line":185,"column":null}},"32":{"start":{"line":192,"column":4},"end":{"line":198,"column":null}},"33":{"start":{"line":205,"column":4},"end":{"line":210,"column":null}},"34":{"start":{"line":215,"column":28},"end":{"line":215,"column":null}}},"fnMap":{"0":{"name":"(anonymous_6)","decl":{"start":{"line":41,"column":24},"end":{"line":41,"column":25}},"loc":{"start":{"line":41,"column":25},"end":{"line":50,"column":null}}},"1":{"name":"(anonymous_7)","decl":{"start":{"line":58,"column":4},"end":{"line":58,"column":5}},"loc":{"start":{"line":58,"column":14},"end":{"line":58,"column":101}}},"2":{"name":"getRequestLogger","decl":{"start":{"line":89,"column":16},"end":{"line":89,"column":32}},"loc":{"start":{"line":89,"column":16},"end":{"line":95,"column":null}}},"3":{"name":"(anonymous_9)","decl":{"start":{"line":103,"column":2},"end":{"line":103,"column":14}},"loc":{"start":{"line":103,"column":38},"end":{"line":105,"column":null}}},"4":{"name":"(anonymous_10)","decl":{"start":{"line":110,"column":2},"end":{"line":110,"column":19}},"loc":{"start":{"line":110,"column":37},"end":{"line":112,"column":null}}},"5":{"name":"(anonymous_11)","decl":{"start":{"line":117,"column":2},"end":{"line":117,"column":29}},"loc":{"start":{"line":117,"column":29},"end":{"line":119,"column":null}}},"6":{"name":"(anonymous_12)","decl":{"start":{"line":124,"column":2},"end":{"line":124,"column":7}},"loc":{"start":{"line":124,"column":42},"end":{"line":126,"column":null}}},"7":{"name":"(anonymous_13)","decl":{"start":{"line":131,"column":2},"end":{"line":131,"column":8}},"loc":{"start":{"line":131,"column":58},"end":{"line":138,"column":null}}},"8":{"name":"(anonymous_14)","decl":{"start":{"line":143,"column":2},"end":{"line":143,"column":7}},"loc":{"start":{"line":143,"column":42},"end":{"line":145,"column":null}}},"9":{"name":"(anonymous_15)","decl":{"start":{"line":150,"column":2},"end":{"line":150,"column":8}},"loc":{"start":{"line":150,"column":43},"end":{"line":152,"column":null}}},"10":{"name":"(anonymous_16)","decl":{"start":{"line":157,"column":2},"end":{"line":157,"column":7}},"loc":{"start":{"line":157,"column":42},"end":{"line":159,"column":null}}},"11":{"name":"(anonymous_17)","decl":{"start":{"line":164,"column":2},"end":{"line":164,"column":18}},"loc":{"start":{"line":164,"column":65},"end":{"line":171,"column":null}}},"12":{"name":"(anonymous_18)","decl":{"start":{"line":176,"column":2},"end":{"line":176,"column":16}},"loc":{"start":{"line":176,"column":101},"end":{"line":186,"column":null}}},"13":{"name":"(anonymous_19)","decl":{"start":{"line":191,"column":2},"end":{"line":191,"column":23}},"loc":{"start":{"line":191,"column":99},"end":{"line":199,"column":null}}},"14":{"name":"(anonymous_20)","decl":{"start":{"line":204,"column":2},"end":{"line":204,"column":17}},"loc":{"start":{"line":204,"column":72},"end":{"line":211,"column":null}}}},"branchMap":{"0":{"loc":{"start":{"line":13,"column":28},"end":{"line":13,"column":100}},"type":"binary-expr","locations":[{"start":{"line":13,"column":28},"end":{"line":13,"column":56}},{"start":{"line":13,"column":60},"end":{"line":13,"column":100}}]},"1":{"loc":{"start":{"line":47,"column":21},"end":{"line":47,"column":null}},"type":"binary-expr","locations":[{"start":{"line":47,"column":21},"end":{"line":47,"column":38}},{"start":{"line":47,"column":38},"end":{"line":47,"column":null}}]},"2":{"loc":{"start":{"line":58,"column":51},"end":{"line":58,"column":83}},"type":"binary-expr","locations":[{"start":{"line":58,"column":51},"end":{"line":58,"column":69}},{"start":{"line":58,"column":73},"end":{"line":58,"column":83}}]},"3":{"loc":{"start":{"line":65,"column":12},"end":{"line":65,"column":null}},"type":"cond-expr","locations":[{"start":{"line":65,"column":52},"end":{"line":65,"column":71}},{"start":{"line":65,"column":71},"end":{"line":65,"column":null}}]},"4":{"loc":{"start":{"line":80,"column":9},"end":{"line":80,"column":null}},"type":"binary-expr","locations":[{"start":{"line":80,"column":9},"end":{"line":80,"column":30}},{"start":{"line":80,"column":34},"end":{"line":80,"column":null}}]},"5":{"loc":{"start":{"line":91,"column":2},"end":{"line":93,"column":null}},"type":"if","locations":[{"start":{"line":91,"column":2},"end":{"line":93,"column":null}},{"start":{},"end":{}}]},"6":{"loc":{"start":{"line":91,"column":6},"end":{"line":91,"column":34}},"type":"binary-expr","locations":[{"start":{"line":91,"column":6},"end":{"line":91,"column":15}},{"start":{"line":91,"column":15},"end":{"line":91,"column":34}}]},"7":{"loc":{"start":{"line":104,"column":25},"end":{"line":104,"column":null}},"type":"binary-expr","locations":[{"start":{"line":104,"column":25},"end":{"line":104,"column":42}},{"start":{"line":104,"column":42},"end":{"line":104,"column":null}}]},"8":{"loc":{"start":{"line":177,"column":18},"end":{"line":177,"column":null}},"type":"cond-expr","locations":[{"start":{"line":177,"column":38},"end":{"line":177,"column":48}},{"start":{"line":177,"column":48},"end":{"line":177,"column":null}}]},"9":{"loc":{"start":{"line":177,"column":48},"end":{"line":177,"column":null}},"type":"cond-expr","locations":[{"start":{"line":177,"column":68},"end":{"line":177,"column":77}},{"start":{"line":177,"column":77},"end":{"line":177,"column":null}}]}},"s":{"0":0,"1":0,"2":13,"3":0,"4":1,"5":1,"6":1,"7":1,"8":1,"9":1,"10":1,"11":37,"12":37,"13":1,"14":1,"15":1,"16":1,"17":0,"18":0,"19":0,"20":0,"21":1,"22":0,"23":0,"24":0,"25":13,"26":0,"27":0,"28":0,"29":0,"30":0,"31":0,"32":0,"33":0,"34":1},"f":{"0":37,"1":1,"2":0,"3":1,"4":0,"5":0,"6":0,"7":13,"8":0,"9":0,"10":0,"11":0,"12":0,"13":0,"14":0},"b":{"0":[1,1],"1":[37,0],"2":[1,0],"3":[0,1],"4":[1,1],"5":[0,0],"6":[0,0],"7":[1,1],"8":[0,0],"9":[0,0]}}
}
