TN:
SF:api\v1\ai\lint\route.ts
FN:35,POST
FNF:1
FNH:1
FNDA:2,POST
DA:1,1
DA:2,1
DA:3,1
DA:4,1
DA:35,2
DA:36,2
DA:38,2
DA:40,2
DA:41,2
DA:44,2
DA:45,2
DA:52,0
DA:53,0
DA:60,0
DA:61,0
DA:68,0
DA:71,0
DA:74,0
DA:83,0
DA:88,0
DA:89,0
DA:93,2
DA:98,2
DA:99,0
DA:105,2
DA:106,0
DA:112,2
DA:113,0
DA:120,2
DA:125,0
DA:126,0
LF:31
LH:16
BRDA:41,0,0,2
BRDA:44,1,0,2
BRDA:44,1,1,0
BRDA:44,2,0,2
BRDA:44,2,1,0
BRDA:52,3,0,0
BRDA:52,3,1,0
BRDA:60,4,0,0
BRDA:60,4,1,0
BRDA:60,5,0,0
BRDA:60,5,1,0
BRDA:77,6,0,0
BRDA:77,6,1,0
BRDA:98,7,0,0
BRDA:98,7,1,2
BRDA:105,8,0,0
BRDA:105,8,1,2
BRDA:112,9,0,0
BRDA:112,9,1,2
BRF:19
BRH:6
end_of_record
TN:
SF:api\v1\ai\rewrite\route.ts
FN:24,POST
FNF:1
FNH:1
FNDA:9,POST
DA:1,1
DA:2,1
DA:3,1
DA:4,1
DA:24,9
DA:25,9
DA:27,9
DA:29,9
DA:30,9
DA:33,9
DA:34,9
DA:41,0
DA:42,0
DA:49,0
DA:50,0
DA:57,0
DA:60,0
DA:63,0
DA:70,0
DA:75,0
DA:76,0
DA:80,9
DA:85,8
DA:86,0
DA:92,8
DA:93,0
DA:99,8
DA:100,0
DA:107,8
DA:112,0
DA:113,0
LF:31
LH:16
BRDA:33,0,0,9
BRDA:33,0,1,0
BRDA:33,1,0,9
BRDA:33,1,1,0
BRDA:41,2,0,0
BRDA:41,2,1,0
BRDA:49,3,0,0
BRDA:49,3,1,0
BRDA:49,4,0,0
BRDA:49,4,1,0
BRDA:65,5,0,0
BRDA:65,5,1,0
BRDA:66,6,0,0
BRDA:66,6,1,0
BRDA:85,7,0,0
BRDA:85,7,1,8
BRDA:92,8,0,0
BRDA:92,8,1,8
BRDA:99,9,0,0
BRDA:99,9,1,8
BRF:20
BRH:5
end_of_record
TN:
SF:api\v1\ai\suggestions\route.ts
FN:27,POST
FNF:1
FNH:1
FNDA:2,POST
DA:1,1
DA:2,1
DA:3,1
DA:4,1
DA:27,2
DA:28,2
DA:30,2
DA:32,2
DA:33,2
DA:36,2
DA:37,2
DA:44,0
DA:45,0
DA:52,0
DA:55,0
DA:58,0
DA:67,0
DA:72,0
DA:73,0
DA:77,2
DA:82,2
DA:83,0
DA:89,2
DA:90,0
DA:96,2
DA:97,0
DA:104,2
DA:109,0
DA:110,0
LF:29
LH:16
BRDA:36,0,0,2
BRDA:36,0,1,0
BRDA:36,1,0,2
BRDA:36,1,1,0
BRDA:44,2,0,0
BRDA:44,2,1,0
BRDA:60,3,0,0
BRDA:60,3,1,0
BRDA:82,4,0,0
BRDA:82,4,1,2
BRDA:89,5,0,0
BRDA:89,5,1,2
BRDA:96,6,0,0
BRDA:96,6,1,2
BRF:14
BRH:5
end_of_record
TN:
SF:backend\lib\aiService.ts
FN:52,(anonymous_3)
FN:71,(anonymous_4)
FN:76,(anonymous_5)
FN:86,(anonymous_6)
FN:100,(anonymous_8)
FN:106,(anonymous_9)
FN:122,(anonymous_10)
FN:127,(anonymous_11)
FN:146,(anonymous_13)
FN:152,(anonymous_14)
FN:158,(anonymous_15)
FN:192,(anonymous_16)
FN:226,(anonymous_17)
FN:264,(anonymous_18)
FN:288,(anonymous_19)
FN:331,(anonymous_20)
FN:355,(anonymous_21)
FN:391,(anonymous_22)
FN:402,(anonymous_23)
FN:414,(anonymous_24)
FN:430,(anonymous_25)
FN:453,(anonymous_26)
FN:474,(anonymous_27)
FN:487,(anonymous_28)
FN:505,(anonymous_29)
FN:518,(anonymous_30)
FN:533,getAIService
FNF:27
FNH:26
FNDA:46,(anonymous_3)
FNDA:37,(anonymous_4)
FNDA:8,(anonymous_5)
FNDA:2,(anonymous_6)
FNDA:26,(anonymous_8)
FNDA:101,(anonymous_9)
FNDA:1,(anonymous_10)
FNDA:2,(anonymous_11)
FNDA:31,(anonymous_13)
FNDA:0,(anonymous_14)
FNDA:40,(anonymous_15)
FNDA:37,(anonymous_16)
FNDA:3,(anonymous_17)
FNDA:3,(anonymous_18)
FNDA:5,(anonymous_19)
FNDA:5,(anonymous_20)
FNDA:45,(anonymous_21)
FNDA:1,(anonymous_22)
FNDA:43,(anonymous_23)
FNDA:5,(anonymous_24)
FNDA:9,(anonymous_25)
FNDA:3,(anonymous_26)
FNDA:4,(anonymous_27)
FNDA:1,(anonymous_28)
FNDA:51,(anonymous_29)
FNDA:1,(anonymous_30)
FNDA:2,getAIService
DA:12,1
DA:13,1
DA:14,1
DA:15,1
DA:31,1
DA:43,31
DA:44,31
DA:45,31
DA:46,31
DA:53,46
DA:54,1
DA:55,0
DA:57,1
DA:61,45
DA:62,45
DA:63,37
DA:64,37
DA:66,8
DA:67,8
DA:72,37
DA:73,37
DA:77,8
DA:78,8
DA:80,8
DA:81,1
DA:82,1
DA:87,2
DA:95,31
DA:101,26
DA:102,26
DA:103,26
DA:106,101
DA:108,26
DA:109,1
DA:113,25
DA:114,25
DA:116,25
DA:123,1
DA:124,1
DA:126,1
DA:127,2
DA:128,1
DA:129,0
DA:131,1
DA:140,30
DA:144,31
DA:147,31
DA:148,31
DA:149,31
DA:152,31
DA:159,40
DA:161,40
DA:163,40
DA:164,1
DA:171,1
DA:175,39
DA:176,39
DA:177,39
DA:178,0
DA:179,0
DA:183,39
DA:184,39
DA:185,1
DA:189,38
DA:192,38
DA:193,37
DA:197,30
DA:198,30
DA:199,1
DA:206,1
DA:210,29
DA:213,29
DA:214,29
DA:216,29
DA:218,11
DA:219,11
DA:231,3
DA:233,3
DA:235,3
DA:236,0
DA:243,0
DA:247,3
DA:248,3
DA:249,3
DA:250,0
DA:251,0
DA:255,3
DA:256,3
DA:257,0
DA:261,3
DA:264,3
DA:265,3
DA:269,3
DA:272,3
DA:275,3
DA:276,3
DA:278,3
DA:280,0
DA:281,0
DA:298,5
DA:300,5
DA:302,5
DA:303,0
DA:310,0
DA:314,5
DA:315,5
DA:316,5
DA:317,0
DA:318,0
DA:322,5
DA:323,5
DA:324,0
DA:328,5
DA:331,5
DA:332,5
DA:336,4
DA:339,4
DA:342,4
DA:343,4
DA:345,4
DA:347,1
DA:348,1
DA:356,45
DA:357,1
DA:360,44
DA:362,44
DA:363,45
DA:364,45
DA:379,44
DA:380,7
DA:383,37
DA:384,37
DA:386,8
DA:387,8
DA:389,8
DA:391,1
DA:396,7
DA:403,43
DA:404,43
DA:415,5
DA:431,9
DA:458,3
DA:459,3
DA:460,1
DA:466,2
DA:467,2
DA:484,4
DA:485,4
DA:486,2
DA:487,1
DA:497,2
DA:498,2
DA:506,51
DA:507,51
DA:508,325
DA:509,325
DA:510,325
DA:512,51
DA:519,1
DA:528,1
DA:533,2
DA:534,2
DA:535,1
DA:537,2
LF:164
LH:148
BRDA:32,0,0,1
BRDA:32,0,1,1
BRDA:33,1,0,1
BRDA:33,1,1,1
BRDA:53,2,0,1
BRDA:53,2,1,45
BRDA:54,3,0,0
BRDA:54,3,1,1
BRDA:80,4,0,1
BRDA:80,4,1,7
BRDA:103,5,0,26
BRDA:103,5,1,6
BRDA:108,6,0,1
BRDA:108,6,1,25
BRDA:128,7,0,0
BRDA:128,7,1,1
BRDA:146,8,0,1
BRDA:163,9,0,1
BRDA:163,9,1,39
BRDA:163,10,0,40
BRDA:163,10,1,22
BRDA:175,11,0,39
BRDA:175,11,1,38
BRDA:177,12,0,0
BRDA:177,12,1,39
BRDA:184,13,0,1
BRDA:184,13,1,38
BRDA:198,14,0,1
BRDA:198,14,1,29
BRDA:235,15,0,0
BRDA:235,15,1,3
BRDA:235,16,0,3
BRDA:235,16,1,1
BRDA:249,17,0,0
BRDA:249,17,1,3
BRDA:256,18,0,0
BRDA:256,18,1,3
BRDA:288,19,0,4
BRDA:302,20,0,0
BRDA:302,20,1,5
BRDA:302,21,0,5
BRDA:302,21,1,1
BRDA:316,22,0,0
BRDA:316,22,1,5
BRDA:323,23,0,0
BRDA:323,23,1,5
BRDA:356,24,0,1
BRDA:356,24,1,44
BRDA:379,25,0,7
BRDA:379,25,1,37
BRDA:384,26,0,37
BRDA:384,26,1,0
BRDA:389,27,0,1
BRDA:389,27,1,7
BRDA:396,28,0,7
BRDA:396,28,1,0
BRDA:403,29,0,5
BRDA:403,29,1,38
BRDA:461,30,0,1
BRDA:461,30,1,0
BRDA:462,31,0,1
BRDA:462,31,1,0
BRDA:463,32,0,1
BRDA:463,32,1,0
BRDA:487,33,0,2
BRDA:487,33,1,0
BRDA:488,34,0,1
BRDA:488,34,1,0
BRDA:489,35,0,1
BRDA:489,35,1,0
BRDA:492,36,0,1
BRDA:492,36,1,0
BRDA:494,37,0,2
BRDA:494,37,1,0
BRDA:534,38,0,1
BRDA:534,38,1,1
BRF:76
BRH:57
end_of_record
TN:
SF:backend\lib\logger.ts
FN:41,(anonymous_6)
FN:58,(anonymous_7)
FN:89,getRequestLogger
FN:103,(anonymous_9)
FN:110,(anonymous_10)
FN:117,(anonymous_11)
FN:124,(anonymous_12)
FN:131,(anonymous_13)
FN:143,(anonymous_14)
FN:150,(anonymous_15)
FN:157,(anonymous_16)
FN:164,(anonymous_17)
FN:176,(anonymous_18)
FN:191,(anonymous_19)
FN:204,(anonymous_20)
FNF:15
FNH:4
FNDA:37,(anonymous_6)
FNDA:1,(anonymous_7)
FNDA:0,getRequestLogger
FNDA:1,(anonymous_9)
FNDA:0,(anonymous_10)
FNDA:0,(anonymous_11)
FNDA:0,(anonymous_12)
FNDA:13,(anonymous_13)
FNDA:0,(anonymous_14)
FNDA:0,(anonymous_15)
FNDA:0,(anonymous_16)
FNDA:0,(anonymous_17)
FNDA:0,(anonymous_18)
FNDA:0,(anonymous_19)
FNDA:0,(anonymous_20)
DA:9,1
DA:10,1
DA:13,1
DA:16,1
DA:25,1
DA:34,1
DA:37,1
DA:42,37
DA:43,37
DA:54,1
DA:58,1
DA:63,1
DA:79,1
DA:89,0
DA:90,0
DA:91,0
DA:92,0
DA:94,0
DA:100,0
DA:104,1
DA:111,0
DA:118,0
DA:125,0
DA:132,13
DA:144,0
DA:151,0
DA:158,0
DA:165,0
DA:177,0
DA:178,0
DA:192,0
DA:205,0
DA:215,13
DA:218,0
LF:34
LH:16
BRDA:13,0,0,1
BRDA:13,0,1,1
BRDA:47,1,0,37
BRDA:47,1,1,0
BRDA:58,2,0,1
BRDA:58,2,1,0
BRDA:65,3,0,0
BRDA:65,3,1,1
BRDA:80,4,0,1
BRDA:80,4,1,1
BRDA:91,5,0,0
BRDA:91,5,1,0
BRDA:91,6,0,0
BRDA:91,6,1,0
BRDA:104,7,0,1
BRDA:104,7,1,1
BRDA:177,8,0,0
BRDA:177,8,1,0
BRDA:177,9,0,0
BRDA:177,9,1,0
BRF:20
BRH:9
end_of_record
